{"meta": {"format": 3, "version": "7.13.2", "timestamp": "2026-01-27T15:06:16.186149", "branch_coverage": false, "show_contexts": false}, "files": {"app/agents/cv_analyzer_agent_legacy.py": {"executed_lines": [7, 8, 9, 10, 11, 12, 13, 14, 15, 17, 20, 21, 24, 27, 34, 44, 46, 57, 69, 87, 107, 155, 197, 238, 274], "summary": {"covered_lines": 25, "num_statements": 97, "percent_covered": 25.77319587628866, "percent_covered_display": "26", "missing_lines": 72, "excluded_lines": 0, "percent_statements_covered": 25.77319587628866, "percent_statements_covered_display": "26"}, "missing_lines": [49, 50, 51, 52, 53, 54, 61, 63, 64, 65, 66, 74, 75, 76, 78, 80, 81, 82, 84, 160, 161, 164, 165, 178, 179, 180, 182, 184, 185, 190, 191, 202, 203, 206, 207, 220, 221, 222, 224, 226, 227, 231, 232, 243, 244, 246, 247, 261, 263, 264, 279, 281, 282, 283, 285, 286, 287, 290, 292, 294, 295, 296, 298, 314, 317, 319, 320, 321, 323, 324, 342, 344], "excluded_lines": [], "functions": {"get_marker_models": {"executed_lines": [], "summary": {"covered_lines": 0, "num_statements": 6, "percent_covered": 0.0, "percent_covered_display": "0", "missing_lines": 6, "excluded_lines": 0, "percent_statements_covered": 0.0, "percent_statements_covered_display": "0"}, "missing_lines": [49, 50, 51, 52, 53, 54], "excluded_lines": [], "start_line": 46}, "extract_text_from_pdf_marker": {"executed_lines": [], "summary": {"covered_lines": 0, "num_statements": 5, "percent_covered": 0.0, "percent_covered_display": "0", "missing_lines": 5, "excluded_lines": 0, "percent_statements_covered": 0.0, "percent_statements_covered_display": "0"}, "missing_lines": [61, 63, 64, 65, 66], "excluded_lines": [], "start_line": 57}, "extract_text_from_pdf_bytes": {"executed_lines": [], "summary": {"covered_lines": 0, "num_statements": 8, "percent_covered": 0.0, "percent_covered_display": "0", "missing_lines": 8, "excluded_lines": 0, "percent_statements_covered": 0.0, "percent_statements_covered_display": "0"}, "missing_lines": [74, 75, 76, 78, 80, 81, 82, 84], "excluded_lines": [], "start_line": 69}, "analyze_cv_with_job": {"executed_lines": [], "summary": {"covered_lines": 0, "num_statements": 12, "percent_covered": 0.0, "percent_covered_display": "0", "missing_lines": 12, "excluded_lines": 0, "percent_statements_covered": 0.0, "percent_statements_covered_display": "0"}, "missing_lines": [160, 161, 164, 165, 178, 179, 180, 182, 184, 185, 190, 191], "excluded_lines": [], "start_line": 155}, "analyze_cv_ats": {"executed_lines": [], "summary": {"covered_lines": 0, "num_statements": 12, "percent_covered": 0.0, "percent_covered_display": "0", "missing_lines": 12, "excluded_lines": 0, "percent_statements_covered": 0.0, "percent_statements_covered_display": "0"}, "missing_lines": [202, 203, 206, 207, 220, 221, 222, 224, 226, 227, 231, 232], "excluded_lines": [], "start_line": 197}, "extract_cv_info": {"executed_lines": [], "summary": {"covered_lines": 0, "num_statements": 7, "percent_covered": 0.0, "percent_covered_display": "0", "missing_lines": 7, "excluded_lines": 0, "percent_statements_covered": 0.0, "percent_statements_covered_display": "0"}, "missing_lines": [243, 244, 246, 247, 261, 263, 264], "excluded_lines": [], "start_line": 238}, "matchmaker_node_enhanced": {"executed_lines": [], "summary": {"covered_lines": 0, "num_statements": 22, "percent_covered": 0.0, "percent_covered_display": "0", "missing_lines": 22, "excluded_lines": 0, "percent_statements_covered": 0.0, "percent_statements_covered_display": "0"}, "missing_lines": [279, 281, 282, 283, 285, 286, 287, 290, 292, 294, 295, 296, 298, 314, 317, 319, 320, 321, 323, 324, 342, 344], "excluded_lines": [], "start_line": 274}, "": {"executed_lines": [7, 8, 9, 10, 11, 12, 13, 14, 15, 17, 20, 21, 24, 27, 34, 44, 46, 57, 69, 87, 107, 155, 197, 238, 274], "summary": {"covered_lines": 25, "num_statements": 25, "percent_covered": 100.0, "percent_covered_display": "100", "missing_lines": 0, "excluded_lines": 0, "percent_statements_covered": 100.0, "percent_statements_covered_display": "100"}, "missing_lines": [], "excluded_lines": [], "start_line": 1}}, "classes": {"": {"executed_lines": [7, 8, 9, 10, 11, 12, 13, 14, 15, 17, 20, 21, 24, 27, 34, 44, 46, 57, 69, 87, 107, 155, 197, 238, 274], "summary": {"covered_lines": 25, "num_statements": 97, "percent_covered": 25.77319587628866, "percent_covered_display": "26", "missing_lines": 72, "excluded_lines": 0, "percent_statements_covered": 25.77319587628866, "percent_statements_covered_display": "26"}, "missing_lines": [49, 50, 51, 52, 53, 54, 61, 63, 64, 65, 66, 74, 75, 76, 78, 80, 81, 82, 84, 160, 161, 164, 165, 178, 179, 180, 182, 184, 185, 190, 191, 202, 203, 206, 207, 220, 221, 222, 224, 226, 227, 231, 232, 243, 244, 246, 247, 261, 263, 264, 279, 281, 282, 283, 285, 286, 287, 290, 292, 294, 295, 296, 298, 314, 317, 319, 320, 321, 323, 324, 342, 344], "excluded_lines": [], "start_line": 1}}}, "app/agents/cv_router.py": {"executed_lines": [11, 12, 14, 17, 20, 37, 71, 85, 108], "summary": {"covered_lines": 9, "num_statements": 32, "percent_covered": 28.125, "percent_covered_display": "28", "missing_lines": 23, "excluded_lines": 0, "percent_statements_covered": 28.125, "percent_statements_covered_display": "28"}, "missing_lines": [27, 28, 29, 30, 32, 33, 34, 53, 55, 57, 64, 81, 82, 95, 97, 98, 101, 102, 119, 121, 122, 125, 126], "excluded_lines": [], "functions": {"get_cv_agent": {"executed_lines": [], "summary": {"covered_lines": 0, "num_statements": 7, "percent_covered": 0.0, "percent_covered_display": "0", "missing_lines": 7, "excluded_lines": 0, "percent_statements_covered": 0.0, "percent_statements_covered_display": "0"}, "missing_lines": [27, 28, 29, 30, 32, 33, 34], "excluded_lines": [], "start_line": 20}, "analyze_cv": {"executed_lines": [], "summary": {"covered_lines": 0, "num_statements": 4, "percent_covered": 0.0, "percent_covered_display": "0", "missing_lines": 4, "excluded_lines": 0, "percent_statements_covered": 0.0, "percent_statements_covered_display": "0"}, "missing_lines": [53, 55, 57, 64], "excluded_lines": [], "start_line": 37}, "extract_text_from_pdf": {"executed_lines": [], "summary": {"covered_lines": 0, "num_statements": 2, "percent_covered": 0.0, "percent_covered_display": "0", "missing_lines": 2, "excluded_lines": 0, "percent_statements_covered": 0.0, "percent_statements_covered_display": "0"}, "missing_lines": [81, 82], "excluded_lines": [], "start_line": 71}, "analyze_ats_only": {"executed_lines": [], "summary": {"covered_lines": 0, "num_statements": 5, "percent_covered": 0.0, "percent_covered_display": "0", "missing_lines": 5, "excluded_lines": 0, "percent_statements_covered": 0.0, "percent_statements_covered_display": "0"}, "missing_lines": [95, 97, 98, 101, 102], "excluded_lines": [], "start_line": 85}, "match_with_job": {"executed_lines": [], "summary": {"covered_lines": 0, "num_statements": 5, "percent_covered": 0.0, "percent_covered_display": "0", "missing_lines": 5, "excluded_lines": 0, "percent_statements_covered": 0.0, "percent_statements_covered_display": "0"}, "missing_lines": [119, 121, 122, 125, 126], "excluded_lines": [], "start_line": 108}, "": {"executed_lines": [11, 12, 14, 17, 20, 37, 71, 85, 108], "summary": {"covered_lines": 9, "num_statements": 9, "percent_covered": 100.0, "percent_covered_display": "100", "missing_lines": 0, "excluded_lines": 0, "percent_statements_covered": 100.0, "percent_statements_covered_display": "100"}, "missing_lines": [], "excluded_lines": [], "start_line": 1}}, "classes": {"": {"executed_lines": [11, 12, 14, 17, 20, 37, 71, 85, 108], "summary": {"covered_lines": 9, "num_statements": 32, "percent_covered": 28.125, "percent_covered_display": "28", "missing_lines": 23, "excluded_lines": 0, "percent_statements_covered": 28.125, "percent_statements_covered_display": "28"}, "missing_lines": [27, 28, 29, 30, 32, 33, 34, 53, 55, 57, 64, 81, 82, 95, 97, 98, 101, 102, 119, 121, 122, 125, 126], "excluded_lines": [], "start_line": 1}}}, "app/agents/optimized_nodes.py": {"executed_lines": [12, 13, 14, 15, 16, 17, 18, 19, 20, 21, 23, 24, 30, 32, 35, 43, 55, 75, 120, 130, 221, 226, 303, 309, 329, 375], "summary": {"covered_lines": 26, "num_statements": 150, "percent_covered": 17.333333333333332, "percent_covered_display": "17", "missing_lines": 124, "excluded_lines": 0, "percent_statements_covered": 17.333333333333332, "percent_statements_covered_display": "17"}, "missing_lines": [80, 81, 82, 84, 87, 93, 94, 95, 97, 99, 100, 101, 102, 104, 105, 106, 108, 110, 112, 113, 114, 134, 135, 136, 138, 139, 142, 147, 148, 149, 151, 152, 153, 154, 155, 156, 157, 160, 161, 162, 163, 165, 166, 167, 169, 172, 173, 174, 176, 178, 179, 181, 182, 185, 186, 187, 188, 191, 192, 193, 194, 196, 197, 199, 201, 210, 211, 212, 230, 231, 232, 234, 235, 237, 242, 243, 244, 246, 247, 248, 249, 250, 252, 253, 254, 256, 259, 260, 262, 263, 264, 265, 266, 268, 274, 275, 277, 278, 280, 281, 282, 283, 285, 292, 293, 294, 333, 334, 336, 337, 338, 340, 343, 344, 346, 353, 358, 363, 364, 365, 366, 379, 381, 403], "excluded_lines": [], "functions": {"supervisor_node": {"executed_lines": [], "summary": {"covered_lines": 0, "num_statements": 21, "percent_covered": 0.0, "percent_covered_display": "0", "missing_lines": 21, "excluded_lines": 0, "percent_statements_covered": 0.0, "percent_statements_covered_display": "0"}, "missing_lines": [80, 81, 82, 84, 87, 93, 94, 95, 97, 99, 100, 101, 102, 104, 105, 106, 108, 110, 112, 113, 114], "excluded_lines": [], "start_line": 75}, "job_scout_node": {"executed_lines": [], "summary": {"covered_lines": 0, "num_statements": 47, "percent_covered": 0.0, "percent_covered_display": "0", "missing_lines": 47, "excluded_lines": 0, "percent_statements_covered": 0.0, "percent_statements_covered_display": "0"}, "missing_lines": [134, 135, 136, 138, 139, 142, 147, 148, 149, 151, 152, 153, 154, 155, 156, 157, 160, 161, 162, 163, 165, 166, 167, 169, 172, 173, 174, 176, 178, 179, 181, 182, 185, 186, 187, 188, 191, 192, 193, 194, 196, 197, 199, 201, 210, 211, 212], "excluded_lines": [], "start_line": 130}, "detective_node": {"executed_lines": [], "summary": {"covered_lines": 0, "num_statements": 38, "percent_covered": 0.0, "percent_covered_display": "0", "missing_lines": 38, "excluded_lines": 0, "percent_statements_covered": 0.0, "percent_statements_covered_display": "0"}, "missing_lines": [230, 231, 232, 234, 235, 237, 242, 243, 244, 246, 247, 248, 249, 250, 252, 253, 254, 256, 259, 260, 262, 263, 264, 265, 266, 268, 274, 275, 277, 278, 280, 281, 282, 283, 285, 292, 293, 294], "excluded_lines": [], "start_line": 226}, "career_coach_node": {"executed_lines": [], "summary": {"covered_lines": 0, "num_statements": 15, "percent_covered": 0.0, "percent_covered_display": "0", "missing_lines": 15, "excluded_lines": 0, "percent_statements_covered": 0.0, "percent_statements_covered_display": "0"}, "missing_lines": [333, 334, 336, 337, 338, 340, 343, 344, 346, 353, 358, 363, 364, 365, 366], "excluded_lines": [], "start_line": 329}, "security_guard_node": {"executed_lines": [], "summary": {"covered_lines": 0, "num_statements": 3, "percent_covered": 0.0, "percent_covered_display": "0", "missing_lines": 3, "excluded_lines": 0, "percent_statements_covered": 0.0, "percent_statements_covered_display": "0"}, "missing_lines": [379, 381, 403], "excluded_lines": [], "start_line": 375}, "": {"executed_lines": [12, 13, 14, 15, 16, 17, 18, 19, 20, 21, 23, 24, 30, 32, 35, 43, 55, 75, 120, 130, 221, 226, 303, 309, 329, 375], "summary": {"covered_lines": 26, "num_statements": 26, "percent_covered": 100.0, "percent_covered_display": "100", "missing_lines": 0, "excluded_lines": 0, "percent_statements_covered": 100.0, "percent_statements_covered_display": "100"}, "missing_lines": [], "excluded_lines": [], "start_line": 1}}, "classes": {"": {"executed_lines": [12, 13, 14, 15, 16, 17, 18, 19, 20, 21, 23, 24, 30, 32, 35, 43, 55, 75, 120, 130, 221, 226, 303, 309, 329, 375], "summary": {"covered_lines": 26, "num_statements": 150, "percent_covered": 17.333333333333332, "percent_covered_display": "17", "missing_lines": 124, "excluded_lines": 0, "percent_statements_covered": 17.333333333333332, "percent_statements_covered_display": "17"}, "missing_lines": [80, 81, 82, 84, 87, 93, 94, 95, 97, 99, 100, 101, 102, 104, 105, 106, 108, 110, 112, 113, 114, 134, 135, 136, 138, 139, 142, 147, 148, 149, 151, 152, 153, 154, 155, 156, 157, 160, 161, 162, 163, 165, 166, 167, 169, 172, 173, 174, 176, 178, 179, 181, 182, 185, 186, 187, 188, 191, 192, 193, 194, 196, 197, 199, 201, 210, 211, 212, 230, 231, 232, 234, 235, 237, 242, 243, 244, 246, 247, 248, 249, 250, 252, 253, 254, 256, 259, 260, 262, 263, 264, 265, 266, 268, 274, 275, 277, 278, 280, 281, 282, 283, 285, 292, 293, 294, 333, 334, 336, 337, 338, 340, 343, 344, 346, 353, 358, 363, 364, 365, 366, 379, 381, 403], "excluded_lines": [], "start_line": 1}}}, "app/database.py": {"executed_lines": [15, 16, 17, 18, 19, 20, 22, 25, 28, 44, 45, 46, 50, 52, 53, 63, 65, 81, 90, 92, 94, 95, 100, 106, 114, 115, 116, 117, 126, 129, 130, 146, 147, 152, 153, 156, 181, 182, 184, 185, 188, 189, 190, 191, 192, 195, 197, 224, 225, 226, 229, 240, 265, 300, 329], "summary": {"covered_lines": 55, "num_statements": 126, "percent_covered": 43.65079365079365, "percent_covered_display": "44", "missing_lines": 71, "excluded_lines": 0, "percent_statements_covered": 43.65079365079365, "percent_statements_covered_display": "44"}, "missing_lines": [72, 73, 78, 97, 101, 103, 118, 119, 124, 206, 207, 212, 234, 235, 236, 237, 245, 246, 247, 249, 250, 251, 252, 256, 257, 258, 259, 260, 262, 270, 271, 273, 274, 275, 277, 278, 279, 280, 281, 288, 289, 290, 292, 307, 308, 309, 311, 317, 318, 319, 321, 322, 323, 324, 325, 326, 336, 343, 344, 345, 346, 348, 349, 351, 363, 376, 386, 387, 388, 389, 391], "excluded_lines": [], "functions": {"init_connection_pool_async": {"executed_lines": [44, 45, 46, 50, 52, 53, 63, 65], "summary": {"covered_lines": 8, "num_statements": 11, "percent_covered": 72.72727272727273, "percent_covered_display": "73", "missing_lines": 3, "excluded_lines": 0, "percent_statements_covered": 72.72727272727273, "percent_statements_covered_display": "73"}, "missing_lines": [72, 73, 78], "excluded_lines": [], "start_line": 28}, "init_connection_pool": {"executed_lines": [90, 92, 94, 95, 100], "summary": {"covered_lines": 5, "num_statements": 8, "percent_covered": 62.5, "percent_covered_display": "62", "missing_lines": 3, "excluded_lines": 0, "percent_statements_covered": 62.5, "percent_statements_covered_display": "62"}, "missing_lines": [97, 101, 103], "excluded_lines": [], "start_line": 81}, "close_connection_pool": {"executed_lines": [114, 115, 116, 117, 126], "summary": {"covered_lines": 5, "num_statements": 8, "percent_covered": 62.5, "percent_covered_display": "62", "missing_lines": 3, "excluded_lines": 0, "percent_statements_covered": 62.5, "percent_statements_covered_display": "62"}, "missing_lines": [118, 119, 124], "excluded_lines": [], "start_line": 106}, "get_db": {"executed_lines": [146, 147, 152, 153], "summary": {"covered_lines": 4, "num_statements": 4, "percent_covered": 100.0, "percent_covered_display": "100", "missing_lines": 0, "excluded_lines": 0, "percent_statements_covered": 100.0, "percent_statements_covered_display": "100"}, "missing_lines": [], "excluded_lines": [], "start_line": 130}, "get_pool_stats": {"executed_lines": [181, 182, 184, 185, 188, 189, 190, 191, 192, 195, 197], "summary": {"covered_lines": 11, "num_statements": 14, "percent_covered": 78.57142857142857, "percent_covered_display": "79", "missing_lines": 3, "excluded_lines": 0, "percent_statements_covered": 78.57142857142857, "percent_statements_covered_display": "79"}, "missing_lines": [206, 207, 212], "excluded_lines": [], "start_line": 156}, "normalize_search_key": {"executed_lines": [], "summary": {"covered_lines": 0, "num_statements": 4, "percent_covered": 0.0, "percent_covered_display": "0", "missing_lines": 4, "excluded_lines": 0, "percent_statements_covered": 0.0, "percent_statements_covered_display": "0"}, "missing_lines": [234, 235, 236, 237], "excluded_lines": [], "start_line": 229}, "check_job_cache": {"executed_lines": [], "summary": {"covered_lines": 0, "num_statements": 13, "percent_covered": 0.0, "percent_covered_display": "0", "missing_lines": 13, "excluded_lines": 0, "percent_statements_covered": 0.0, "percent_statements_covered_display": "0"}, "missing_lines": [245, 246, 247, 249, 250, 251, 252, 256, 257, 258, 259, 260, 262], "excluded_lines": [], "start_line": 240}, "save_job_cache": {"executed_lines": [], "summary": {"covered_lines": 0, "num_statements": 14, "percent_covered": 0.0, "percent_covered_display": "0", "missing_lines": 14, "excluded_lines": 0, "percent_statements_covered": 0.0, "percent_statements_covered_display": "0"}, "missing_lines": [270, 271, 273, 274, 275, 277, 278, 279, 280, 281, 288, 289, 290, 292], "excluded_lines": [], "start_line": 265}, "get_db_connection": {"executed_lines": [], "summary": {"covered_lines": 0, "num_statements": 13, "percent_covered": 0.0, "percent_covered_display": "0", "missing_lines": 13, "excluded_lines": 0, "percent_statements_covered": 0.0, "percent_statements_covered_display": "0"}, "missing_lines": [307, 308, 309, 311, 317, 318, 319, 321, 322, 323, 324, 325, 326], "excluded_lines": [], "start_line": 300}, "init_db": {"executed_lines": [], "summary": {"covered_lines": 0, "num_statements": 15, "percent_covered": 0.0, "percent_covered_display": "0", "missing_lines": 15, "excluded_lines": 0, "percent_statements_covered": 0.0, "percent_statements_covered_display": "0"}, "missing_lines": [336, 343, 344, 345, 346, 348, 349, 351, 363, 376, 386, 387, 388, 389, 391], "excluded_lines": [], "start_line": 329}, "": {"executed_lines": [15, 16, 17, 18, 19, 20, 22, 25, 28, 81, 106, 129, 130, 156, 224, 225, 226, 229, 240, 265, 300, 329], "summary": {"covered_lines": 22, "num_statements": 22, "percent_covered": 100.0, "percent_covered_display": "100", "missing_lines": 0, "excluded_lines": 0, "percent_statements_covered": 100.0, "percent_statements_covered_display": "100"}, "missing_lines": [], "excluded_lines": [], "start_line": 1}}, "classes": {"": {"executed_lines": [15, 16, 17, 18, 19, 20, 22, 25, 28, 44, 45, 46, 50, 52, 53, 63, 65, 81, 90, 92, 94, 95, 100, 106, 114, 115, 116, 117, 126, 129, 130, 146, 147, 152, 153, 156, 181, 182, 184, 185, 188, 189, 190, 191, 192, 195, 197, 224, 225, 226, 229, 240, 265, 300, 329], "summary": {"covered_lines": 55, "num_statements": 126, "percent_covered": 43.65079365079365, "percent_covered_display": "44", "missing_lines": 71, "excluded_lines": 0, "percent_statements_covered": 43.65079365079365, "percent_statements_covered_display": "44"}, "missing_lines": [72, 73, 78, 97, 101, 103, 118, 119, 124, 206, 207, 212, 234, 235, 236, 237, 245, 246, 247, 249, 250, 251, 252, 256, 257, 258, 259, 260, 262, 270, 271, 273, 274, 275, 277, 278, 279, 280, 281, 288, 289, 290, 292, 307, 308, 309, 311, 317, 318, 319, 321, 322, 323, 324, 325, 326, 336, 343, 344, 345, 346, 348, 349, 351, 363, 376, 386, 387, 388, 389, 391], "excluded_lines": [], "start_line": 1}}}, "app/geo_api.py": {"executed_lines": [5, 6, 7, 8, 10, 14, 36, 37, 80, 109, 120], "summary": {"covered_lines": 11, "num_statements": 42, "percent_covered": 26.19047619047619, "percent_covered_display": "26", "missing_lines": 31, "excluded_lines": 0, "percent_statements_covered": 26.19047619047619, "percent_statements_covered_display": "26"}, "missing_lines": [42, 43, 44, 45, 46, 48, 49, 50, 51, 54, 56, 65, 66, 68, 69, 71, 84, 85, 86, 91, 92, 94, 95, 96, 98, 100, 101, 103, 104, 105, 122], "excluded_lines": [], "functions": {"get_all_countries": {"executed_lines": [], "summary": {"covered_lines": 0, "num_statements": 16, "percent_covered": 0.0, "percent_covered_display": "0", "missing_lines": 16, "excluded_lines": 0, "percent_statements_covered": 0.0, "percent_statements_covered_display": "0"}, "missing_lines": [42, 43, 44, 45, 46, 48, 49, 50, 51, 54, 56, 65, 66, 68, 69, 71], "excluded_lines": [], "start_line": 37}, "get_cities_by_country": {"executed_lines": [], "summary": {"covered_lines": 0, "num_statements": 14, "percent_covered": 0.0, "percent_covered_display": "0", "missing_lines": 14, "excluded_lines": 0, "percent_statements_covered": 0.0, "percent_statements_covered_display": "0"}, "missing_lines": [84, 85, 86, 91, 92, 94, 95, 96, 98, 100, 101, 103, 104, 105], "excluded_lines": [], "start_line": 80}, "get_contract_types": {"executed_lines": [], "summary": {"covered_lines": 0, "num_statements": 1, "percent_covered": 0.0, "percent_covered_display": "0", "missing_lines": 1, "excluded_lines": 0, "percent_statements_covered": 0.0, "percent_statements_covered_display": "0"}, "missing_lines": [122], "excluded_lines": [], "start_line": 120}, "": {"executed_lines": [5, 6, 7, 8, 10, 14, 36, 37, 80, 109, 120], "summary": {"covered_lines": 11, "num_statements": 11, "percent_covered": 100.0, "percent_covered_display": "100", "missing_lines": 0, "excluded_lines": 0, "percent_statements_covered": 100.0, "percent_statements_covered_display": "100"}, "missing_lines": [], "excluded_lines": [], "start_line": 1}}, "classes": {"": {"executed_lines": [5, 6, 7, 8, 10, 14, 36, 37, 80, 109, 120], "summary": {"covered_lines": 11, "num_statements": 42, "percent_covered": 26.19047619047619, "percent_covered_display": "26", "missing_lines": 31, "excluded_lines": 0, "percent_statements_covered": 26.19047619047619, "percent_statements_covered_display": "26"}, "missing_lines": [42, 43, 44, 45, 46, 48, 49, 50, 51, 54, 56, 65, 66, 68, 69, 71, 84, 85, 86, 91, 92, 94, 95, 96, 98, 100, 101, 103, 104, 105, 122], "excluded_lines": [], "start_line": 1}}}, "app/graph/builder.py": {"executed_lines": [11, 12, 13, 21, 23, 26, 49, 52, 53, 54, 55, 56, 57, 60, 63, 80, 93, 94, 95, 96, 97, 99, 100, 104], "summary": {"covered_lines": 24, "num_statements": 29, "percent_covered": 82.75862068965517, "percent_covered_display": "83", "missing_lines": 5, "excluded_lines": 0, "percent_statements_covered": 82.75862068965517, "percent_statements_covered_display": "83"}, "missing_lines": [65, 67, 75, 76, 77], "excluded_lines": [], "functions": {"build_huntzen_graph": {"executed_lines": [49, 52, 53, 54, 55, 56, 57, 60, 63, 80, 93, 94, 95, 96, 97, 99, 100], "summary": {"covered_lines": 17, "num_statements": 17, "percent_covered": 100.0, "percent_covered_display": "100", "missing_lines": 0, "excluded_lines": 0, "percent_statements_covered": 100.0, "percent_statements_covered_display": "100"}, "missing_lines": [], "excluded_lines": [], "start_line": 26}, "build_huntzen_graph.route_from_supervisor": {"executed_lines": [], "summary": {"covered_lines": 0, "num_statements": 5, "percent_covered": 0.0, "percent_covered_display": "0", "missing_lines": 5, "excluded_lines": 0, "percent_statements_covered": 0.0, "percent_statements_covered_display": "0"}, "missing_lines": [65, 67, 75, 76, 77], "excluded_lines": [], "start_line": 63}, "": {"executed_lines": [11, 12, 13, 21, 23, 26, 104], "summary": {"covered_lines": 7, "num_statements": 7, "percent_covered": 100.0, "percent_covered_display": "100", "missing_lines": 0, "excluded_lines": 0, "percent_statements_covered": 100.0, "percent_statements_covered_display": "100"}, "missing_lines": [], "excluded_lines": [], "start_line": 1}}, "classes": {"": {"executed_lines": [11, 12, 13, 21, 23, 26, 49, 52, 53, 54, 55, 56, 57, 60, 63, 80, 93, 94, 95, 96, 97, 99, 100, 104], "summary": {"covered_lines": 24, "num_statements": 29, "percent_covered": 82.75862068965517, "percent_covered_display": "83", "missing_lines": 5, "excluded_lines": 0, "percent_statements_covered": 82.75862068965517, "percent_statements_covered_display": "83"}, "missing_lines": [65, 67, 75, 76, 77], "excluded_lines": [], "start_line": 1}}}, "app/state.py": {"executed_lines": [1, 2, 3, 5, 8, 9, 12, 15, 16, 17, 18, 21, 22, 25, 26, 27, 30, 31], "summary": {"covered_lines": 18, "num_statements": 18, "percent_covered": 100.0, "percent_covered_display": "100", "missing_lines": 0, "excluded_lines": 0, "percent_statements_covered": 100.0, "percent_statements_covered_display": "100"}, "missing_lines": [], "excluded_lines": [], "functions": {"": {"executed_lines": [1, 2, 3, 5, 8, 9, 12, 15, 16, 17, 18, 21, 22, 25, 26, 27, 30, 31], "summary": {"covered_lines": 18, "num_statements": 18, "percent_covered": 100.0, "percent_covered_display": "100", "missing_lines": 0, "excluded_lines": 0, "percent_statements_covered": 100.0, "percent_statements_covered_display": "100"}, "missing_lines": [], "excluded_lines": [], "start_line": 1}}, "classes": {"HuntZenState": {"executed_lines": [], "summary": {"covered_lines": 0, "num_statements": 0, "percent_covered": 100.0, "percent_covered_display": "100", "missing_lines": 0, "excluded_lines": 0, "percent_statements_covered": 100.0, "percent_statements_covered_display": "100"}, "missing_lines": [], "excluded_lines": [], "start_line": 5}, "": {"executed_lines": [1, 2, 3, 5, 8, 9, 12, 15, 16, 17, 18, 21, 22, 25, 26, 27, 30, 31], "summary": {"covered_lines": 18, "num_statements": 18, "percent_covered": 100.0, "percent_covered_display": "100", "missing_lines": 0, "excluded_lines": 0, "percent_statements_covered": 100.0, "percent_statements_covered_display": "100"}, "missing_lines": [], "excluded_lines": [], "start_line": 1}}}, "main.py": {"executed_lines": [1, 2, 3, 4, 5, 6, 7, 10, 11, 12, 13, 14, 15, 16, 17, 18, 19, 22, 23, 24, 27, 28, 31, 34, 52, 54, 56, 57, 58, 59, 60, 61, 64, 75, 79, 82, 83, 84, 87, 88, 94, 99, 102, 105, 141, 142, 169, 172, 173, 176, 192, 193, 198, 201, 231, 234, 235, 268, 269, 270, 271, 276, 279, 281, 282, 284, 285, 286, 288, 301, 302, 309, 311, 319, 320, 321, 324, 325, 326, 327, 331, 332, 339, 340, 345, 346, 347, 348, 351, 352, 353, 358, 361, 363, 366, 367, 371, 372, 378, 379, 383, 384, 385, 469, 470, 472, 473, 474, 492, 493, 494, 495, 496, 498, 499, 500, 502, 503, 504, 505, 508, 509, 510, 520, 521, 522, 532, 533, 534, 539, 540, 541, 598, 599, 600, 640, 641, 642, 682, 683, 684, 687, 688, 689, 806, 807, 808, 810, 811, 812, 867, 868, 870, 871, 872, 874, 875, 876, 971, 972, 973, 974, 976, 977, 978, 1022, 1023, 1024, 1113, 1115, 1116, 1117, 1119, 1120, 1121, 1122, 1125, 1131, 1136, 1140, 1145, 1153, 1163, 1164, 1165, 1210, 1211, 1212, 1244, 1245, 1246, 1277], "summary": {"covered_lines": 192, "num_statements": 583, "percent_covered": 32.93310463121784, "percent_covered_display": "33", "missing_lines": 391, "excluded_lines": 0, "percent_statements_covered": 32.93310463121784, "percent_statements_covered_display": "33"}, "missing_lines": [96, 110, 111, 114, 120, 122, 123, 124, 128, 129, 130, 134, 135, 136, 144, 145, 146, 147, 148, 149, 152, 153, 154, 155, 156, 157, 159, 162, 163, 164, 165, 166, 167, 241, 252, 253, 256, 272, 273, 290, 291, 295, 296, 297, 298, 299, 333, 334, 335, 336, 341, 342, 343, 344, 355, 368, 369, 374, 375, 381, 386, 387, 388, 391, 394, 395, 396, 397, 398, 401, 402, 408, 411, 413, 414, 417, 418, 419, 420, 422, 423, 429, 430, 439, 442, 443, 445, 447, 454, 455, 457, 458, 459, 460, 461, 475, 476, 477, 478, 479, 480, 481, 482, 483, 484, 485, 512, 513, 514, 515, 516, 517, 524, 525, 526, 527, 528, 529, 536, 546, 548, 549, 550, 551, 552, 553, 554, 555, 558, 559, 560, 562, 565, 567, 570, 571, 572, 574, 588, 589, 590, 592, 593, 594, 595, 605, 607, 608, 609, 610, 611, 612, 614, 617, 619, 620, 628, 635, 636, 637, 647, 649, 650, 651, 652, 653, 654, 655, 657, 660, 662, 663, 671, 677, 678, 679, 694, 695, 697, 699, 700, 701, 702, 703, 705, 707, 713, 714, 716, 719, 720, 722, 725, 727, 728, 729, 732, 733, 734, 736, 738, 739, 740, 742, 744, 745, 746, 748, 750, 751, 752, 756, 764, 765, 766, 767, 768, 771, 773, 774, 775, 777, 778, 779, 785, 786, 792, 793, 794, 795, 796, 797, 798, 799, 817, 818, 821, 822, 823, 824, 825, 828, 829, 836, 837, 840, 841, 844, 845, 847, 849, 854, 855, 856, 881, 883, 884, 887, 890, 896, 911, 912, 920, 921, 922, 923, 925, 928, 929, 932, 933, 936, 937, 938, 939, 941, 946, 947, 950, 955, 956, 957, 959, 961, 986, 988, 989, 990, 991, 992, 993, 994, 997, 1003, 1006, 1007, 1009, 1010, 1011, 1042, 1043, 1046, 1047, 1053, 1055, 1058, 1059, 1062, 1063, 1064, 1065, 1067, 1068, 1073, 1076, 1077, 1082, 1085, 1086, 1089, 1090, 1092, 1093, 1094, 1098, 1099, 1100, 1101, 1102, 1133, 1134, 1138, 1142, 1143, 1147, 1148, 1149, 1150, 1151, 1155, 1156, 1157, 1158, 1159, 1160, 1170, 1171, 1172, 1173, 1176, 1179, 1180, 1181, 1182, 1185, 1186, 1187, 1188, 1190, 1192, 1201, 1202, 1203, 1217, 1218, 1219, 1220, 1221, 1223, 1224, 1225, 1227, 1229, 1236, 1237, 1238, 1250, 1251, 1252, 1254, 1255, 1257, 1258, 1259, 1260, 1267, 1272, 1273, 1274, 1278, 1279], "excluded_lines": [], "functions": {"verify_token": {"executed_lines": [], "summary": {"covered_lines": 0, "num_statements": 13, "percent_covered": 0.0, "percent_covered_display": "0", "missing_lines": 13, "excluded_lines": 0, "percent_statements_covered": 0.0, "percent_statements_covered_display": "0"}, "missing_lines": [110, 111, 114, 120, 122, 123, 124, 128, 129, 130, 134, 135, 136], "excluded_lines": [], "start_line": 105}, "lifespan": {"executed_lines": [], "summary": {"covered_lines": 0, "num_statements": 19, "percent_covered": 0.0, "percent_covered_display": "0", "missing_lines": 19, "excluded_lines": 0, "percent_statements_covered": 0.0, "percent_statements_covered_display": "0"}, "missing_lines": [144, 145, 146, 147, 148, 149, 152, 153, 154, 155, 156, 157, 159, 162, 163, 164, 165, 166, 167], "excluded_lines": [], "start_line": 142}, "security_headers": {"executed_lines": [198, 201, 231], "summary": {"covered_lines": 3, "num_statements": 3, "percent_covered": 100.0, "percent_covered_display": "100", "missing_lines": 0, "excluded_lines": 0, "percent_statements_covered": 100.0, "percent_statements_covered_display": "100"}, "missing_lines": [], "excluded_lines": [], "start_line": 193}, "global_exception_handler": {"executed_lines": [], "summary": {"covered_lines": 0, "num_statements": 4, "percent_covered": 0.0, "percent_covered_display": "0", "missing_lines": 4, "excluded_lines": 0, "percent_statements_covered": 0.0, "percent_statements_covered_display": "0"}, "missing_lines": [241, 252, 253, 256], "excluded_lines": [], "start_line": 235}, "cleanup_expired_sessions": {"executed_lines": [], "summary": {"covered_lines": 0, "num_statements": 7, "percent_covered": 0.0, "percent_covered_display": "0", "missing_lines": 7, "excluded_lines": 0, "percent_statements_covered": 0.0, "percent_statements_covered_display": "0"}, "missing_lines": [290, 291, 295, 296, 297, 298, 299], "excluded_lines": [], "start_line": 288}, "health_check": {"executed_lines": [309, 311, 319, 320, 321, 324, 325, 326, 327, 331, 332, 339, 340, 345, 346, 347, 348, 351, 352, 353, 358, 361, 363], "summary": {"covered_lines": 23, "num_statements": 32, "percent_covered": 71.875, "percent_covered_display": "72", "missing_lines": 9, "excluded_lines": 0, "percent_statements_covered": 71.875, "percent_statements_covered_display": "72"}, "missing_lines": [333, 334, 335, 336, 341, 342, 343, 344, 355], "excluded_lines": [], "start_line": 302}, "get_index": {"executed_lines": [], "summary": {"covered_lines": 0, "num_statements": 2, "percent_covered": 0.0, "percent_covered_display": "0", "missing_lines": 2, "excluded_lines": 0, "percent_statements_covered": 0.0, "percent_statements_covered_display": "0"}, "missing_lines": [368, 369], "excluded_lines": [], "start_line": 367}, "get_old_index": {"executed_lines": [], "summary": {"covered_lines": 0, "num_statements": 2, "percent_covered": 0.0, "percent_covered_display": "0", "missing_lines": 2, "excluded_lines": 0, "percent_statements_covered": 0.0, "percent_statements_covered_display": "0"}, "missing_lines": [374, 375], "excluded_lines": [], "start_line": 372}, "get_cv_tester": {"executed_lines": [], "summary": {"covered_lines": 0, "num_statements": 1, "percent_covered": 0.0, "percent_covered_display": "0", "missing_lines": 1, "excluded_lines": 0, "percent_statements_covered": 0.0, "percent_statements_covered_display": "0"}, "missing_lines": [381], "excluded_lines": [], "start_line": 379}, "chat_endpoint": {"executed_lines": [], "summary": {"covered_lines": 0, "num_statements": 35, "percent_covered": 0.0, "percent_covered_display": "0", "missing_lines": 35, "excluded_lines": 0, "percent_statements_covered": 0.0, "percent_statements_covered_display": "0"}, "missing_lines": [386, 387, 388, 391, 394, 395, 396, 397, 398, 401, 402, 408, 411, 413, 414, 417, 418, 419, 420, 422, 423, 429, 430, 439, 442, 443, 445, 447, 454, 455, 457, 458, 459, 460, 461], "excluded_lines": [], "start_line": 385}, "reset_session": {"executed_lines": [], "summary": {"covered_lines": 0, "num_statements": 11, "percent_covered": 0.0, "percent_covered_display": "0", "missing_lines": 11, "excluded_lines": 0, "percent_statements_covered": 0.0, "percent_statements_covered_display": "0"}, "missing_lines": [475, 476, 477, 478, 479, 480, 481, 482, 483, 484, 485], "excluded_lines": [], "start_line": 474}, "list_countries": {"executed_lines": [], "summary": {"covered_lines": 0, "num_statements": 6, "percent_covered": 0.0, "percent_covered_display": "0", "missing_lines": 6, "excluded_lines": 0, "percent_statements_covered": 0.0, "percent_statements_covered_display": "0"}, "missing_lines": [512, 513, 514, 515, 516, 517], "excluded_lines": [], "start_line": 510}, "list_cities": {"executed_lines": [], "summary": {"covered_lines": 0, "num_statements": 6, "percent_covered": 0.0, "percent_covered_display": "0", "missing_lines": 6, "excluded_lines": 0, "percent_statements_covered": 0.0, "percent_statements_covered_display": "0"}, "missing_lines": [524, 525, 526, 527, 528, 529], "excluded_lines": [], "start_line": 522}, "list_contract_types": {"executed_lines": [], "summary": {"covered_lines": 0, "num_statements": 1, "percent_covered": 0.0, "percent_covered_display": "0", "missing_lines": 1, "excluded_lines": 0, "percent_statements_covered": 0.0, "percent_statements_covered_display": "0"}, "missing_lines": [536], "excluded_lines": [], "start_line": 534}, "search_jobs_direct": {"executed_lines": [], "summary": {"covered_lines": 0, "num_statements": 26, "percent_covered": 0.0, "percent_covered_display": "0", "missing_lines": 26, "excluded_lines": 0, "percent_statements_covered": 0.0, "percent_statements_covered_display": "0"}, "missing_lines": [546, 548, 549, 550, 551, 552, 553, 554, 555, 558, 559, 560, 562, 565, 567, 570, 571, 572, 574, 588, 589, 590, 592, 593, 594, 595], "excluded_lines": [], "start_line": 541}, "search_recruiter_direct": {"executed_lines": [], "summary": {"covered_lines": 0, "num_statements": 15, "percent_covered": 0.0, "percent_covered_display": "0", "missing_lines": 15, "excluded_lines": 0, "percent_statements_covered": 0.0, "percent_statements_covered_display": "0"}, "missing_lines": [605, 607, 608, 609, 610, 611, 612, 614, 617, 619, 620, 628, 635, 636, 637], "excluded_lines": [], "start_line": 600}, "search_recruiters_by_domain": {"executed_lines": [], "summary": {"covered_lines": 0, "num_statements": 16, "percent_covered": 0.0, "percent_covered_display": "0", "missing_lines": 16, "excluded_lines": 0, "percent_statements_covered": 0.0, "percent_statements_covered_display": "0"}, "missing_lines": [647, 649, 650, 651, 652, 653, 654, 655, 657, 660, 662, 663, 671, 677, 678, 679], "excluded_lines": [], "start_line": 642}, "get_full_job_description": {"executed_lines": [], "summary": {"covered_lines": 0, "num_statements": 58, "percent_covered": 0.0, "percent_covered_display": "0", "missing_lines": 58, "excluded_lines": 0, "percent_statements_covered": 0.0, "percent_statements_covered_display": "0"}, "missing_lines": [694, 695, 697, 699, 700, 701, 702, 703, 705, 707, 713, 714, 716, 719, 720, 722, 725, 727, 728, 729, 732, 733, 734, 736, 738, 739, 740, 742, 744, 745, 746, 748, 750, 751, 752, 756, 764, 765, 766, 767, 768, 771, 773, 774, 775, 777, 778, 779, 785, 786, 792, 793, 794, 795, 796, 797, 798, 799], "excluded_lines": [], "start_line": 689}, "career_coach": {"executed_lines": [], "summary": {"covered_lines": 0, "num_statements": 20, "percent_covered": 0.0, "percent_covered_display": "0", "missing_lines": 20, "excluded_lines": 0, "percent_statements_covered": 0.0, "percent_statements_covered_display": "0"}, "missing_lines": [817, 818, 821, 822, 823, 824, 825, 828, 829, 836, 837, 840, 841, 844, 845, 847, 849, 854, 855, 856], "excluded_lines": [], "start_line": 812}, "generate_conversation_title": {"executed_lines": [], "summary": {"covered_lines": 0, "num_statements": 30, "percent_covered": 0.0, "percent_covered_display": "0", "missing_lines": 30, "excluded_lines": 0, "percent_statements_covered": 0.0, "percent_statements_covered_display": "0"}, "missing_lines": [881, 883, 884, 887, 890, 896, 911, 912, 920, 921, 922, 923, 925, 928, 929, 932, 933, 936, 937, 938, 939, 941, 946, 947, 950, 955, 956, 957, 959, 961], "excluded_lines": [], "start_line": 876}, "analyze_cv": {"executed_lines": [], "summary": {"covered_lines": 0, "num_statements": 15, "percent_covered": 0.0, "percent_covered_display": "0", "missing_lines": 15, "excluded_lines": 0, "percent_statements_covered": 0.0, "percent_statements_covered_display": "0"}, "missing_lines": [986, 988, 989, 990, 991, 992, 993, 994, 997, 1003, 1006, 1007, 1009, 1010, 1011], "excluded_lines": [], "start_line": 978}, "analyze_cv_file": {"executed_lines": [], "summary": {"covered_lines": 0, "num_statements": 30, "percent_covered": 0.0, "percent_covered_display": "0", "missing_lines": 30, "excluded_lines": 0, "percent_statements_covered": 0.0, "percent_statements_covered_display": "0"}, "missing_lines": [1042, 1043, 1046, 1047, 1053, 1055, 1058, 1059, 1062, 1063, 1064, 1065, 1067, 1068, 1073, 1076, 1077, 1082, 1085, 1086, 1089, 1090, 1092, 1093, 1094, 1098, 1099, 1100, 1101, 1102], "excluded_lines": [], "start_line": 1024}, "get_today_key": {"executed_lines": [], "summary": {"covered_lines": 0, "num_statements": 2, "percent_covered": 0.0, "percent_covered_display": "0", "missing_lines": 2, "excluded_lines": 0, "percent_statements_covered": 0.0, "percent_statements_covered_display": "0"}, "missing_lines": [1133, 1134], "excluded_lines": [], "start_line": 1131}, "get_usage_key": {"executed_lines": [], "summary": {"covered_lines": 0, "num_statements": 1, "percent_covered": 0.0, "percent_covered_display": "0", "missing_lines": 1, "excluded_lines": 0, "percent_statements_covered": 0.0, "percent_statements_covered_display": "0"}, "missing_lines": [1138], "excluded_lines": [], "start_line": 1136}, "get_client_usage": {"executed_lines": [], "summary": {"covered_lines": 0, "num_statements": 2, "percent_covered": 0.0, "percent_covered_display": "0", "missing_lines": 2, "excluded_lines": 0, "percent_statements_covered": 0.0, "percent_statements_covered_display": "0"}, "missing_lines": [1142, 1143], "excluded_lines": [], "start_line": 1140}, "increment_client_usage": {"executed_lines": [], "summary": {"covered_lines": 0, "num_statements": 5, "percent_covered": 0.0, "percent_covered_display": "0", "missing_lines": 5, "excluded_lines": 0, "percent_statements_covered": 0.0, "percent_statements_covered_display": "0"}, "missing_lines": [1147, 1148, 1149, 1150, 1151], "excluded_lines": [], "start_line": 1145}, "cleanup_old_usage": {"executed_lines": [], "summary": {"covered_lines": 0, "num_statements": 6, "percent_covered": 0.0, "percent_covered_display": "0", "missing_lines": 6, "excluded_lines": 0, "percent_statements_covered": 0.0, "percent_statements_covered_display": "0"}, "missing_lines": [1155, 1156, 1157, 1158, 1159, 1160], "excluded_lines": [], "start_line": 1153}, "check_usage": {"executed_lines": [], "summary": {"covered_lines": 0, "num_statements": 18, "percent_covered": 0.0, "percent_covered_display": "0", "missing_lines": 18, "excluded_lines": 0, "percent_statements_covered": 0.0, "percent_statements_covered_display": "0"}, "missing_lines": [1170, 1171, 1172, 1173, 1176, 1179, 1180, 1181, 1182, 1185, 1186, 1187, 1188, 1190, 1192, 1201, 1202, 1203], "excluded_lines": [], "start_line": 1165}, "increment_usage": {"executed_lines": [], "summary": {"covered_lines": 0, "num_statements": 13, "percent_covered": 0.0, "percent_covered_display": "0", "missing_lines": 13, "excluded_lines": 0, "percent_statements_covered": 0.0, "percent_statements_covered_display": "0"}, "missing_lines": [1217, 1218, 1219, 1220, 1221, 1223, 1224, 1225, 1227, 1229, 1236, 1237, 1238], "excluded_lines": [], "start_line": 1212}, "get_usage_stats": {"executed_lines": [], "summary": {"covered_lines": 0, "num_statements": 13, "percent_covered": 0.0, "percent_covered_display": "0", "missing_lines": 13, "excluded_lines": 0, "percent_statements_covered": 0.0, "percent_statements_covered_display": "0"}, "missing_lines": [1250, 1251, 1252, 1254, 1255, 1257, 1258, 1259, 1260, 1267, 1272, 1273, 1274], "excluded_lines": [], "start_line": 1246}, "": {"executed_lines": [1, 2, 3, 4, 5, 6, 7, 10, 11, 12, 13, 14, 15, 16, 17, 18, 19, 22, 23, 24, 27, 28, 31, 34, 52, 54, 56, 57, 58, 59, 60, 61, 64, 75, 79, 82, 83, 84, 87, 88, 94, 99, 102, 105, 141, 142, 169, 172, 173, 176, 192, 193, 234, 235, 268, 269, 270, 271, 276, 279, 281, 282, 284, 285, 286, 288, 301, 302, 366, 367, 371, 372, 378, 379, 383, 384, 385, 469, 470, 472, 473, 474, 492, 493, 494, 495, 496, 498, 499, 500, 502, 503, 504, 505, 508, 509, 510, 520, 521, 522, 532, 533, 534, 539, 540, 541, 598, 599, 600, 640, 641, 642, 682, 683, 684, 687, 688, 689, 806, 807, 808, 810, 811, 812, 867, 868, 870, 871, 872, 874, 875, 876, 971, 972, 973, 974, 976, 977, 978, 1022, 1023, 1024, 1113, 1115, 1116, 1117, 1119, 1120, 1121, 1122, 1125, 1131, 1136, 1140, 1145, 1153, 1163, 1164, 1165, 1210, 1211, 1212, 1244, 1245, 1246, 1277], "summary": {"covered_lines": 166, "num_statements": 171, "percent_covered": 97.07602339181287, "percent_covered_display": "97", "missing_lines": 5, "excluded_lines": 0, "percent_statements_covered": 97.07602339181287, "percent_statements_covered_display": "97"}, "missing_lines": [96, 272, 273, 1278, 1279], "excluded_lines": [], "start_line": 1}}, "classes": {"ChatMessage": {"executed_lines": [], "summary": {"covered_lines": 0, "num_statements": 0, "percent_covered": 100.0, "percent_covered_display": "100", "missing_lines": 0, "excluded_lines": 0, "percent_statements_covered": 100.0, "percent_statements_covered_display": "100"}, "missing_lines": [], "excluded_lines": [], "start_line": 284}, "ResetRequest": {"executed_lines": [], "summary": {"covered_lines": 0, "num_statements": 0, "percent_covered": 100.0, "percent_covered_display": "100", "missing_lines": 0, "excluded_lines": 0, "percent_statements_covered": 100.0, "percent_statements_covered_display": "100"}, "missing_lines": [], "excluded_lines": [], "start_line": 469}, "JobSearchRequest": {"executed_lines": [], "summary": {"covered_lines": 0, "num_statements": 0, "percent_covered": 100.0, "percent_covered_display": "100", "missing_lines": 0, "excluded_lines": 0, "percent_statements_covered": 100.0, "percent_statements_covered_display": "100"}, "missing_lines": [], "excluded_lines": [], "start_line": 492}, "RecruiterSearchRequest": {"executed_lines": [], "summary": {"covered_lines": 0, "num_statements": 0, "percent_covered": 100.0, "percent_covered_display": "100", "missing_lines": 0, "excluded_lines": 0, "percent_statements_covered": 100.0, "percent_statements_covered_display": "100"}, "missing_lines": [], "excluded_lines": [], "start_line": 498}, "RecruiterByDomainRequest": {"executed_lines": [], "summary": {"covered_lines": 0, "num_statements": 0, "percent_covered": 100.0, "percent_covered_display": "100", "missing_lines": 0, "excluded_lines": 0, "percent_statements_covered": 100.0, "percent_statements_covered_display": "100"}, "missing_lines": [], "excluded_lines": [], "start_line": 502}, "JobDescriptionRequest": {"executed_lines": [], "summary": {"covered_lines": 0, "num_statements": 0, "percent_covered": 100.0, "percent_covered_display": "100", "missing_lines": 0, "excluded_lines": 0, "percent_statements_covered": 100.0, "percent_statements_covered_display": "100"}, "missing_lines": [], "excluded_lines": [], "start_line": 682}, "CoachRequest": {"executed_lines": [], "summary": {"covered_lines": 0, "num_statements": 0, "percent_covered": 100.0, "percent_covered_display": "100", "missing_lines": 0, "excluded_lines": 0, "percent_statements_covered": 100.0, "percent_statements_covered_display": "100"}, "missing_lines": [], "excluded_lines": [], "start_line": 806}, "GenerateTitleRequest": {"executed_lines": [], "summary": {"covered_lines": 0, "num_statements": 0, "percent_covered": 100.0, "percent_covered_display": "100", "missing_lines": 0, "excluded_lines": 0, "percent_statements_covered": 100.0, "percent_statements_covered_display": "100"}, "missing_lines": [], "excluded_lines": [], "start_line": 867}, "GenerateTitleResponse": {"executed_lines": [], "summary": {"covered_lines": 0, "num_statements": 0, "percent_covered": 100.0, "percent_covered_display": "100", "missing_lines": 0, "excluded_lines": 0, "percent_statements_covered": 100.0, "percent_statements_covered_display": "100"}, "missing_lines": [], "excluded_lines": [], "start_line": 870}, "CVAnalysisRequest": {"executed_lines": [], "summary": {"covered_lines": 0, "num_statements": 0, "percent_covered": 100.0, "percent_covered_display": "100", "missing_lines": 0, "excluded_lines": 0, "percent_statements_covered": 100.0, "percent_statements_covered_display": "100"}, "missing_lines": [], "excluded_lines": [], "start_line": 971}, "CheckUsageRequest": {"executed_lines": [], "summary": {"covered_lines": 0, "num_statements": 0, "percent_covered": 100.0, "percent_covered_display": "100", "missing_lines": 0, "excluded_lines": 0, "percent_statements_covered": 100.0, "percent_statements_covered_display": "100"}, "missing_lines": [], "excluded_lines": [], "start_line": 1115}, "IncrementUsageRequest": {"executed_lines": [], "summary": {"covered_lines": 0, "num_statements": 0, "percent_covered": 100.0, "percent_covered_display": "100", "missing_lines": 0, "excluded_lines": 0, "percent_statements_covered": 100.0, "percent_statements_covered_display": "100"}, "missing_lines": [], "excluded_lines": [], "start_line": 1119}, "": {"executed_lines": [1, 2, 3, 4, 5, 6, 7, 10, 11, 12, 13, 14, 15, 16, 17, 18, 19, 22, 23, 24, 27, 28, 31, 34, 52, 54, 56, 57, 58, 59, 60, 61, 64, 75, 79, 82, 83, 84, 87, 88, 94, 99, 102, 105, 141, 142, 169, 172, 173, 176, 192, 193, 198, 201, 231, 234, 235, 268, 269, 270, 271, 276, 279, 281, 282, 284, 285, 286, 288, 301, 302, 309, 311, 319, 320, 321, 324, 325, 326, 327, 331, 332, 339, 340, 345, 346, 347, 348, 351, 352, 353, 358, 361, 363, 366, 367, 371, 372, 378, 379, 383, 384, 385, 469, 470, 472, 473, 474, 492, 493, 494, 495, 496, 498, 499, 500, 502, 503, 504, 505, 508, 509, 510, 520, 521, 522, 532, 533, 534, 539, 540, 541, 598, 599, 600, 640, 641, 642, 682, 683, 684, 687, 688, 689, 806, 807, 808, 810, 811, 812, 867, 868, 870, 871, 872, 874, 875, 876, 971, 972, 973, 974, 976, 977, 978, 1022, 1023, 1024, 1113, 1115, 1116, 1117, 1119, 1120, 1121, 1122, 1125, 1131, 1136, 1140, 1145, 1153, 1163, 1164, 1165, 1210, 1211, 1212, 1244, 1245, 1246, 1277], "summary": {"covered_lines": 192, "num_statements": 583, "percent_covered": 32.93310463121784, "percent_covered_display": "33", "missing_lines": 391, "excluded_lines": 0, "percent_statements_covered": 32.93310463121784, "percent_statements_covered_display": "33"}, "missing_lines": [96, 110, 111, 114, 120, 122, 123, 124, 128, 129, 130, 134, 135, 136, 144, 145, 146, 147, 148, 149, 152, 153, 154, 155, 156, 157, 159, 162, 163, 164, 165, 166, 167, 241, 252, 253, 256, 272, 273, 290, 291, 295, 296, 297, 298, 299, 333, 334, 335, 336, 341, 342, 343, 344, 355, 368, 369, 374, 375, 381, 386, 387, 388, 391, 394, 395, 396, 397, 398, 401, 402, 408, 411, 413, 414, 417, 418, 419, 420, 422, 423, 429, 430, 439, 442, 443, 445, 447, 454, 455, 457, 458, 459, 460, 461, 475, 476, 477, 478, 479, 480, 481, 482, 483, 484, 485, 512, 513, 514, 515, 516, 517, 524, 525, 526, 527, 528, 529, 536, 546, 548, 549, 550, 551, 552, 553, 554, 555, 558, 559, 560, 562, 565, 567, 570, 571, 572, 574, 588, 589, 590, 592, 593, 594, 595, 605, 607, 608, 609, 610, 611, 612, 614, 617, 619, 620, 628, 635, 636, 637, 647, 649, 650, 651, 652, 653, 654, 655, 657, 660, 662, 663, 671, 677, 678, 679, 694, 695, 697, 699, 700, 701, 702, 703, 705, 707, 713, 714, 716, 719, 720, 722, 725, 727, 728, 729, 732, 733, 734, 736, 738, 739, 740, 742, 744, 745, 746, 748, 750, 751, 752, 756, 764, 765, 766, 767, 768, 771, 773, 774, 775, 777, 778, 779, 785, 786, 792, 793, 794, 795, 796, 797, 798, 799, 817, 818, 821, 822, 823, 824, 825, 828, 829, 836, 837, 840, 841, 844, 845, 847, 849, 854, 855, 856, 881, 883, 884, 887, 890, 896, 911, 912, 920, 921, 922, 923, 925, 928, 929, 932, 933, 936, 937, 938, 939, 941, 946, 947, 950, 955, 956, 957, 959, 961, 986, 988, 989, 990, 991, 992, 993, 994, 997, 1003, 1006, 1007, 1009, 1010, 1011, 1042, 1043, 1046, 1047, 1053, 1055, 1058, 1059, 1062, 1063, 1064, 1065, 1067, 1068, 1073, 1076, 1077, 1082, 1085, 1086, 1089, 1090, 1092, 1093, 1094, 1098, 1099, 1100, 1101, 1102, 1133, 1134, 1138, 1142, 1143, 1147, 1148, 1149, 1150, 1151, 1155, 1156, 1157, 1158, 1159, 1160, 1170, 1171, 1172, 1173, 1176, 1179, 1180, 1181, 1182, 1185, 1186, 1187, 1188, 1190, 1192, 1201, 1202, 1203, 1217, 1218, 1219, 1220, 1221, 1223, 1224, 1225, 1227, 1229, 1236, 1237, 1238, 1250, 1251, 1252, 1254, 1255, 1257, 1258, 1259, 1260, 1267, 1272, 1273, 1274, 1278, 1279], "excluded_lines": [], "start_line": 1}}}, "src/__init__.py": {"executed_lines": [], "summary": {"covered_lines": 0, "num_statements": 0, "percent_covered": 100.0, "percent_covered_display": "100", "missing_lines": 0, "excluded_lines": 0, "percent_statements_covered": 100.0, "percent_statements_covered_display": "100"}, "missing_lines": [], "excluded_lines": [], "functions": {"": {"executed_lines": [], "summary": {"covered_lines": 0, "num_statements": 0, "percent_covered": 100.0, "percent_covered_display": "100", "missing_lines": 0, "excluded_lines": 0, "percent_statements_covered": 100.0, "percent_statements_covered_display": "100"}, "missing_lines": [], "excluded_lines": [], "start_line": 1}}, "classes": {"": {"executed_lines": [], "summary": {"covered_lines": 0, "num_statements": 0, "percent_covered": 100.0, "percent_covered_display": "100", "missing_lines": 0, "excluded_lines": 0, "percent_statements_covered": 100.0, "percent_statements_covered_display": "100"}, "missing_lines": [], "excluded_lines": [], "start_line": 1}}}, "src/agents/__init__.py": {"executed_lines": [], "summary": {"covered_lines": 0, "num_statements": 0, "percent_covered": 100.0, "percent_covered_display": "100", "missing_lines": 0, "excluded_lines": 0, "percent_statements_covered": 100.0, "percent_statements_covered_display": "100"}, "missing_lines": [], "excluded_lines": [], "functions": {"": {"executed_lines": [], "summary": {"covered_lines": 0, "num_statements": 0, "percent_covered": 100.0, "percent_covered_display": "100", "missing_lines": 0, "excluded_lines": 0, "percent_statements_covered": 100.0, "percent_statements_covered_display": "100"}, "missing_lines": [], "excluded_lines": [], "start_line": 1}}, "classes": {"": {"executed_lines": [], "summary": {"covered_lines": 0, "num_statements": 0, "percent_covered": 100.0, "percent_covered_display": "100", "missing_lines": 0, "excluded_lines": 0, "percent_statements_covered": 100.0, "percent_statements_covered_display": "100"}, "missing_lines": [], "excluded_lines": [], "start_line": 1}}}, "src/agents/base.py": {"executed_lines": [12, 13, 14, 15, 17, 18, 19, 20, 21, 23, 25, 28, 45, 47, 48, 49, 50, 51, 52, 55, 66, 91, 104, 114, 124, 140, 169, 188, 189, 202, 210, 240, 261, 268, 269, 271, 275], "summary": {"covered_lines": 37, "num_statements": 89, "percent_covered": 41.57303370786517, "percent_covered_display": "42", "missing_lines": 52, "excluded_lines": 0, "percent_statements_covered": 41.57303370786517, "percent_statements_covered_display": "42"}, "missing_lines": [38, 39, 40, 41, 42, 73, 74, 75, 76, 79, 87, 89, 93, 94, 96, 97, 98, 99, 100, 102, 111, 112, 121, 122, 135, 136, 138, 155, 157, 158, 159, 160, 161, 162, 163, 164, 166, 167, 184, 185, 186, 199, 228, 229, 231, 238, 251, 252, 257, 258, 273, 277], "excluded_lines": [], "functions": {"load_prompt": {"executed_lines": [], "summary": {"covered_lines": 0, "num_statements": 5, "percent_covered": 0.0, "percent_covered_display": "0", "missing_lines": 5, "excluded_lines": 0, "percent_statements_covered": 0.0, "percent_statements_covered_display": "0"}, "missing_lines": [38, 39, 40, 41, 42], "excluded_lines": [], "start_line": 28}, "BaseAgent.__init__": {"executed_lines": [], "summary": {"covered_lines": 0, "num_statements": 7, "percent_covered": 0.0, "percent_covered_display": "0", "missing_lines": 7, "excluded_lines": 0, "percent_statements_covered": 0.0, "percent_statements_covered_display": "0"}, "missing_lines": [73, 74, 75, 76, 79, 87, 89], "excluded_lines": [], "start_line": 66}, "BaseAgent._load_system_prompt": {"executed_lines": [], "summary": {"covered_lines": 0, "num_statements": 8, "percent_covered": 0.0, "percent_covered_display": "0", "missing_lines": 8, "excluded_lines": 0, "percent_statements_covered": 0.0, "percent_statements_covered_display": "0"}, "missing_lines": [93, 94, 96, 97, 98, 99, 100, 102], "excluded_lines": [], "start_line": 91}, "BaseAgent.register_sub_agent": {"executed_lines": [], "summary": {"covered_lines": 0, "num_statements": 2, "percent_covered": 0.0, "percent_covered_display": "0", "missing_lines": 2, "excluded_lines": 0, "percent_statements_covered": 0.0, "percent_statements_covered_display": "0"}, "missing_lines": [111, 112], "excluded_lines": [], "start_line": 104}, "BaseAgent.register_tool": {"executed_lines": [], "summary": {"covered_lines": 0, "num_statements": 2, "percent_covered": 0.0, "percent_covered_display": "0", "missing_lines": 2, "excluded_lines": 0, "percent_statements_covered": 0.0, "percent_statements_covered_display": "0"}, "missing_lines": [121, 122], "excluded_lines": [], "start_line": 114}, "BaseAgent.delegate_to": {"executed_lines": [], "summary": {"covered_lines": 0, "num_statements": 3, "percent_covered": 0.0, "percent_covered_display": "0", "missing_lines": 3, "excluded_lines": 0, "percent_statements_covered": 0.0, "percent_statements_covered_display": "0"}, "missing_lines": [135, 136, 138], "excluded_lines": [], "start_line": 124}, "BaseAgent.build_messages": {"executed_lines": [], "summary": {"covered_lines": 0, "num_statements": 11, "percent_covered": 0.0, "percent_covered_display": "0", "missing_lines": 11, "excluded_lines": 0, "percent_statements_covered": 0.0, "percent_statements_covered_display": "0"}, "missing_lines": [155, 157, 158, 159, 160, 161, 162, 163, 164, 166, 167], "excluded_lines": [], "start_line": 140}, "BaseAgent.chat": {"executed_lines": [], "summary": {"covered_lines": 0, "num_statements": 3, "percent_covered": 0.0, "percent_covered_display": "0", "missing_lines": 3, "excluded_lines": 0, "percent_statements_covered": 0.0, "percent_statements_covered_display": "0"}, "missing_lines": [184, 185, 186], "excluded_lines": [], "start_line": 169}, "BaseAgent.run": {"executed_lines": [], "summary": {"covered_lines": 0, "num_statements": 1, "percent_covered": 0.0, "percent_covered_display": "0", "missing_lines": 1, "excluded_lines": 0, "percent_statements_covered": 0.0, "percent_statements_covered_display": "0"}, "missing_lines": [199], "excluded_lines": [], "start_line": 189}, "SubAgent.__init__": {"executed_lines": [], "summary": {"covered_lines": 0, "num_statements": 4, "percent_covered": 0.0, "percent_covered_display": "0", "missing_lines": 4, "excluded_lines": 0, "percent_statements_covered": 0.0, "percent_statements_covered_display": "0"}, "missing_lines": [228, 229, 231, 238], "excluded_lines": [], "start_line": 210}, "SubAgent.run": {"executed_lines": [], "summary": {"covered_lines": 0, "num_statements": 4, "percent_covered": 0.0, "percent_covered_display": "0", "missing_lines": 4, "excluded_lines": 0, "percent_statements_covered": 0.0, "percent_statements_covered_display": "0"}, "missing_lines": [251, 252, 257, 258], "excluded_lines": [], "start_line": 240}, "BaseTool._run": {"executed_lines": [], "summary": {"covered_lines": 0, "num_statements": 1, "percent_covered": 0.0, "percent_covered_display": "0", "missing_lines": 1, "excluded_lines": 0, "percent_statements_covered": 0.0, "percent_statements_covered_display": "0"}, "missing_lines": [273], "excluded_lines": [], "start_line": 271}, "BaseTool._arun": {"executed_lines": [], "summary": {"covered_lines": 0, "num_statements": 1, "percent_covered": 0.0, "percent_covered_display": "0", "missing_lines": 1, "excluded_lines": 0, "percent_statements_covered": 0.0, "percent_statements_covered_display": "0"}, "missing_lines": [277], "excluded_lines": [], "start_line": 275}, "": {"executed_lines": [12, 13, 14, 15, 17, 18, 19, 20, 21, 23, 25, 28, 45, 47, 48, 49, 50, 51, 52, 55, 66, 91, 104, 114, 124, 140, 169, 188, 189, 202, 210, 240, 261, 268, 269, 271, 275], "summary": {"covered_lines": 37, "num_statements": 37, "percent_covered": 100.0, "percent_covered_display": "100", "missing_lines": 0, "excluded_lines": 0, "percent_statements_covered": 100.0, "percent_statements_covered_display": "100"}, "missing_lines": [], "excluded_lines": [], "start_line": 1}}, "classes": {"AgentConfig": {"executed_lines": [], "summary": {"covered_lines": 0, "num_statements": 0, "percent_covered": 100.0, "percent_covered_display": "100", "missing_lines": 0, "excluded_lines": 0, "percent_statements_covered": 100.0, "percent_statements_covered_display": "100"}, "missing_lines": [], "excluded_lines": [], "start_line": 45}, "BaseAgent": {"executed_lines": [], "summary": {"covered_lines": 0, "num_statements": 37, "percent_covered": 0.0, "percent_covered_display": "0", "missing_lines": 37, "excluded_lines": 0, "percent_statements_covered": 0.0, "percent_statements_covered_display": "0"}, "missing_lines": [73, 74, 75, 76, 79, 87, 89, 93, 94, 96, 97, 98, 99, 100, 102, 111, 112, 121, 122, 135, 136, 138, 155, 157, 158, 159, 160, 161, 162, 163, 164, 166, 167, 184, 185, 186, 199], "excluded_lines": [], "start_line": 55}, "SubAgent": {"executed_lines": [], "summary": {"covered_lines": 0, "num_statements": 8, "percent_covered": 0.0, "percent_covered_display": "0", "missing_lines": 8, "excluded_lines": 0, "percent_statements_covered": 0.0, "percent_statements_covered_display": "0"}, "missing_lines": [228, 229, 231, 238, 251, 252, 257, 258], "excluded_lines": [], "start_line": 202}, "BaseTool": {"executed_lines": [], "summary": {"covered_lines": 0, "num_statements": 2, "percent_covered": 0.0, "percent_covered_display": "0", "missing_lines": 2, "excluded_lines": 0, "percent_statements_covered": 0.0, "percent_statements_covered_display": "0"}, "missing_lines": [273, 277], "excluded_lines": [], "start_line": 261}, "": {"executed_lines": [12, 13, 14, 15, 17, 18, 19, 20, 21, 23, 25, 28, 45, 47, 48, 49, 50, 51, 52, 55, 66, 91, 104, 114, 124, 140, 169, 188, 189, 202, 210, 240, 261, 268, 269, 271, 275], "summary": {"covered_lines": 37, "num_statements": 42, "percent_covered": 88.0952380952381, "percent_covered_display": "88", "missing_lines": 5, "excluded_lines": 0, "percent_statements_covered": 88.0952380952381, "percent_statements_covered_display": "88"}, "missing_lines": [38, 39, 40, 41, 42], "excluded_lines": [], "start_line": 1}}}, "src/agents/cv_analyzer/__init__.py": {"executed_lines": [], "summary": {"covered_lines": 0, "num_statements": 2, "percent_covered": 0.0, "percent_covered_display": "0", "missing_lines": 2, "excluded_lines": 0, "percent_statements_covered": 0.0, "percent_statements_covered_display": "0"}, "missing_lines": [7, 9], "excluded_lines": [], "functions": {"": {"executed_lines": [], "summary": {"covered_lines": 0, "num_statements": 2, "percent_covered": 0.0, "percent_covered_display": "0", "missing_lines": 2, "excluded_lines": 0, "percent_statements_covered": 0.0, "percent_statements_covered_display": "0"}, "missing_lines": [7, 9], "excluded_lines": [], "start_line": 1}}, "classes": {"": {"executed_lines": [], "summary": {"covered_lines": 0, "num_statements": 2, "percent_covered": 0.0, "percent_covered_display": "0", "missing_lines": 2, "excluded_lines": 0, "percent_statements_covered": 0.0, "percent_statements_covered_display": "0"}, "missing_lines": [7, 9], "excluded_lines": [], "start_line": 1}}}, "src/agents/cv_analyzer/main_agent.py": {"executed_lines": [], "summary": {"covered_lines": 0, "num_statements": 139, "percent_covered": 0.0, "percent_covered_display": "0", "missing_lines": 139, "excluded_lines": 0, "percent_statements_covered": 0.0, "percent_statements_covered_display": "0"}, "missing_lines": [13, 14, 15, 16, 17, 18, 20, 21, 23, 24, 25, 27, 30, 41, 43, 49, 52, 55, 58, 60, 62, 69, 71, 77, 79, 86, 88, 94, 96, 102, 104, 110, 112, 114, 115, 117, 118, 119, 120, 121, 122, 124, 141, 143, 144, 146, 147, 148, 154, 157, 160, 167, 168, 170, 173, 174, 175, 176, 179, 197, 198, 199, 204, 206, 207, 209, 211, 212, 214, 216, 217, 218, 220, 222, 223, 224, 226, 229, 230, 231, 233, 235, 236, 237, 238, 239, 241, 244, 247, 248, 249, 251, 252, 255, 256, 258, 260, 263, 266, 267, 270, 271, 272, 274, 276, 278, 279, 281, 282, 283, 284, 288, 290, 292, 293, 294, 295, 296, 298, 308, 309, 310, 312, 313, 314, 318, 320, 322, 332, 334, 345, 349, 352, 355, 356, 357, 360, 376, 377], "excluded_lines": [], "functions": {"CVAnalyzerAgent.__init__": {"executed_lines": [], "summary": {"covered_lines": 0, "num_statements": 5, "percent_covered": 0.0, "percent_covered_display": "0", "missing_lines": 5, "excluded_lines": 0, "percent_statements_covered": 0.0, "percent_statements_covered_display": "0"}, "missing_lines": [43, 49, 52, 55, 58], "excluded_lines": [], "start_line": 41}, "CVAnalyzerAgent._init_sub_agents": {"executed_lines": [], "summary": {"covered_lines": 0, "num_statements": 13, "percent_covered": 0.0, "percent_covered_display": "0", "missing_lines": 13, "excluded_lines": 0, "percent_statements_covered": 0.0, "percent_statements_covered_display": "0"}, "missing_lines": [62, 69, 71, 77, 79, 86, 88, 94, 96, 102, 104, 110, 112], "excluded_lines": [], "start_line": 60}, "CVAnalyzerAgent.docling_converter": {"executed_lines": [], "summary": {"covered_lines": 0, "num_statements": 6, "percent_covered": 0.0, "percent_covered_display": "0", "missing_lines": 6, "excluded_lines": 0, "percent_statements_covered": 0.0, "percent_statements_covered_display": "0"}, "missing_lines": [117, 118, 119, 120, 121, 122], "excluded_lines": [], "start_line": 115}, "CVAnalyzerAgent.run": {"executed_lines": [], "summary": {"covered_lines": 0, "num_statements": 20, "percent_covered": 0.0, "percent_covered_display": "0", "missing_lines": 20, "excluded_lines": 0, "percent_statements_covered": 0.0, "percent_statements_covered_display": "0"}, "missing_lines": [141, 143, 144, 146, 147, 148, 154, 157, 160, 167, 168, 170, 173, 174, 175, 176, 179, 197, 198, 199], "excluded_lines": [], "start_line": 124}, "CVAnalyzerAgent._score_ats": {"executed_lines": [], "summary": {"covered_lines": 0, "num_statements": 2, "percent_covered": 0.0, "percent_covered_display": "0", "missing_lines": 2, "excluded_lines": 0, "percent_statements_covered": 0.0, "percent_statements_covered_display": "0"}, "missing_lines": [206, 207], "excluded_lines": [], "start_line": 204}, "CVAnalyzerAgent._extract_skills": {"executed_lines": [], "summary": {"covered_lines": 0, "num_statements": 2, "percent_covered": 0.0, "percent_covered_display": "0", "missing_lines": 2, "excluded_lines": 0, "percent_statements_covered": 0.0, "percent_statements_covered_display": "0"}, "missing_lines": [211, 212], "excluded_lines": [], "start_line": 209}, "CVAnalyzerAgent._match_job": {"executed_lines": [], "summary": {"covered_lines": 0, "num_statements": 3, "percent_covered": 0.0, "percent_covered_display": "0", "missing_lines": 3, "excluded_lines": 0, "percent_statements_covered": 0.0, "percent_statements_covered_display": "0"}, "missing_lines": [216, 217, 218], "excluded_lines": [], "start_line": 214}, "CVAnalyzerAgent._get_improvements": {"executed_lines": [], "summary": {"covered_lines": 0, "num_statements": 3, "percent_covered": 0.0, "percent_covered_display": "0", "missing_lines": 3, "excluded_lines": 0, "percent_statements_covered": 0.0, "percent_statements_covered_display": "0"}, "missing_lines": [222, 223, 224], "excluded_lines": [], "start_line": 220}, "CVAnalyzerAgent._validate_cv": {"executed_lines": [], "summary": {"covered_lines": 0, "num_statements": 3, "percent_covered": 0.0, "percent_covered_display": "0", "missing_lines": 3, "excluded_lines": 0, "percent_statements_covered": 0.0, "percent_statements_covered_display": "0"}, "missing_lines": [229, 230, 231], "excluded_lines": [], "start_line": 226}, "CVAnalyzerAgent._extract_cv_info": {"executed_lines": [], "summary": {"covered_lines": 0, "num_statements": 5, "percent_covered": 0.0, "percent_covered_display": "0", "missing_lines": 5, "excluded_lines": 0, "percent_statements_covered": 0.0, "percent_statements_covered_display": "0"}, "missing_lines": [235, 236, 237, 238, 239], "excluded_lines": [], "start_line": 233}, "CVAnalyzerAgent._extract_strengths": {"executed_lines": [], "summary": {"covered_lines": 0, "num_statements": 9, "percent_covered": 0.0, "percent_covered_display": "0", "missing_lines": 9, "excluded_lines": 0, "percent_statements_covered": 0.0, "percent_statements_covered_display": "0"}, "missing_lines": [244, 247, 248, 249, 251, 252, 255, 256, 258], "excluded_lines": [], "start_line": 241}, "CVAnalyzerAgent._extract_weaknesses": {"executed_lines": [], "summary": {"covered_lines": 0, "num_statements": 7, "percent_covered": 0.0, "percent_covered_display": "0", "missing_lines": 7, "excluded_lines": 0, "percent_statements_covered": 0.0, "percent_statements_covered_display": "0"}, "missing_lines": [263, 266, 267, 270, 271, 272, 274], "excluded_lines": [], "start_line": 260}, "CVAnalyzerAgent._parse_json": {"executed_lines": [], "summary": {"covered_lines": 0, "num_statements": 13, "percent_covered": 0.0, "percent_covered_display": "0", "missing_lines": 13, "excluded_lines": 0, "percent_statements_covered": 0.0, "percent_statements_covered_display": "0"}, "missing_lines": [278, 279, 281, 282, 283, 284, 288, 290, 292, 293, 294, 295, 296], "excluded_lines": [], "start_line": 276}, "CVAnalyzerAgent.extract_text_from_pdf": {"executed_lines": [], "summary": {"covered_lines": 0, "num_statements": 8, "percent_covered": 0.0, "percent_covered_display": "0", "missing_lines": 8, "excluded_lines": 0, "percent_statements_covered": 0.0, "percent_statements_covered_display": "0"}, "missing_lines": [308, 309, 310, 312, 313, 314, 318, 320], "excluded_lines": [], "start_line": 298}, "CVAnalyzerAgent.analyze_ats_only": {"executed_lines": [], "summary": {"covered_lines": 0, "num_statements": 1, "percent_covered": 0.0, "percent_covered_display": "0", "missing_lines": 1, "excluded_lines": 0, "percent_statements_covered": 0.0, "percent_statements_covered_display": "0"}, "missing_lines": [332], "excluded_lines": [], "start_line": 322}, "CVAnalyzerAgent.match_with_job": {"executed_lines": [], "summary": {"covered_lines": 0, "num_statements": 1, "percent_covered": 0.0, "percent_covered_display": "0", "missing_lines": 1, "excluded_lines": 0, "percent_statements_covered": 0.0, "percent_statements_covered_display": "0"}, "missing_lines": [345], "excluded_lines": [], "start_line": 334}, "get_cv_analyzer": {"executed_lines": [], "summary": {"covered_lines": 0, "num_statements": 3, "percent_covered": 0.0, "percent_covered_display": "0", "missing_lines": 3, "excluded_lines": 0, "percent_statements_covered": 0.0, "percent_statements_covered_display": "0"}, "missing_lines": [355, 356, 357], "excluded_lines": [], "start_line": 352}, "analyze_cv": {"executed_lines": [], "summary": {"covered_lines": 0, "num_statements": 2, "percent_covered": 0.0, "percent_covered_display": "0", "missing_lines": 2, "excluded_lines": 0, "percent_statements_covered": 0.0, "percent_statements_covered_display": "0"}, "missing_lines": [376, 377], "excluded_lines": [], "start_line": 360}, "": {"executed_lines": [], "summary": {"covered_lines": 0, "num_statements": 33, "percent_covered": 0.0, "percent_covered_display": "0", "missing_lines": 33, "excluded_lines": 0, "percent_statements_covered": 0.0, "percent_statements_covered_display": "0"}, "missing_lines": [13, 14, 15, 16, 17, 18, 20, 21, 23, 24, 25, 27, 30, 41, 60, 114, 115, 124, 204, 209, 214, 220, 226, 233, 241, 260, 276, 298, 322, 334, 349, 352, 360], "excluded_lines": [], "start_line": 1}}, "classes": {"CVAnalyzerAgent": {"executed_lines": [], "summary": {"covered_lines": 0, "num_statements": 101, "percent_covered": 0.0, "percent_covered_display": "0", "missing_lines": 101, "excluded_lines": 0, "percent_statements_covered": 0.0, "percent_statements_covered_display": "0"}, "missing_lines": [43, 49, 52, 55, 58, 62, 69, 71, 77, 79, 86, 88, 94, 96, 102, 104, 110, 112, 117, 118, 119, 120, 121, 122, 141, 143, 144, 146, 147, 148, 154, 157, 160, 167, 168, 170, 173, 174, 175, 176, 179, 197, 198, 199, 206, 207, 211, 212, 216, 217, 218, 222, 223, 224, 229, 230, 231, 235, 236, 237, 238, 239, 244, 247, 248, 249, 251, 252, 255, 256, 258, 263, 266, 267, 270, 271, 272, 274, 278, 279, 281, 282, 283, 284, 288, 290, 292, 293, 294, 295, 296, 308, 309, 310, 312, 313, 314, 318, 320, 332, 345], "excluded_lines": [], "start_line": 30}, "": {"executed_lines": [], "summary": {"covered_lines": 0, "num_statements": 38, "percent_covered": 0.0, "percent_covered_display": "0", "missing_lines": 38, "excluded_lines": 0, "percent_statements_covered": 0.0, "percent_statements_covered_display": "0"}, "missing_lines": [13, 14, 15, 16, 17, 18, 20, 21, 23, 24, 25, 27, 30, 41, 60, 114, 115, 124, 204, 209, 214, 220, 226, 233, 241, 260, 276, 298, 322, 334, 349, 352, 355, 356, 357, 360, 376, 377], "excluded_lines": [], "start_line": 1}}}, "src/agents/job_fairs/__init__.py": {"executed_lines": [7, 13], "summary": {"covered_lines": 2, "num_statements": 2, "percent_covered": 100.0, "percent_covered_display": "100", "missing_lines": 0, "excluded_lines": 0, "percent_statements_covered": 100.0, "percent_statements_covered_display": "100"}, "missing_lines": [], "excluded_lines": [], "functions": {"": {"executed_lines": [7, 13], "summary": {"covered_lines": 2, "num_statements": 2, "percent_covered": 100.0, "percent_covered_display": "100", "missing_lines": 0, "excluded_lines": 0, "percent_statements_covered": 100.0, "percent_statements_covered_display": "100"}, "missing_lines": [], "excluded_lines": [], "start_line": 1}}, "classes": {"": {"executed_lines": [7, 13], "summary": {"covered_lines": 2, "num_statements": 2, "percent_covered": 100.0, "percent_covered_display": "100", "missing_lines": 0, "excluded_lines": 0, "percent_statements_covered": 100.0, "percent_statements_covered_display": "100"}, "missing_lines": [], "excluded_lines": [], "start_line": 1}}}, "src/agents/job_fairs/main_agent.py": {"executed_lines": [12, 13, 15, 16, 18, 21, 28, 39, 103, 106, 114], "summary": {"covered_lines": 11, "num_statements": 28, "percent_covered": 39.285714285714285, "percent_covered_display": "39", "missing_lines": 17, "excluded_lines": 0, "percent_statements_covered": 39.285714285714285, "percent_statements_covered_display": "39"}, "missing_lines": [30, 36, 37, 60, 62, 64, 69, 77, 79, 92, 93, 94, 109, 110, 111, 134, 135], "excluded_lines": [], "functions": {"JobFairsAgent.__init__": {"executed_lines": [], "summary": {"covered_lines": 0, "num_statements": 3, "percent_covered": 0.0, "percent_covered_display": "0", "missing_lines": 3, "excluded_lines": 0, "percent_statements_covered": 0.0, "percent_statements_covered_display": "0"}, "missing_lines": [30, 36, 37], "excluded_lines": [], "start_line": 28}, "JobFairsAgent.run": {"executed_lines": [], "summary": {"covered_lines": 0, "num_statements": 9, "percent_covered": 0.0, "percent_covered_display": "0", "missing_lines": 9, "excluded_lines": 0, "percent_statements_covered": 0.0, "percent_statements_covered_display": "0"}, "missing_lines": [60, 62, 64, 69, 77, 79, 92, 93, 94], "excluded_lines": [], "start_line": 39}, "get_job_fairs_agent": {"executed_lines": [], "summary": {"covered_lines": 0, "num_statements": 3, "percent_covered": 0.0, "percent_covered_display": "0", "missing_lines": 3, "excluded_lines": 0, "percent_statements_covered": 0.0, "percent_statements_covered_display": "0"}, "missing_lines": [109, 110, 111], "excluded_lines": [], "start_line": 106}, "search_job_fairs": {"executed_lines": [], "summary": {"covered_lines": 0, "num_statements": 2, "percent_covered": 0.0, "percent_covered_display": "0", "missing_lines": 2, "excluded_lines": 0, "percent_statements_covered": 0.0, "percent_statements_covered_display": "0"}, "missing_lines": [134, 135], "excluded_lines": [], "start_line": 114}, "": {"executed_lines": [12, 13, 15, 16, 18, 21, 28, 39, 103, 106, 114], "summary": {"covered_lines": 11, "num_statements": 11, "percent_covered": 100.0, "percent_covered_display": "100", "missing_lines": 0, "excluded_lines": 0, "percent_statements_covered": 100.0, "percent_statements_covered_display": "100"}, "missing_lines": [], "excluded_lines": [], "start_line": 1}}, "classes": {"JobFairsAgent": {"executed_lines": [], "summary": {"covered_lines": 0, "num_statements": 12, "percent_covered": 0.0, "percent_covered_display": "0", "missing_lines": 12, "excluded_lines": 0, "percent_statements_covered": 0.0, "percent_statements_covered_display": "0"}, "missing_lines": [30, 36, 37, 60, 62, 64, 69, 77, 79, 92, 93, 94], "excluded_lines": [], "start_line": 21}, "": {"executed_lines": [12, 13, 15, 16, 18, 21, 28, 39, 103, 106, 114], "summary": {"covered_lines": 11, "num_statements": 16, "percent_covered": 68.75, "percent_covered_display": "69", "missing_lines": 5, "excluded_lines": 0, "percent_statements_covered": 68.75, "percent_statements_covered_display": "69"}, "missing_lines": [109, 110, 111, 134, 135], "excluded_lines": [], "start_line": 1}}}, "src/api/__init__.py": {"executed_lines": [], "summary": {"covered_lines": 0, "num_statements": 0, "percent_covered": 100.0, "percent_covered_display": "100", "missing_lines": 0, "excluded_lines": 0, "percent_statements_covered": 100.0, "percent_statements_covered_display": "100"}, "missing_lines": [], "excluded_lines": [], "functions": {"": {"executed_lines": [], "summary": {"covered_lines": 0, "num_statements": 0, "percent_covered": 100.0, "percent_covered_display": "100", "missing_lines": 0, "excluded_lines": 0, "percent_statements_covered": 100.0, "percent_statements_covered_display": "100"}, "missing_lines": [], "excluded_lines": [], "start_line": 1}}, "classes": {"": {"executed_lines": [], "summary": {"covered_lines": 0, "num_statements": 0, "percent_covered": 100.0, "percent_covered_display": "100", "missing_lines": 0, "excluded_lines": 0, "percent_statements_covered": 100.0, "percent_statements_covered_display": "100"}, "missing_lines": [], "excluded_lines": [], "start_line": 1}}}, "src/api/routes/__init__.py": {"executed_lines": [], "summary": {"covered_lines": 0, "num_statements": 0, "percent_covered": 100.0, "percent_covered_display": "100", "missing_lines": 0, "excluded_lines": 0, "percent_statements_covered": 100.0, "percent_statements_covered_display": "100"}, "missing_lines": [], "excluded_lines": [], "functions": {"": {"executed_lines": [], "summary": {"covered_lines": 0, "num_statements": 0, "percent_covered": 100.0, "percent_covered_display": "100", "missing_lines": 0, "excluded_lines": 0, "percent_statements_covered": 100.0, "percent_statements_covered_display": "100"}, "missing_lines": [], "excluded_lines": [], "start_line": 1}}, "classes": {"": {"executed_lines": [], "summary": {"covered_lines": 0, "num_statements": 0, "percent_covered": 100.0, "percent_covered_display": "100", "missing_lines": 0, "excluded_lines": 0, "percent_statements_covered": 100.0, "percent_statements_covered_display": "100"}, "missing_lines": [], "excluded_lines": [], "start_line": 1}}}, "src/api/routes/cv.py": {"executed_lines": [], "summary": {"covered_lines": 0, "num_statements": 42, "percent_covered": 0.0, "percent_covered_display": "0", "missing_lines": 42, "excluded_lines": 0, "percent_statements_covered": 0.0, "percent_statements_covered_display": "0"}, "missing_lines": [7, 8, 10, 11, 13, 16, 17, 30, 36, 37, 43, 44, 50, 51, 52, 59, 72, 73, 86, 87, 92, 93, 94, 100, 103, 104, 107, 108, 109, 110, 112, 113, 119, 125, 128, 129, 138, 140, 154, 155, 165, 167], "excluded_lines": [], "functions": {"analyze_cv": {"executed_lines": [], "summary": {"covered_lines": 0, "num_statements": 9, "percent_covered": 0.0, "percent_covered_display": "0", "missing_lines": 9, "excluded_lines": 0, "percent_statements_covered": 0.0, "percent_statements_covered_display": "0"}, "missing_lines": [30, 36, 37, 43, 44, 50, 51, 52, 59], "excluded_lines": [], "start_line": 17}, "analyze_cv_file": {"executed_lines": [], "summary": {"covered_lines": 0, "num_statements": 16, "percent_covered": 0.0, "percent_covered_display": "0", "missing_lines": 16, "excluded_lines": 0, "percent_statements_covered": 0.0, "percent_statements_covered_display": "0"}, "missing_lines": [86, 87, 92, 93, 94, 100, 103, 104, 107, 108, 109, 110, 112, 113, 119, 125], "excluded_lines": [], "start_line": 73}, "quick_ats_score": {"executed_lines": [], "summary": {"covered_lines": 0, "num_statements": 2, "percent_covered": 0.0, "percent_covered_display": "0", "missing_lines": 2, "excluded_lines": 0, "percent_statements_covered": 0.0, "percent_statements_covered_display": "0"}, "missing_lines": [138, 140], "excluded_lines": [], "start_line": 129}, "match_cv_to_job": {"executed_lines": [], "summary": {"covered_lines": 0, "num_statements": 2, "percent_covered": 0.0, "percent_covered_display": "0", "missing_lines": 2, "excluded_lines": 0, "percent_statements_covered": 0.0, "percent_statements_covered_display": "0"}, "missing_lines": [165, 167], "excluded_lines": [], "start_line": 155}, "": {"executed_lines": [], "summary": {"covered_lines": 0, "num_statements": 13, "percent_covered": 0.0, "percent_covered_display": "0", "missing_lines": 13, "excluded_lines": 0, "percent_statements_covered": 0.0, "percent_statements_covered_display": "0"}, "missing_lines": [7, 8, 10, 11, 13, 16, 17, 72, 73, 128, 129, 154, 155], "excluded_lines": [], "start_line": 1}}, "classes": {"": {"executed_lines": [], "summary": {"covered_lines": 0, "num_statements": 42, "percent_covered": 0.0, "percent_covered_display": "0", "missing_lines": 42, "excluded_lines": 0, "percent_statements_covered": 0.0, "percent_statements_covered_display": "0"}, "missing_lines": [7, 8, 10, 11, 13, 16, 17, 30, 36, 37, 43, 44, 50, 51, 52, 59, 72, 73, 86, 87, 92, 93, 94, 100, 103, 104, 107, 108, 109, 110, 112, 113, 119, 125, 128, 129, 138, 140, 154, 155, 165, 167], "excluded_lines": [], "start_line": 1}}}, "src/api/routes/job_fairs.py": {"executed_lines": [7, 8, 10, 11, 13, 14, 16, 18, 21, 23, 24, 25, 26, 27, 30, 31, 86, 87, 133, 134, 164, 165, 193, 194], "summary": {"covered_lines": 24, "num_statements": 54, "percent_covered": 44.44444444444444, "percent_covered_display": "44", "missing_lines": 30, "excluded_lines": 0, "percent_statements_covered": 44.44444444444444, "percent_statements_covered_display": "44"}, "missing_lines": [53, 54, 57, 65, 66, 69, 71, 79, 80, 81, 82, 83, 101, 102, 104, 112, 113, 116, 118, 126, 127, 128, 129, 130, 141, 157, 172, 186, 201, 208], "excluded_lines": [], "functions": {"search_job_fairs_endpoint": {"executed_lines": [], "summary": {"covered_lines": 0, "num_statements": 12, "percent_covered": 0.0, "percent_covered_display": "0", "missing_lines": 12, "excluded_lines": 0, "percent_statements_covered": 0.0, "percent_statements_covered_display": "0"}, "missing_lines": [53, 54, 57, 65, 66, 69, 71, 79, 80, 81, 82, 83], "excluded_lines": [], "start_line": 31}, "search_job_fairs_post_endpoint": {"executed_lines": [], "summary": {"covered_lines": 0, "num_statements": 12, "percent_covered": 0.0, "percent_covered_display": "0", "missing_lines": 12, "excluded_lines": 0, "percent_statements_covered": 0.0, "percent_statements_covered_display": "0"}, "missing_lines": [101, 102, 104, 112, 113, 116, 118, 126, 127, 128, 129, 130], "excluded_lines": [], "start_line": 87}, "get_available_regions": {"executed_lines": [], "summary": {"covered_lines": 0, "num_statements": 2, "percent_covered": 0.0, "percent_covered_display": "0", "missing_lines": 2, "excluded_lines": 0, "percent_statements_covered": 0.0, "percent_statements_covered_display": "0"}, "missing_lines": [141, 157], "excluded_lines": [], "start_line": 134}, "get_available_sectors": {"executed_lines": [], "summary": {"covered_lines": 0, "num_statements": 2, "percent_covered": 0.0, "percent_covered_display": "0", "missing_lines": 2, "excluded_lines": 0, "percent_statements_covered": 0.0, "percent_statements_covered_display": "0"}, "missing_lines": [172, 186], "excluded_lines": [], "start_line": 165}, "get_event_types": {"executed_lines": [], "summary": {"covered_lines": 0, "num_statements": 2, "percent_covered": 0.0, "percent_covered_display": "0", "missing_lines": 2, "excluded_lines": 0, "percent_statements_covered": 0.0, "percent_statements_covered_display": "0"}, "missing_lines": [201, 208], "excluded_lines": [], "start_line": 194}, "": {"executed_lines": [7, 8, 10, 11, 13, 14, 16, 18, 21, 23, 24, 25, 26, 27, 30, 31, 86, 87, 133, 134, 164, 165, 193, 194], "summary": {"covered_lines": 24, "num_statements": 24, "percent_covered": 100.0, "percent_covered_display": "100", "missing_lines": 0, "excluded_lines": 0, "percent_statements_covered": 100.0, "percent_statements_covered_display": "100"}, "missing_lines": [], "excluded_lines": [], "start_line": 1}}, "classes": {"JobFairSearchRequest": {"executed_lines": [], "summary": {"covered_lines": 0, "num_statements": 0, "percent_covered": 100.0, "percent_covered_display": "100", "missing_lines": 0, "excluded_lines": 0, "percent_statements_covered": 100.0, "percent_statements_covered_display": "100"}, "missing_lines": [], "excluded_lines": [], "start_line": 21}, "": {"executed_lines": [7, 8, 10, 11, 13, 14, 16, 18, 21, 23, 24, 25, 26, 27, 30, 31, 86, 87, 133, 134, 164, 165, 193, 194], "summary": {"covered_lines": 24, "num_statements": 54, "percent_covered": 44.44444444444444, "percent_covered_display": "44", "missing_lines": 30, "excluded_lines": 0, "percent_statements_covered": 44.44444444444444, "percent_statements_covered_display": "44"}, "missing_lines": [53, 54, 57, 65, 66, 69, 71, 79, 80, 81, 82, 83, 101, 102, 104, 112, 113, 116, 118, 126, 127, 128, 129, 130, 141, 157, 172, 186, 201, 208], "excluded_lines": [], "start_line": 1}}}, "src/config/__init__.py": {"executed_lines": [], "summary": {"covered_lines": 0, "num_statements": 0, "percent_covered": 100.0, "percent_covered_display": "100", "missing_lines": 0, "excluded_lines": 0, "percent_statements_covered": 100.0, "percent_statements_covered_display": "100"}, "missing_lines": [], "excluded_lines": [], "functions": {"": {"executed_lines": [], "summary": {"covered_lines": 0, "num_statements": 0, "percent_covered": 100.0, "percent_covered_display": "100", "missing_lines": 0, "excluded_lines": 0, "percent_statements_covered": 100.0, "percent_statements_covered_display": "100"}, "missing_lines": [], "excluded_lines": [], "start_line": 1}}, "classes": {"": {"executed_lines": [], "summary": {"covered_lines": 0, "num_statements": 0, "percent_covered": 100.0, "percent_covered_display": "100", "missing_lines": 0, "excluded_lines": 0, "percent_statements_covered": 100.0, "percent_statements_covered_display": "100"}, "missing_lines": [], "excluded_lines": [], "start_line": 1}}}, "src/config/settings.py": {"executed_lines": [7, 8, 10, 11, 14, 22, 32, 33, 34, 35, 40, 41, 42, 43, 48, 49, 54, 55, 56, 57, 58, 63, 64, 69, 70, 71, 74, 75, 76, 77, 82, 83, 85, 86, 90, 94, 98, 103, 104, 111, 115], "summary": {"covered_lines": 41, "num_statements": 45, "percent_covered": 91.11111111111111, "percent_covered_display": "91", "missing_lines": 4, "excluded_lines": 0, "percent_statements_covered": 91.11111111111111, "percent_statements_covered_display": "91"}, "missing_lines": [88, 92, 96, 100], "excluded_lines": [], "functions": {"Settings.is_production": {"executed_lines": [], "summary": {"covered_lines": 0, "num_statements": 1, "percent_covered": 0.0, "percent_covered_display": "0", "missing_lines": 1, "excluded_lines": 0, "percent_statements_covered": 0.0, "percent_statements_covered_display": "0"}, "missing_lines": [88], "excluded_lines": [], "start_line": 86}, "Settings.get_groq_key": {"executed_lines": [], "summary": {"covered_lines": 0, "num_statements": 1, "percent_covered": 0.0, "percent_covered_display": "0", "missing_lines": 1, "excluded_lines": 0, "percent_statements_covered": 0.0, "percent_statements_covered_display": "0"}, "missing_lines": [92], "excluded_lines": [], "start_line": 90}, "Settings.get_serpapi_key": {"executed_lines": [], "summary": {"covered_lines": 0, "num_statements": 1, "percent_covered": 0.0, "percent_covered_display": "0", "missing_lines": 1, "excluded_lines": 0, "percent_statements_covered": 0.0, "percent_statements_covered_display": "0"}, "missing_lines": [96], "excluded_lines": [], "start_line": 94}, "Settings.get_adzuna_key": {"executed_lines": [], "summary": {"covered_lines": 0, "num_statements": 1, "percent_covered": 0.0, "percent_covered_display": "0", "missing_lines": 1, "excluded_lines": 0, "percent_statements_covered": 0.0, "percent_statements_covered_display": "0"}, "missing_lines": [100], "excluded_lines": [], "start_line": 98}, "get_settings": {"executed_lines": [111], "summary": {"covered_lines": 1, "num_statements": 1, "percent_covered": 100.0, "percent_covered_display": "100", "missing_lines": 0, "excluded_lines": 0, "percent_statements_covered": 100.0, "percent_statements_covered_display": "100"}, "missing_lines": [], "excluded_lines": [], "start_line": 104}, "": {"executed_lines": [7, 8, 10, 11, 14, 22, 32, 33, 34, 35, 40, 41, 42, 43, 48, 49, 54, 55, 56, 57, 58, 63, 64, 69, 70, 71, 74, 75, 76, 77, 82, 83, 85, 86, 90, 94, 98, 103, 104, 115], "summary": {"covered_lines": 40, "num_statements": 40, "percent_covered": 100.0, "percent_covered_display": "100", "missing_lines": 0, "excluded_lines": 0, "percent_statements_covered": 100.0, "percent_statements_covered_display": "100"}, "missing_lines": [], "excluded_lines": [], "start_line": 1}}, "classes": {"Settings": {"executed_lines": [], "summary": {"covered_lines": 0, "num_statements": 4, "percent_covered": 0.0, "percent_covered_display": "0", "missing_lines": 4, "excluded_lines": 0, "percent_statements_covered": 0.0, "percent_statements_covered_display": "0"}, "missing_lines": [88, 92, 96, 100], "excluded_lines": [], "start_line": 14}, "": {"executed_lines": [7, 8, 10, 11, 14, 22, 32, 33, 34, 35, 40, 41, 42, 43, 48, 49, 54, 55, 56, 57, 58, 63, 64, 69, 70, 71, 74, 75, 76, 77, 82, 83, 85, 86, 90, 94, 98, 103, 104, 111, 115], "summary": {"covered_lines": 41, "num_statements": 41, "percent_covered": 100.0, "percent_covered_display": "100", "missing_lines": 0, "excluded_lines": 0, "percent_statements_covered": 100.0, "percent_statements_covered_display": "100"}, "missing_lines": [], "excluded_lines": [], "start_line": 1}}}, "src/models/__init__.py": {"executed_lines": [], "summary": {"covered_lines": 0, "num_statements": 0, "percent_covered": 100.0, "percent_covered_display": "100", "missing_lines": 0, "excluded_lines": 0, "percent_statements_covered": 100.0, "percent_statements_covered_display": "100"}, "missing_lines": [], "excluded_lines": [], "functions": {"": {"executed_lines": [], "summary": {"covered_lines": 0, "num_statements": 0, "percent_covered": 100.0, "percent_covered_display": "100", "missing_lines": 0, "excluded_lines": 0, "percent_statements_covered": 100.0, "percent_statements_covered_display": "100"}, "missing_lines": [], "excluded_lines": [], "start_line": 1}}, "classes": {"": {"executed_lines": [], "summary": {"covered_lines": 0, "num_statements": 0, "percent_covered": 100.0, "percent_covered_display": "100", "missing_lines": 0, "excluded_lines": 0, "percent_statements_covered": 100.0, "percent_statements_covered_display": "100"}, "missing_lines": [], "excluded_lines": [], "start_line": 1}}}, "src/models/schemas.py": {"executed_lines": [7, 8, 10, 17, 19, 20, 21, 28, 30, 31, 32, 33, 34, 35, 42, 44, 45, 46, 48, 55, 57, 58, 59, 60, 61, 62, 65, 67, 68, 69, 70, 71, 72, 73, 74, 81, 83, 84, 85, 86, 87, 88, 89, 90, 91, 92, 93, 94, 95, 96, 97, 98, 99, 100, 101, 102, 105, 107, 108, 109, 110, 111, 114, 116, 117, 118, 119, 120], "summary": {"covered_lines": 68, "num_statements": 68, "percent_covered": 100.0, "percent_covered_display": "100", "missing_lines": 0, "excluded_lines": 0, "percent_statements_covered": 100.0, "percent_statements_covered_display": "100"}, "missing_lines": [], "excluded_lines": [], "functions": {"": {"executed_lines": [7, 8, 10, 17, 19, 20, 21, 28, 30, 31, 32, 33, 34, 35, 42, 44, 45, 46, 48, 55, 57, 58, 59, 60, 61, 62, 65, 67, 68, 69, 70, 71, 72, 73, 74, 81, 83, 84, 85, 86, 87, 88, 89, 90, 91, 92, 93, 94, 95, 96, 97, 98, 99, 100, 101, 102, 105, 107, 108, 109, 110, 111, 114, 116, 117, 118, 119, 120], "summary": {"covered_lines": 68, "num_statements": 68, "percent_covered": 100.0, "percent_covered_display": "100", "missing_lines": 0, "excluded_lines": 0, "percent_statements_covered": 100.0, "percent_statements_covered_display": "100"}, "missing_lines": [], "excluded_lines": [], "start_line": 1}}, "classes": {"BaseResponse": {"executed_lines": [], "summary": {"covered_lines": 0, "num_statements": 0, "percent_covered": 100.0, "percent_covered_display": "100", "missing_lines": 0, "excluded_lines": 0, "percent_statements_covered": 100.0, "percent_statements_covered_display": "100"}, "missing_lines": [], "excluded_lines": [], "start_line": 17}, "TrainingRecommendation": {"executed_lines": [], "summary": {"covered_lines": 0, "num_statements": 0, "percent_covered": 100.0, "percent_covered_display": "100", "missing_lines": 0, "excluded_lines": 0, "percent_statements_covered": 100.0, "percent_statements_covered_display": "100"}, "missing_lines": [], "excluded_lines": [], "start_line": 28}, "CVAnalysisRequest": {"executed_lines": [], "summary": {"covered_lines": 0, "num_statements": 0, "percent_covered": 100.0, "percent_covered_display": "100", "missing_lines": 0, "excluded_lines": 0, "percent_statements_covered": 100.0, "percent_statements_covered_display": "100"}, "missing_lines": [], "excluded_lines": [], "start_line": 42}, "ATSScore": {"executed_lines": [], "summary": {"covered_lines": 0, "num_statements": 0, "percent_covered": 100.0, "percent_covered_display": "100", "missing_lines": 0, "excluded_lines": 0, "percent_statements_covered": 100.0, "percent_statements_covered_display": "100"}, "missing_lines": [], "excluded_lines": [], "start_line": 55}, "CVAnalysisResponse": {"executed_lines": [], "summary": {"covered_lines": 0, "num_statements": 0, "percent_covered": 100.0, "percent_covered_display": "100", "missing_lines": 0, "excluded_lines": 0, "percent_statements_covered": 100.0, "percent_statements_covered_display": "100"}, "missing_lines": [], "excluded_lines": [], "start_line": 65}, "JobFair": {"executed_lines": [], "summary": {"covered_lines": 0, "num_statements": 0, "percent_covered": 100.0, "percent_covered_display": "100", "missing_lines": 0, "excluded_lines": 0, "percent_statements_covered": 100.0, "percent_statements_covered_display": "100"}, "missing_lines": [], "excluded_lines": [], "start_line": 81}, "JobFairSearchRequest": {"executed_lines": [], "summary": {"covered_lines": 0, "num_statements": 0, "percent_covered": 100.0, "percent_covered_display": "100", "missing_lines": 0, "excluded_lines": 0, "percent_statements_covered": 100.0, "percent_statements_covered_display": "100"}, "missing_lines": [], "excluded_lines": [], "start_line": 105}, "JobFairSearchResponse": {"executed_lines": [], "summary": {"covered_lines": 0, "num_statements": 0, "percent_covered": 100.0, "percent_covered_display": "100", "missing_lines": 0, "excluded_lines": 0, "percent_statements_covered": 100.0, "percent_statements_covered_display": "100"}, "missing_lines": [], "excluded_lines": [], "start_line": 114}, "": {"executed_lines": [7, 8, 10, 17, 19, 20, 21, 28, 30, 31, 32, 33, 34, 35, 42, 44, 45, 46, 48, 55, 57, 58, 59, 60, 61, 62, 65, 67, 68, 69, 70, 71, 72, 73, 74, 81, 83, 84, 85, 86, 87, 88, 89, 90, 91, 92, 93, 94, 95, 96, 97, 98, 99, 100, 101, 102, 105, 107, 108, 109, 110, 111, 114, 116, 117, 118, 119, 120], "summary": {"covered_lines": 68, "num_statements": 68, "percent_covered": 100.0, "percent_covered_display": "100", "missing_lines": 0, "excluded_lines": 0, "percent_statements_covered": 100.0, "percent_statements_covered_display": "100"}, "missing_lines": [], "excluded_lines": [], "start_line": 1}}}, "src/utils/validators.py": {"executed_lines": [6, 7, 10, 54, 76, 98, 120, 141, 163, 185], "summary": {"covered_lines": 10, "num_statements": 60, "percent_covered": 16.666666666666668, "percent_covered_display": "17", "missing_lines": 50, "excluded_lines": 0, "percent_statements_covered": 16.666666666666668, "percent_statements_covered_display": "17"}, "missing_lines": [24, 25, 27, 28, 31, 34, 46, 47, 48, 49, 51, 67, 69, 70, 71, 73, 90, 92, 93, 95, 111, 114, 115, 117, 133, 135, 136, 138, 154, 157, 158, 160, 176, 179, 180, 182, 198, 199, 201, 204, 205, 208, 209, 210, 213, 214, 215, 216, 217, 219], "excluded_lines": [], "functions": {"validate_user_input": {"executed_lines": [], "summary": {"covered_lines": 0, "num_statements": 11, "percent_covered": 0.0, "percent_covered_display": "0", "missing_lines": 11, "excluded_lines": 0, "percent_statements_covered": 0.0, "percent_statements_covered_display": "0"}, "missing_lines": [24, 25, 27, 28, 31, 34, 46, 47, 48, 49, 51], "excluded_lines": [], "start_line": 10}, "validate_email": {"executed_lines": [], "summary": {"covered_lines": 0, "num_statements": 5, "percent_covered": 0.0, "percent_covered_display": "0", "missing_lines": 5, "excluded_lines": 0, "percent_statements_covered": 0.0, "percent_statements_covered_display": "0"}, "missing_lines": [67, 69, 70, 71, 73], "excluded_lines": [], "start_line": 54}, "validate_phone": {"executed_lines": [], "summary": {"covered_lines": 0, "num_statements": 4, "percent_covered": 0.0, "percent_covered_display": "0", "missing_lines": 4, "excluded_lines": 0, "percent_statements_covered": 0.0, "percent_statements_covered_display": "0"}, "missing_lines": [90, 92, 93, 95], "excluded_lines": [], "start_line": 76}, "validate_job_title": {"executed_lines": [], "summary": {"covered_lines": 0, "num_statements": 4, "percent_covered": 0.0, "percent_covered_display": "0", "missing_lines": 4, "excluded_lines": 0, "percent_statements_covered": 0.0, "percent_statements_covered_display": "0"}, "missing_lines": [111, 114, 115, 117], "excluded_lines": [], "start_line": 98}, "validate_country_code": {"executed_lines": [], "summary": {"covered_lines": 0, "num_statements": 4, "percent_covered": 0.0, "percent_covered_display": "0", "missing_lines": 4, "excluded_lines": 0, "percent_statements_covered": 0.0, "percent_statements_covered_display": "0"}, "missing_lines": [133, 135, 136, 138], "excluded_lines": [], "start_line": 120}, "validate_city": {"executed_lines": [], "summary": {"covered_lines": 0, "num_statements": 4, "percent_covered": 0.0, "percent_covered_display": "0", "missing_lines": 4, "excluded_lines": 0, "percent_statements_covered": 0.0, "percent_statements_covered_display": "0"}, "missing_lines": [154, 157, 158, 160], "excluded_lines": [], "start_line": 141}, "validate_company_name": {"executed_lines": [], "summary": {"covered_lines": 0, "num_statements": 4, "percent_covered": 0.0, "percent_covered_display": "0", "missing_lines": 4, "excluded_lines": 0, "percent_statements_covered": 0.0, "percent_statements_covered_display": "0"}, "missing_lines": [176, 179, 180, 182], "excluded_lines": [], "start_line": 163}, "validate_url": {"executed_lines": [], "summary": {"covered_lines": 0, "num_statements": 14, "percent_covered": 0.0, "percent_covered_display": "0", "missing_lines": 14, "excluded_lines": 0, "percent_statements_covered": 0.0, "percent_statements_covered_display": "0"}, "missing_lines": [198, 199, 201, 204, 205, 208, 209, 210, 213, 214, 215, 216, 217, 219], "excluded_lines": [], "start_line": 185}, "": {"executed_lines": [6, 7, 10, 54, 76, 98, 120, 141, 163, 185], "summary": {"covered_lines": 10, "num_statements": 10, "percent_covered": 100.0, "percent_covered_display": "100", "missing_lines": 0, "excluded_lines": 0, "percent_statements_covered": 100.0, "percent_statements_covered_display": "100"}, "missing_lines": [], "excluded_lines": [], "start_line": 1}}, "classes": {"": {"executed_lines": [6, 7, 10, 54, 76, 98, 120, 141, 163, 185], "summary": {"covered_lines": 10, "num_statements": 60, "percent_covered": 16.666666666666668, "percent_covered_display": "17", "missing_lines": 50, "excluded_lines": 0, "percent_statements_covered": 16.666666666666668, "percent_statements_covered_display": "17"}, "missing_lines": [24, 25, 27, 28, 31, 34, 46, 47, 48, 49, 51, 67, 69, 70, 71, 73, 90, 92, 93, 95, 111, 114, 115, 117, 133, 135, 136, 138, 154, 157, 158, 160, 176, 179, 180, 182, 198, 199, 201, 204, 205, 208, 209, 210, 213, 214, 215, 216, 217, 219], "excluded_lines": [], "start_line": 1}}}}, "totals": {"covered_lines": 553, "num_statements": 1606, "percent_covered": 34.43337484433375, "percent_covered_display": "34", "missing_lines": 1053, "excluded_lines": 0, "percent_statements_covered": 34.43337484433375, "percent_statements_covered_display": "34"}}