{"meta": {"format": 3, "version": "7.13.3", "timestamp": "2026-03-25T00:51:11.267537", "branch_coverage": false, "show_contexts": false}, "files": {"backend/src/__init__.py": {"executed_lines": [10, 11], "summary": {"covered_lines": 2, "num_statements": 2, "percent_covered": 100.0, "percent_covered_display": "100", "missing_lines": 0, "excluded_lines": 0, "percent_statements_covered": 100.0, "percent_statements_covered_display": "100"}, "missing_lines": [], "excluded_lines": [], "functions": {"": {"executed_lines": [10, 11], "summary": {"covered_lines": 2, "num_statements": 2, "percent_covered": 100.0, "percent_covered_display": "100", "missing_lines": 0, "excluded_lines": 0, "percent_statements_covered": 100.0, "percent_statements_covered_display": "100"}, "missing_lines": [], "excluded_lines": [], "start_line": 1}}, "classes": {"": {"executed_lines": [10, 11], "summary": {"covered_lines": 2, "num_statements": 2, "percent_covered": 100.0, "percent_covered_display": "100", "missing_lines": 0, "excluded_lines": 0, "percent_statements_covered": 100.0, "percent_statements_covered_display": "100"}, "missing_lines": [], "excluded_lines": [], "start_line": 1}}}, "backend/src/agents/__init__.py": {"executed_lines": [], "summary": {"covered_lines": 0, "num_statements": 7, "percent_covered": 0.0, "percent_covered_display": "0", "missing_lines": 7, "excluded_lines": 0, "percent_statements_covered": 0.0, "percent_statements_covered_display": "0"}, "missing_lines": [9, 10, 11, 12, 13, 14, 16], "excluded_lines": [], "functions": {"": {"executed_lines": [], "summary": {"covered_lines": 0, "num_statements": 7, "percent_covered": 0.0, "percent_covered_display": "0", "missing_lines": 7, "excluded_lines": 0, "percent_statements_covered": 0.0, "percent_statements_covered_display": "0"}, "missing_lines": [9, 10, 11, 12, 13, 14, 16], "excluded_lines": [], "start_line": 1}}, "classes": {"": {"executed_lines": [], "summary": {"covered_lines": 0, "num_statements": 7, "percent_covered": 0.0, "percent_covered_display": "0", "missing_lines": 7, "excluded_lines": 0, "percent_statements_covered": 0.0, "percent_statements_covered_display": "0"}, "missing_lines": [9, 10, 11, 12, 13, 14, 16], "excluded_lines": [], "start_line": 1}}}, "backend/src/agents/base.py": {"executed_lines": [], "summary": {"covered_lines": 0, "num_statements": 130, "percent_covered": 0.0, "percent_covered_display": "0", "missing_lines": 130, "excluded_lines": 0, "percent_statements_covered": 0.0, "percent_statements_covered_display": "0"}, "missing_lines": [12, 13, 14, 15, 16, 17, 18, 20, 21, 22, 23, 25, 26, 28, 31, 36, 37, 38, 39, 40, 41, 42, 43, 44, 46, 47, 48, 49, 50, 53, 55, 56, 57, 58, 59, 60, 63, 74, 81, 82, 83, 84, 87, 94, 97, 99, 101, 103, 104, 106, 107, 109, 111, 118, 119, 121, 128, 129, 131, 142, 143, 145, 147, 162, 164, 165, 166, 167, 168, 169, 170, 171, 173, 174, 176, 191, 192, 193, 201, 202, 203, 204, 206, 218, 219, 221, 223, 224, 225, 228, 229, 230, 231, 232, 233, 236, 237, 238, 239, 240, 241, 243, 244, 246, 248, 250, 251, 261, 264, 272, 290, 291, 294, 302, 304, 315, 316, 321, 322, 330, 331, 332, 333, 336, 343, 344, 346, 348, 350, 352], "excluded_lines": [], "functions": {"load_prompt": {"executed_lines": [], "summary": {"covered_lines": 0, "num_statements": 14, "percent_covered": 0.0, "percent_covered_display": "0", "missing_lines": 14, "excluded_lines": 0, "percent_statements_covered": 0.0, "percent_statements_covered_display": "0"}, "missing_lines": [36, 37, 38, 39, 40, 41, 42, 43, 44, 46, 47, 48, 49, 50], "excluded_lines": [], "start_line": 31}, "BaseAgent.__init__": {"executed_lines": [], "summary": {"covered_lines": 0, "num_statements": 8, "percent_covered": 0.0, "percent_covered_display": "0", "missing_lines": 8, "excluded_lines": 0, "percent_statements_covered": 0.0, "percent_statements_covered_display": "0"}, "missing_lines": [81, 82, 83, 84, 87, 94, 97, 99], "excluded_lines": [], "start_line": 74}, "BaseAgent._load_system_prompt": {"executed_lines": [], "summary": {"covered_lines": 0, "num_statements": 5, "percent_covered": 0.0, "percent_covered_display": "0", "missing_lines": 5, "excluded_lines": 0, "percent_statements_covered": 0.0, "percent_statements_covered_display": "0"}, "missing_lines": [103, 104, 106, 107, 109], "excluded_lines": [], "start_line": 101}, "BaseAgent.register_sub_agent": {"executed_lines": [], "summary": {"covered_lines": 0, "num_statements": 2, "percent_covered": 0.0, "percent_covered_display": "0", "missing_lines": 2, "excluded_lines": 0, "percent_statements_covered": 0.0, "percent_statements_covered_display": "0"}, "missing_lines": [118, 119], "excluded_lines": [], "start_line": 111}, "BaseAgent.register_tool": {"executed_lines": [], "summary": {"covered_lines": 0, "num_statements": 2, "percent_covered": 0.0, "percent_covered_display": "0", "missing_lines": 2, "excluded_lines": 0, "percent_statements_covered": 0.0, "percent_statements_covered_display": "0"}, "missing_lines": [128, 129], "excluded_lines": [], "start_line": 121}, "BaseAgent.delegate_to": {"executed_lines": [], "summary": {"covered_lines": 0, "num_statements": 3, "percent_covered": 0.0, "percent_covered_display": "0", "missing_lines": 3, "excluded_lines": 0, "percent_statements_covered": 0.0, "percent_statements_covered_display": "0"}, "missing_lines": [142, 143, 145], "excluded_lines": [], "start_line": 131}, "BaseAgent.build_messages": {"executed_lines": [], "summary": {"covered_lines": 0, "num_statements": 11, "percent_covered": 0.0, "percent_covered_display": "0", "missing_lines": 11, "excluded_lines": 0, "percent_statements_covered": 0.0, "percent_statements_covered_display": "0"}, "missing_lines": [162, 164, 165, 166, 167, 168, 169, 170, 171, 173, 174], "excluded_lines": [], "start_line": 147}, "BaseAgent.chat": {"executed_lines": [], "summary": {"covered_lines": 0, "num_statements": 7, "percent_covered": 0.0, "percent_covered_display": "0", "missing_lines": 7, "excluded_lines": 0, "percent_statements_covered": 0.0, "percent_statements_covered_display": "0"}, "missing_lines": [191, 192, 193, 201, 202, 203, 204], "excluded_lines": [], "start_line": 176}, "BaseAgent._parse_json": {"executed_lines": [], "summary": {"covered_lines": 0, "num_statements": 20, "percent_covered": 0.0, "percent_covered_display": "0", "missing_lines": 20, "excluded_lines": 0, "percent_statements_covered": 0.0, "percent_statements_covered_display": "0"}, "missing_lines": [218, 219, 221, 223, 224, 225, 228, 229, 230, 231, 232, 233, 236, 237, 238, 239, 240, 241, 243, 244], "excluded_lines": [], "start_line": 206}, "BaseAgent._parse_json_response": {"executed_lines": [], "summary": {"covered_lines": 0, "num_statements": 1, "percent_covered": 0.0, "percent_covered_display": "0", "missing_lines": 1, "excluded_lines": 0, "percent_statements_covered": 0.0, "percent_statements_covered_display": "0"}, "missing_lines": [248], "excluded_lines": [], "start_line": 246}, "BaseAgent.run": {"executed_lines": [], "summary": {"covered_lines": 0, "num_statements": 1, "percent_covered": 0.0, "percent_covered_display": "0", "missing_lines": 1, "excluded_lines": 0, "percent_statements_covered": 0.0, "percent_statements_covered_display": "0"}, "missing_lines": [261], "excluded_lines": [], "start_line": 251}, "SubAgent.__init__": {"executed_lines": [], "summary": {"covered_lines": 0, "num_statements": 4, "percent_covered": 0.0, "percent_covered_display": "0", "missing_lines": 4, "excluded_lines": 0, "percent_statements_covered": 0.0, "percent_statements_covered_display": "0"}, "missing_lines": [290, 291, 294, 302], "excluded_lines": [], "start_line": 272}, "SubAgent.run": {"executed_lines": [], "summary": {"covered_lines": 0, "num_statements": 8, "percent_covered": 0.0, "percent_covered_display": "0", "missing_lines": 8, "excluded_lines": 0, "percent_statements_covered": 0.0, "percent_statements_covered_display": "0"}, "missing_lines": [315, 316, 321, 322, 330, 331, 332, 333], "excluded_lines": [], "start_line": 304}, "BaseTool._run": {"executed_lines": [], "summary": {"covered_lines": 0, "num_statements": 1, "percent_covered": 0.0, "percent_covered_display": "0", "missing_lines": 1, "excluded_lines": 0, "percent_statements_covered": 0.0, "percent_statements_covered_display": "0"}, "missing_lines": [348], "excluded_lines": [], "start_line": 346}, "BaseTool._arun": {"executed_lines": [], "summary": {"covered_lines": 0, "num_statements": 1, "percent_covered": 0.0, "percent_covered_display": "0", "missing_lines": 1, "excluded_lines": 0, "percent_statements_covered": 0.0, "percent_statements_covered_display": "0"}, "missing_lines": [352], "excluded_lines": [], "start_line": 350}, "": {"executed_lines": [], "summary": {"covered_lines": 0, "num_statements": 42, "percent_covered": 0.0, "percent_covered_display": "0", "missing_lines": 42, "excluded_lines": 0, "percent_statements_covered": 0.0, "percent_statements_covered_display": "0"}, "missing_lines": [12, 13, 14, 15, 16, 17, 18, 20, 21, 22, 23, 25, 26, 28, 31, 53, 55, 56, 57, 58, 59, 60, 63, 74, 101, 111, 121, 131, 147, 176, 206, 246, 250, 251, 264, 272, 304, 336, 343, 344, 346, 350], "excluded_lines": [], "start_line": 1}}, "classes": {"AgentConfig": {"executed_lines": [], "summary": {"covered_lines": 0, "num_statements": 0, "percent_covered": 100.0, "percent_covered_display": "100", "missing_lines": 0, "excluded_lines": 0, "percent_statements_covered": 100.0, "percent_statements_covered_display": "100"}, "missing_lines": [], "excluded_lines": [], "start_line": 53}, "BaseAgent": {"executed_lines": [], "summary": {"covered_lines": 0, "num_statements": 60, "percent_covered": 0.0, "percent_covered_display": "0", "missing_lines": 60, "excluded_lines": 0, "percent_statements_covered": 0.0, "percent_statements_covered_display": "0"}, "missing_lines": [81, 82, 83, 84, 87, 94, 97, 99, 103, 104, 106, 107, 109, 118, 119, 128, 129, 142, 143, 145, 162, 164, 165, 166, 167, 168, 169, 170, 171, 173, 174, 191, 192, 193, 201, 202, 203, 204, 218, 219, 221, 223, 224, 225, 228, 229, 230, 231, 232, 233, 236, 237, 238, 239, 240, 241, 243, 244, 248, 261], "excluded_lines": [], "start_line": 63}, "SubAgent": {"executed_lines": [], "summary": {"covered_lines": 0, "num_statements": 12, "percent_covered": 0.0, "percent_covered_display": "0", "missing_lines": 12, "excluded_lines": 0, "percent_statements_covered": 0.0, "percent_statements_covered_display": "0"}, "missing_lines": [290, 291, 294, 302, 315, 316, 321, 322, 330, 331, 332, 333], "excluded_lines": [], "start_line": 264}, "BaseTool": {"executed_lines": [], "summary": {"covered_lines": 0, "num_statements": 2, "percent_covered": 0.0, "percent_covered_display": "0", "missing_lines": 2, "excluded_lines": 0, "percent_statements_covered": 0.0, "percent_statements_covered_display": "0"}, "missing_lines": [348, 352], "excluded_lines": [], "start_line": 336}, "": {"executed_lines": [], "summary": {"covered_lines": 0, "num_statements": 56, "percent_covered": 0.0, "percent_covered_display": "0", "missing_lines": 56, "excluded_lines": 0, "percent_statements_covered": 0.0, "percent_statements_covered_display": "0"}, "missing_lines": [12, 13, 14, 15, 16, 17, 18, 20, 21, 22, 23, 25, 26, 28, 31, 36, 37, 38, 39, 40, 41, 42, 43, 44, 46, 47, 48, 49, 50, 53, 55, 56, 57, 58, 59, 60, 63, 74, 101, 111, 121, 131, 147, 176, 206, 246, 250, 251, 264, 272, 304, 336, 343, 344, 346, 350], "excluded_lines": [], "start_line": 1}}}, "backend/src/agents/branding/__init__.py": {"executed_lines": [], "summary": {"covered_lines": 0, "num_statements": 2, "percent_covered": 0.0, "percent_covered_display": "0", "missing_lines": 2, "excluded_lines": 0, "percent_statements_covered": 0.0, "percent_statements_covered_display": "0"}, "missing_lines": [7, 9], "excluded_lines": [], "functions": {"": {"executed_lines": [], "summary": {"covered_lines": 0, "num_statements": 2, "percent_covered": 0.0, "percent_covered_display": "0", "missing_lines": 2, "excluded_lines": 0, "percent_statements_covered": 0.0, "percent_statements_covered_display": "0"}, "missing_lines": [7, 9], "excluded_lines": [], "start_line": 1}}, "classes": {"": {"executed_lines": [], "summary": {"covered_lines": 0, "num_statements": 2, "percent_covered": 0.0, "percent_covered_display": "0", "missing_lines": 2, "excluded_lines": 0, "percent_statements_covered": 0.0, "percent_statements_covered_display": "0"}, "missing_lines": [7, 9], "excluded_lines": [], "start_line": 1}}}, "backend/src/agents/branding/main_agent.py": {"executed_lines": [], "summary": {"covered_lines": 0, "num_statements": 67, "percent_covered": 0.0, "percent_covered_display": "0", "missing_lines": 67, "excluded_lines": 0, "percent_statements_covered": 0.0, "percent_statements_covered_display": "0"}, "missing_lines": [17, 18, 20, 21, 23, 26, 34, 45, 47, 54, 56, 77, 79, 80, 83, 84, 87, 88, 91, 93, 100, 101, 102, 109, 116, 117, 119, 120, 122, 123, 125, 126, 127, 128, 129, 130, 131, 132, 133, 134, 135, 136, 137, 138, 139, 140, 142, 144, 151, 152, 155, 156, 157, 158, 159, 160, 161, 164, 166, 168, 170, 171, 172, 173, 174, 175, 176], "excluded_lines": [], "functions": {"BrandingAgent.__init__": {"executed_lines": [], "summary": {"covered_lines": 0, "num_statements": 2, "percent_covered": 0.0, "percent_covered_display": "0", "missing_lines": 2, "excluded_lines": 0, "percent_statements_covered": 0.0, "percent_statements_covered_display": "0"}, "missing_lines": [47, 54], "excluded_lines": [], "start_line": 45}, "BrandingAgent.run": {"executed_lines": [], "summary": {"covered_lines": 0, "num_statements": 12, "percent_covered": 0.0, "percent_covered_display": "0", "missing_lines": 12, "excluded_lines": 0, "percent_statements_covered": 0.0, "percent_statements_covered_display": "0"}, "missing_lines": [77, 79, 80, 83, 84, 87, 88, 91, 93, 100, 101, 102], "excluded_lines": [], "start_line": 56}, "BrandingAgent._build_state_context": {"executed_lines": [], "summary": {"covered_lines": 0, "num_statements": 23, "percent_covered": 0.0, "percent_covered_display": "0", "missing_lines": 23, "excluded_lines": 0, "percent_statements_covered": 0.0, "percent_statements_covered_display": "0"}, "missing_lines": [116, 117, 119, 120, 122, 123, 125, 126, 127, 128, 129, 130, 131, 132, 133, 134, 135, 136, 137, 138, 139, 140, 142], "excluded_lines": [], "start_line": 109}, "BrandingAgent._extract_state_updates": {"executed_lines": [], "summary": {"covered_lines": 0, "num_statements": 11, "percent_covered": 0.0, "percent_covered_display": "0", "missing_lines": 11, "excluded_lines": 0, "percent_statements_covered": 0.0, "percent_statements_covered_display": "0"}, "missing_lines": [151, 152, 155, 156, 157, 158, 159, 160, 161, 164, 166], "excluded_lines": [], "start_line": 144}, "BrandingAgent._determine_step": {"executed_lines": [], "summary": {"covered_lines": 0, "num_statements": 7, "percent_covered": 0.0, "percent_covered_display": "0", "missing_lines": 7, "excluded_lines": 0, "percent_statements_covered": 0.0, "percent_statements_covered_display": "0"}, "missing_lines": [170, 171, 172, 173, 174, 175, 176], "excluded_lines": [], "start_line": 168}, "": {"executed_lines": [], "summary": {"covered_lines": 0, "num_statements": 12, "percent_covered": 0.0, "percent_covered_display": "0", "missing_lines": 12, "excluded_lines": 0, "percent_statements_covered": 0.0, "percent_statements_covered_display": "0"}, "missing_lines": [17, 18, 20, 21, 23, 26, 34, 45, 56, 109, 144, 168], "excluded_lines": [], "start_line": 1}}, "classes": {"BrandingAgent": {"executed_lines": [], "summary": {"covered_lines": 0, "num_statements": 55, "percent_covered": 0.0, "percent_covered_display": "0", "missing_lines": 55, "excluded_lines": 0, "percent_statements_covered": 0.0, "percent_statements_covered_display": "0"}, "missing_lines": [47, 54, 77, 79, 80, 83, 84, 87, 88, 91, 93, 100, 101, 102, 116, 117, 119, 120, 122, 123, 125, 126, 127, 128, 129, 130, 131, 132, 133, 134, 135, 136, 137, 138, 139, 140, 142, 151, 152, 155, 156, 157, 158, 159, 160, 161, 164, 166, 170, 171, 172, 173, 174, 175, 176], "excluded_lines": [], "start_line": 34}, "": {"executed_lines": [], "summary": {"covered_lines": 0, "num_statements": 12, "percent_covered": 0.0, "percent_covered_display": "0", "missing_lines": 12, "excluded_lines": 0, "percent_statements_covered": 0.0, "percent_statements_covered_display": "0"}, "missing_lines": [17, 18, 20, 21, 23, 26, 34, 45, 56, 109, 144, 168], "excluded_lines": [], "start_line": 1}}}, "backend/src/agents/coach/__init__.py": {"executed_lines": [], "summary": {"covered_lines": 0, "num_statements": 2, "percent_covered": 0.0, "percent_covered_display": "0", "missing_lines": 2, "excluded_lines": 0, "percent_statements_covered": 0.0, "percent_statements_covered_display": "0"}, "missing_lines": [7, 9], "excluded_lines": [], "functions": {"": {"executed_lines": [], "summary": {"covered_lines": 0, "num_statements": 2, "percent_covered": 0.0, "percent_covered_display": "0", "missing_lines": 2, "excluded_lines": 0, "percent_statements_covered": 0.0, "percent_statements_covered_display": "0"}, "missing_lines": [7, 9], "excluded_lines": [], "start_line": 1}}, "classes": {"": {"executed_lines": [], "summary": {"covered_lines": 0, "num_statements": 2, "percent_covered": 0.0, "percent_covered_display": "0", "missing_lines": 2, "excluded_lines": 0, "percent_statements_covered": 0.0, "percent_statements_covered_display": "0"}, "missing_lines": [7, 9], "excluded_lines": [], "start_line": 1}}}, "backend/src/agents/coach/main_agent.py": {"executed_lines": [], "summary": {"covered_lines": 0, "num_statements": 222, "percent_covered": 0.0, "percent_covered_display": "0", "missing_lines": 222, "excluded_lines": 0, "percent_statements_covered": 0.0, "percent_statements_covered_display": "0"}, "missing_lines": [12, 13, 14, 15, 17, 18, 19, 20, 22, 25, 35, 37, 44, 47, 49, 52, 58, 61, 67, 70, 76, 79, 85, 88, 94, 96, 99, 108, 118, 127, 129, 130, 131, 132, 134, 136, 137, 139, 141, 142, 144, 146, 147, 150, 160, 161, 164, 169, 170, 173, 177, 178, 181, 186, 187, 190, 191, 194, 195, 198, 199, 201, 203, 208, 209, 210, 214, 217, 231, 232, 233, 234, 235, 238, 247, 248, 249, 250, 251, 254, 255, 256, 257, 258, 259, 260, 262, 264, 271, 274, 275, 276, 280, 281, 287, 288, 290, 293, 295, 304, 305, 308, 309, 310, 311, 314, 315, 316, 317, 318, 319, 320, 321, 322, 324, 326, 328, 329, 330, 331, 337, 339, 365, 367, 368, 369, 371, 373, 374, 375, 376, 377, 378, 379, 380, 392, 397, 411, 412, 414, 415, 416, 417, 420, 421, 422, 425, 427, 428, 429, 430, 431, 432, 433, 434, 436, 438, 439, 448, 449, 450, 451, 452, 455, 456, 457, 460, 462, 463, 464, 465, 466, 469, 470, 472, 473, 474, 478, 479, 486, 487, 489, 490, 493, 496, 497, 498, 501, 504, 505, 506, 507, 508, 509, 510, 511, 512, 513, 515, 522, 523, 524, 525, 526, 528, 530, 547, 555, 556, 558, 559, 569, 571, 588, 596, 597, 600, 611, 612, 615, 631, 632], "excluded_lines": [], "functions": {"CareerCoachAgent.__init__": {"executed_lines": [], "summary": {"covered_lines": 0, "num_statements": 3, "percent_covered": 0.0, "percent_covered_display": "0", "missing_lines": 3, "excluded_lines": 0, "percent_statements_covered": 0.0, "percent_statements_covered_display": "0"}, "missing_lines": [37, 44, 47], "excluded_lines": [], "start_line": 35}, "CareerCoachAgent._init_sub_agents": {"executed_lines": [], "summary": {"covered_lines": 0, "num_statements": 11, "percent_covered": 0.0, "percent_covered_display": "0", "missing_lines": 11, "excluded_lines": 0, "percent_statements_covered": 0.0, "percent_statements_covered_display": "0"}, "missing_lines": [52, 58, 61, 67, 70, 76, 79, 85, 88, 94, 96], "excluded_lines": [], "start_line": 49}, "CareerCoachAgent._is_meta_message": {"executed_lines": [], "summary": {"covered_lines": 0, "num_statements": 4, "percent_covered": 0.0, "percent_covered_display": "0", "missing_lines": 4, "excluded_lines": 0, "percent_statements_covered": 0.0, "percent_statements_covered_display": "0"}, "missing_lines": [129, 130, 131, 132], "excluded_lines": [], "start_line": 127}, "CareerCoachAgent._is_crisis_message": {"executed_lines": [], "summary": {"covered_lines": 0, "num_statements": 2, "percent_covered": 0.0, "percent_covered_display": "0", "missing_lines": 2, "excluded_lines": 0, "percent_statements_covered": 0.0, "percent_statements_covered_display": "0"}, "missing_lines": [136, 137], "excluded_lines": [], "start_line": 134}, "CareerCoachAgent._is_orientation_message": {"executed_lines": [], "summary": {"covered_lines": 0, "num_statements": 2, "percent_covered": 0.0, "percent_covered_display": "0", "missing_lines": 2, "excluded_lines": 0, "percent_statements_covered": 0.0, "percent_statements_covered_display": "0"}, "missing_lines": [141, 142], "excluded_lines": [], "start_line": 139}, "CareerCoachAgent._classify_message_needs": {"executed_lines": [], "summary": {"covered_lines": 0, "num_statements": 21, "percent_covered": 0.0, "percent_covered_display": "0", "missing_lines": 21, "excluded_lines": 0, "percent_statements_covered": 0.0, "percent_statements_covered_display": "0"}, "missing_lines": [146, 147, 150, 160, 161, 164, 169, 170, 173, 177, 178, 181, 186, 187, 190, 191, 194, 195, 198, 199, 201], "excluded_lines": [], "start_line": 144}, "CareerCoachAgent._extract_user_profile": {"executed_lines": [], "summary": {"covered_lines": 0, "num_statements": 24, "percent_covered": 0.0, "percent_covered_display": "0", "missing_lines": 24, "excluded_lines": 0, "percent_statements_covered": 0.0, "percent_statements_covered_display": "0"}, "missing_lines": [208, 209, 210, 214, 217, 231, 232, 233, 234, 235, 238, 247, 248, 249, 250, 251, 254, 255, 256, 257, 258, 259, 260, 262], "excluded_lines": [], "start_line": 203}, "CareerCoachAgent.run": {"executed_lines": [], "summary": {"covered_lines": 0, "num_statements": 32, "percent_covered": 0.0, "percent_covered_display": "0", "missing_lines": 32, "excluded_lines": 0, "percent_statements_covered": 0.0, "percent_statements_covered_display": "0"}, "missing_lines": [271, 274, 275, 276, 280, 281, 287, 288, 290, 293, 295, 304, 305, 308, 309, 310, 311, 314, 315, 316, 317, 318, 319, 320, 321, 322, 324, 326, 328, 329, 330, 331], "excluded_lines": [], "start_line": 264}, "CareerCoachAgent._should_invoke_sub_agents": {"executed_lines": [], "summary": {"covered_lines": 0, "num_statements": 5, "percent_covered": 0.0, "percent_covered_display": "0", "missing_lines": 5, "excluded_lines": 0, "percent_statements_covered": 0.0, "percent_statements_covered_display": "0"}, "missing_lines": [339, 365, 367, 368, 369], "excluded_lines": [], "start_line": 337}, "CareerCoachAgent._build_sub_agent_context": {"executed_lines": [], "summary": {"covered_lines": 0, "num_statements": 8, "percent_covered": 0.0, "percent_covered_display": "0", "missing_lines": 8, "excluded_lines": 0, "percent_statements_covered": 0.0, "percent_statements_covered_display": "0"}, "missing_lines": [373, 374, 375, 376, 377, 378, 379, 380], "excluded_lines": [], "start_line": 371}, "CareerCoachAgent._gather_deep_insights": {"executed_lines": [], "summary": {"covered_lines": 0, "num_statements": 68, "percent_covered": 0.0, "percent_covered_display": "0", "missing_lines": 68, "excluded_lines": 0, "percent_statements_covered": 0.0, "percent_statements_covered_display": "0"}, "missing_lines": [411, 412, 414, 415, 416, 417, 420, 421, 422, 425, 427, 428, 429, 430, 431, 432, 433, 434, 436, 438, 439, 448, 449, 450, 451, 452, 455, 456, 457, 460, 462, 463, 464, 465, 466, 469, 470, 472, 473, 474, 478, 479, 486, 487, 489, 490, 493, 496, 497, 498, 501, 504, 505, 506, 507, 508, 509, 510, 511, 512, 513, 515, 522, 523, 524, 525, 526, 528], "excluded_lines": [], "start_line": 397}, "CareerCoachAgent.get_training_recommendations": {"executed_lines": [], "summary": {"covered_lines": 0, "num_statements": 6, "percent_covered": 0.0, "percent_covered_display": "0", "missing_lines": 6, "excluded_lines": 0, "percent_statements_covered": 0.0, "percent_statements_covered_display": "0"}, "missing_lines": [547, 555, 556, 558, 559, 569], "excluded_lines": [], "start_line": 530}, "CareerCoachAgent.plan_career_path": {"executed_lines": [], "summary": {"covered_lines": 0, "num_statements": 3, "percent_covered": 0.0, "percent_covered_display": "0", "missing_lines": 3, "excluded_lines": 0, "percent_statements_covered": 0.0, "percent_statements_covered_display": "0"}, "missing_lines": [588, 596, 597], "excluded_lines": [], "start_line": 571}, "get_career_coach": {"executed_lines": [], "summary": {"covered_lines": 0, "num_statements": 2, "percent_covered": 0.0, "percent_covered_display": "0", "missing_lines": 2, "excluded_lines": 0, "percent_statements_covered": 0.0, "percent_statements_covered_display": "0"}, "missing_lines": [611, 612], "excluded_lines": [], "start_line": 600}, "career_coach_chat": {"executed_lines": [], "summary": {"covered_lines": 0, "num_statements": 2, "percent_covered": 0.0, "percent_covered_display": "0", "missing_lines": 2, "excluded_lines": 0, "percent_statements_covered": 0.0, "percent_statements_covered_display": "0"}, "missing_lines": [631, 632], "excluded_lines": [], "start_line": 615}, "": {"executed_lines": [], "summary": {"covered_lines": 0, "num_statements": 29, "percent_covered": 0.0, "percent_covered_display": "0", "missing_lines": 29, "excluded_lines": 0, "percent_statements_covered": 0.0, "percent_statements_covered_display": "0"}, "missing_lines": [12, 13, 14, 15, 17, 18, 19, 20, 22, 25, 35, 49, 99, 108, 118, 127, 134, 139, 144, 203, 264, 337, 371, 392, 397, 530, 571, 600, 615], "excluded_lines": [], "start_line": 1}}, "classes": {"CareerCoachAgent": {"executed_lines": [], "summary": {"covered_lines": 0, "num_statements": 189, "percent_covered": 0.0, "percent_covered_display": "0", "missing_lines": 189, "excluded_lines": 0, "percent_statements_covered": 0.0, "percent_statements_covered_display": "0"}, "missing_lines": [37, 44, 47, 52, 58, 61, 67, 70, 76, 79, 85, 88, 94, 96, 129, 130, 131, 132, 136, 137, 141, 142, 146, 147, 150, 160, 161, 164, 169, 170, 173, 177, 178, 181, 186, 187, 190, 191, 194, 195, 198, 199, 201, 208, 209, 210, 214, 217, 231, 232, 233, 234, 235, 238, 247, 248, 249, 250, 251, 254, 255, 256, 257, 258, 259, 260, 262, 271, 274, 275, 276, 280, 281, 287, 288, 290, 293, 295, 304, 305, 308, 309, 310, 311, 314, 315, 316, 317, 318, 319, 320, 321, 322, 324, 326, 328, 329, 330, 331, 339, 365, 367, 368, 369, 373, 374, 375, 376, 377, 378, 379, 380, 411, 412, 414, 415, 416, 417, 420, 421, 422, 425, 427, 428, 429, 430, 431, 432, 433, 434, 436, 438, 439, 448, 449, 450, 451, 452, 455, 456, 457, 460, 462, 463, 464, 465, 466, 469, 470, 472, 473, 474, 478, 479, 486, 487, 489, 490, 493, 496, 497, 498, 501, 504, 505, 506, 507, 508, 509, 510, 511, 512, 513, 515, 522, 523, 524, 525, 526, 528, 547, 555, 556, 558, 559, 569, 588, 596, 597], "excluded_lines": [], "start_line": 25}, "": {"executed_lines": [], "summary": {"covered_lines": 0, "num_statements": 33, "percent_covered": 0.0, "percent_covered_display": "0", "missing_lines": 33, "excluded_lines": 0, "percent_statements_covered": 0.0, "percent_statements_covered_display": "0"}, "missing_lines": [12, 13, 14, 15, 17, 18, 19, 20, 22, 25, 35, 49, 99, 108, 118, 127, 134, 139, 144, 203, 264, 337, 371, 392, 397, 530, 571, 600, 611, 612, 615, 631, 632], "excluded_lines": [], "start_line": 1}}}, "backend/src/agents/cv_adapter/__init__.py": {"executed_lines": [], "summary": {"covered_lines": 0, "num_statements": 3, "percent_covered": 0.0, "percent_covered_display": "0", "missing_lines": 3, "excluded_lines": 0, "percent_statements_covered": 0.0, "percent_statements_covered_display": "0"}, "missing_lines": [7, 8, 10], "excluded_lines": [], "functions": {"": {"executed_lines": [], "summary": {"covered_lines": 0, "num_statements": 3, "percent_covered": 0.0, "percent_covered_display": "0", "missing_lines": 3, "excluded_lines": 0, "percent_statements_covered": 0.0, "percent_statements_covered_display": "0"}, "missing_lines": [7, 8, 10], "excluded_lines": [], "start_line": 1}}, "classes": {"": {"executed_lines": [], "summary": {"covered_lines": 0, "num_statements": 3, "percent_covered": 0.0, "percent_covered_display": "0", "missing_lines": 3, "excluded_lines": 0, "percent_statements_covered": 0.0, "percent_statements_covered_display": "0"}, "missing_lines": [7, 8, 10], "excluded_lines": [], "start_line": 1}}}, "backend/src/agents/cv_adapter/conversational_agent.py": {"executed_lines": [], "summary": {"covered_lines": 0, "num_statements": 24, "percent_covered": 0.0, "percent_covered_display": "0", "missing_lines": 24, "excluded_lines": 0, "percent_statements_covered": 0.0, "percent_statements_covered_display": "0"}, "missing_lines": [13, 15, 17, 18, 21, 29, 30, 37, 39, 80, 97, 99, 102, 103, 104, 105, 106, 107, 110, 113, 115, 125, 126, 127], "excluded_lines": [], "functions": {"CVAdapterConversationalAgent.__init__": {"executed_lines": [], "summary": {"covered_lines": 0, "num_statements": 3, "percent_covered": 0.0, "percent_covered_display": "0", "missing_lines": 3, "excluded_lines": 0, "percent_statements_covered": 0.0, "percent_statements_covered_display": "0"}, "missing_lines": [30, 37, 39], "excluded_lines": [], "start_line": 29}, "CVAdapterConversationalAgent.run": {"executed_lines": [], "summary": {"covered_lines": 0, "num_statements": 14, "percent_covered": 0.0, "percent_covered_display": "0", "missing_lines": 14, "excluded_lines": 0, "percent_statements_covered": 0.0, "percent_statements_covered_display": "0"}, "missing_lines": [97, 99, 102, 103, 104, 105, 106, 107, 110, 113, 115, 125, 126, 127], "excluded_lines": [], "start_line": 80}, "": {"executed_lines": [], "summary": {"covered_lines": 0, "num_statements": 7, "percent_covered": 0.0, "percent_covered_display": "0", "missing_lines": 7, "excluded_lines": 0, "percent_statements_covered": 0.0, "percent_statements_covered_display": "0"}, "missing_lines": [13, 15, 17, 18, 21, 29, 80], "excluded_lines": [], "start_line": 1}}, "classes": {"CVAdapterConversationalAgent": {"executed_lines": [], "summary": {"covered_lines": 0, "num_statements": 17, "percent_covered": 0.0, "percent_covered_display": "0", "missing_lines": 17, "excluded_lines": 0, "percent_statements_covered": 0.0, "percent_statements_covered_display": "0"}, "missing_lines": [30, 37, 39, 97, 99, 102, 103, 104, 105, 106, 107, 110, 113, 115, 125, 126, 127], "excluded_lines": [], "start_line": 21}, "": {"executed_lines": [], "summary": {"covered_lines": 0, "num_statements": 7, "percent_covered": 0.0, "percent_covered_display": "0", "missing_lines": 7, "excluded_lines": 0, "percent_statements_covered": 0.0, "percent_statements_covered_display": "0"}, "missing_lines": [13, 15, 17, 18, 21, 29, 80], "excluded_lines": [], "start_line": 1}}}, "backend/src/agents/cv_adapter/main_agent.py": {"executed_lines": [], "summary": {"covered_lines": 0, "num_statements": 282, "percent_covered": 0.0, "percent_covered_display": "0", "missing_lines": 282, "excluded_lines": 0, "percent_statements_covered": 0.0, "percent_statements_covered_display": "0"}, "missing_lines": [15, 16, 17, 19, 21, 22, 24, 27, 38, 40, 47, 50, 53, 55, 58, 65, 68, 75, 78, 85, 88, 95, 97, 99, 117, 118, 121, 122, 124, 125, 128, 129, 131, 132, 135, 136, 138, 139, 142, 143, 147, 148, 151, 152, 155, 158, 160, 172, 173, 174, 176, 188, 189, 257, 267, 268, 269, 271, 272, 273, 275, 294, 295, 296, 297, 300, 301, 302, 303, 311, 312, 313, 314, 321, 322, 323, 324, 326, 327, 328, 346, 394, 404, 405, 406, 408, 409, 410, 412, 437, 448, 449, 452, 455, 456, 457, 458, 460, 461, 471, 474, 475, 476, 477, 479, 480, 487, 490, 492, 494, 496, 498, 499, 522, 532, 533, 534, 536, 537, 538, 540, 544, 545, 546, 547, 549, 599, 609, 610, 611, 613, 614, 615, 617, 625, 626, 627, 628, 629, 632, 633, 634, 637, 639, 750, 760, 763, 765, 767, 768, 769, 771, 772, 778, 779, 780, 782, 790, 791, 792, 793, 794, 795, 796, 799, 800, 801, 803, 804, 805, 806, 808, 811, 814, 815, 816, 817, 820, 821, 822, 823, 826, 827, 828, 831, 832, 833, 835, 836, 839, 842, 849, 850, 852, 862, 863, 893, 903, 904, 905, 907, 908, 910, 915, 924, 925, 959, 969, 971, 972, 973, 975, 977, 978, 979, 980, 982, 983, 985, 996, 1007, 1009, 1021, 1031, 1032, 1034, 1035, 1037, 1056, 1057, 1060, 1061, 1062, 1063, 1064, 1067, 1069, 1070, 1071, 1072, 1073, 1075, 1076, 1077, 1078, 1079, 1081, 1082, 1083, 1086, 1087, 1089, 1090, 1091, 1092, 1093, 1094, 1095, 1097, 1098, 1100, 1138, 1148, 1151, 1152, 1155, 1156, 1157, 1158, 1159, 1160, 1161, 1162, 1163, 1164, 1165, 1166, 1168, 1169, 1171, 1172, 1173], "excluded_lines": [], "functions": {"CVAdapterAgent.__init__": {"executed_lines": [], "summary": {"covered_lines": 0, "num_statements": 4, "percent_covered": 0.0, "percent_covered_display": "0", "missing_lines": 4, "excluded_lines": 0, "percent_statements_covered": 0.0, "percent_statements_covered_display": "0"}, "missing_lines": [40, 47, 50, 53], "excluded_lines": [], "start_line": 38}, "CVAdapterAgent._init_sub_agents": {"executed_lines": [], "summary": {"covered_lines": 0, "num_statements": 9, "percent_covered": 0.0, "percent_covered_display": "0", "missing_lines": 9, "excluded_lines": 0, "percent_statements_covered": 0.0, "percent_statements_covered_display": "0"}, "missing_lines": [58, 65, 68, 75, 78, 85, 88, 95, 97], "excluded_lines": [], "start_line": 55}, "CVAdapterAgent.run": {"executed_lines": [], "summary": {"covered_lines": 0, "num_statements": 26, "percent_covered": 0.0, "percent_covered_display": "0", "missing_lines": 26, "excluded_lines": 0, "percent_statements_covered": 0.0, "percent_statements_covered_display": "0"}, "missing_lines": [117, 118, 121, 122, 124, 125, 128, 129, 131, 132, 135, 136, 138, 139, 142, 143, 147, 148, 151, 152, 155, 158, 160, 172, 173, 174], "excluded_lines": [], "start_line": 99}, "CVAdapterAgent._extract_factual_data": {"executed_lines": [], "summary": {"covered_lines": 0, "num_statements": 9, "percent_covered": 0.0, "percent_covered_display": "0", "missing_lines": 9, "excluded_lines": 0, "percent_statements_covered": 0.0, "percent_statements_covered_display": "0"}, "missing_lines": [188, 189, 257, 267, 268, 269, 271, 272, 273], "excluded_lines": [], "start_line": 176}, "CVAdapterAgent._rewrite_bullets_only": {"executed_lines": [], "summary": {"covered_lines": 0, "num_statements": 27, "percent_covered": 0.0, "percent_covered_display": "0", "missing_lines": 27, "excluded_lines": 0, "percent_statements_covered": 0.0, "percent_statements_covered_display": "0"}, "missing_lines": [294, 295, 296, 297, 300, 301, 302, 303, 311, 312, 313, 314, 321, 322, 323, 324, 326, 327, 328, 346, 394, 404, 405, 406, 408, 409, 410], "excluded_lines": [], "start_line": 275}, "CVAdapterAgent._merge_cv_data": {"executed_lines": [], "summary": {"covered_lines": 0, "num_statements": 21, "percent_covered": 0.0, "percent_covered_display": "0", "missing_lines": 21, "excluded_lines": 0, "percent_statements_covered": 0.0, "percent_statements_covered_display": "0"}, "missing_lines": [437, 448, 449, 452, 455, 456, 457, 458, 460, 461, 471, 474, 475, 476, 477, 479, 480, 487, 490, 492, 494], "excluded_lines": [], "start_line": 412}, "CVAdapterAgent._analyze_job": {"executed_lines": [], "summary": {"covered_lines": 0, "num_statements": 9, "percent_covered": 0.0, "percent_covered_display": "0", "missing_lines": 9, "excluded_lines": 0, "percent_statements_covered": 0.0, "percent_statements_covered_display": "0"}, "missing_lines": [498, 499, 522, 532, 533, 534, 536, 537, 538], "excluded_lines": [], "start_line": 496}, "CVAdapterAgent._map_cv_to_job": {"executed_lines": [], "summary": {"covered_lines": 0, "num_statements": 12, "percent_covered": 0.0, "percent_covered_display": "0", "missing_lines": 12, "excluded_lines": 0, "percent_statements_covered": 0.0, "percent_statements_covered_display": "0"}, "missing_lines": [544, 545, 546, 547, 549, 599, 609, 610, 611, 613, 614, 615], "excluded_lines": [], "start_line": 540}, "CVAdapterAgent._rewrite_cv": {"executed_lines": [], "summary": {"covered_lines": 0, "num_statements": 17, "percent_covered": 0.0, "percent_covered_display": "0", "missing_lines": 17, "excluded_lines": 0, "percent_statements_covered": 0.0, "percent_statements_covered_display": "0"}, "missing_lines": [625, 626, 627, 628, 629, 632, 633, 634, 637, 639, 750, 760, 763, 765, 767, 768, 769], "excluded_lines": [], "start_line": 617}, "CVAdapterAgent._skill_to_str": {"executed_lines": [], "summary": {"covered_lines": 0, "num_statements": 3, "percent_covered": 0.0, "percent_covered_display": "0", "missing_lines": 3, "excluded_lines": 0, "percent_statements_covered": 0.0, "percent_statements_covered_display": "0"}, "missing_lines": [778, 779, 780], "excluded_lines": [], "start_line": 772}, "CVAdapterAgent._inject_missing_skills": {"executed_lines": [], "summary": {"covered_lines": 0, "num_statements": 36, "percent_covered": 0.0, "percent_covered_display": "0", "missing_lines": 36, "excluded_lines": 0, "percent_statements_covered": 0.0, "percent_statements_covered_display": "0"}, "missing_lines": [790, 791, 792, 793, 794, 795, 796, 799, 800, 801, 803, 804, 805, 806, 808, 811, 814, 815, 816, 817, 820, 821, 822, 823, 826, 827, 828, 831, 832, 833, 835, 836, 839, 842, 849, 850], "excluded_lines": [], "start_line": 782}, "CVAdapterAgent._categorize_skills_dynamically": {"executed_lines": [], "summary": {"covered_lines": 0, "num_statements": 9, "percent_covered": 0.0, "percent_covered_display": "0", "missing_lines": 9, "excluded_lines": 0, "percent_statements_covered": 0.0, "percent_statements_covered_display": "0"}, "missing_lines": [862, 863, 893, 903, 904, 905, 907, 908, 910], "excluded_lines": [], "start_line": 852}, "CVAdapterAgent._fact_check": {"executed_lines": [], "summary": {"covered_lines": 0, "num_statements": 7, "percent_covered": 0.0, "percent_covered_display": "0", "missing_lines": 7, "excluded_lines": 0, "percent_statements_covered": 0.0, "percent_statements_covered_display": "0"}, "missing_lines": [924, 925, 959, 969, 971, 972, 973], "excluded_lines": [], "start_line": 915}, "CVAdapterAgent._calculate_match_score": {"executed_lines": [], "summary": {"covered_lines": 0, "num_statements": 7, "percent_covered": 0.0, "percent_covered_display": "0", "missing_lines": 7, "excluded_lines": 0, "percent_statements_covered": 0.0, "percent_statements_covered_display": "0"}, "missing_lines": [977, 978, 979, 980, 982, 983, 985], "excluded_lines": [], "start_line": 975}, "CVAdapterAgent.quick_adapt": {"executed_lines": [], "summary": {"covered_lines": 0, "num_statements": 7, "percent_covered": 0.0, "percent_covered_display": "0", "missing_lines": 7, "excluded_lines": 0, "percent_statements_covered": 0.0, "percent_statements_covered_display": "0"}, "missing_lines": [1007, 1009, 1021, 1031, 1032, 1034, 1035], "excluded_lines": [], "start_line": 996}, "CVAdapterAgent.generate_cover_letter": {"executed_lines": [], "summary": {"covered_lines": 0, "num_statements": 54, "percent_covered": 0.0, "percent_covered_display": "0", "missing_lines": 54, "excluded_lines": 0, "percent_statements_covered": 0.0, "percent_statements_covered_display": "0"}, "missing_lines": [1056, 1057, 1060, 1061, 1062, 1063, 1064, 1067, 1069, 1070, 1071, 1072, 1073, 1075, 1076, 1077, 1078, 1079, 1081, 1082, 1083, 1086, 1087, 1089, 1090, 1091, 1092, 1093, 1094, 1095, 1097, 1098, 1100, 1138, 1148, 1151, 1152, 1155, 1156, 1157, 1158, 1159, 1160, 1161, 1162, 1163, 1164, 1165, 1166, 1168, 1169, 1171, 1172, 1173], "excluded_lines": [], "start_line": 1037}, "": {"executed_lines": [], "summary": {"covered_lines": 0, "num_statements": 25, "percent_covered": 0.0, "percent_covered_display": "0", "missing_lines": 25, "excluded_lines": 0, "percent_statements_covered": 0.0, "percent_statements_covered_display": "0"}, "missing_lines": [15, 16, 17, 19, 21, 22, 24, 27, 38, 55, 99, 176, 275, 412, 496, 540, 617, 771, 772, 782, 852, 915, 975, 996, 1037], "excluded_lines": [], "start_line": 1}}, "classes": {"CVAdapterAgent": {"executed_lines": [], "summary": {"covered_lines": 0, "num_statements": 257, "percent_covered": 0.0, "percent_covered_display": "0", "missing_lines": 257, "excluded_lines": 0, "percent_statements_covered": 0.0, "percent_statements_covered_display": "0"}, "missing_lines": [40, 47, 50, 53, 58, 65, 68, 75, 78, 85, 88, 95, 97, 117, 118, 121, 122, 124, 125, 128, 129, 131, 132, 135, 136, 138, 139, 142, 143, 147, 148, 151, 152, 155, 158, 160, 172, 173, 174, 188, 189, 257, 267, 268, 269, 271, 272, 273, 294, 295, 296, 297, 300, 301, 302, 303, 311, 312, 313, 314, 321, 322, 323, 324, 326, 327, 328, 346, 394, 404, 405, 406, 408, 409, 410, 437, 448, 449, 452, 455, 456, 457, 458, 460, 461, 471, 474, 475, 476, 477, 479, 480, 487, 490, 492, 494, 498, 499, 522, 532, 533, 534, 536, 537, 538, 544, 545, 546, 547, 549, 599, 609, 610, 611, 613, 614, 615, 625, 626, 627, 628, 629, 632, 633, 634, 637, 639, 750, 760, 763, 765, 767, 768, 769, 778, 779, 780, 790, 791, 792, 793, 794, 795, 796, 799, 800, 801, 803, 804, 805, 806, 808, 811, 814, 815, 816, 817, 820, 821, 822, 823, 826, 827, 828, 831, 832, 833, 835, 836, 839, 842, 849, 850, 862, 863, 893, 903, 904, 905, 907, 908, 910, 924, 925, 959, 969, 971, 972, 973, 977, 978, 979, 980, 982, 983, 985, 1007, 1009, 1021, 1031, 1032, 1034, 1035, 1056, 1057, 1060, 1061, 1062, 1063, 1064, 1067, 1069, 1070, 1071, 1072, 1073, 1075, 1076, 1077, 1078, 1079, 1081, 1082, 1083, 1086, 1087, 1089, 1090, 1091, 1092, 1093, 1094, 1095, 1097, 1098, 1100, 1138, 1148, 1151, 1152, 1155, 1156, 1157, 1158, 1159, 1160, 1161, 1162, 1163, 1164, 1165, 1166, 1168, 1169, 1171, 1172, 1173], "excluded_lines": [], "start_line": 27}, "": {"executed_lines": [], "summary": {"covered_lines": 0, "num_statements": 25, "percent_covered": 0.0, "percent_covered_display": "0", "missing_lines": 25, "excluded_lines": 0, "percent_statements_covered": 0.0, "percent_statements_covered_display": "0"}, "missing_lines": [15, 16, 17, 19, 21, 22, 24, 27, 38, 55, 99, 176, 275, 412, 496, 540, 617, 771, 772, 782, 852, 915, 975, 996, 1037], "excluded_lines": [], "start_line": 1}}}, "backend/src/agents/cv_analyzer/__init__.py": {"executed_lines": [], "summary": {"covered_lines": 0, "num_statements": 3, "percent_covered": 0.0, "percent_covered_display": "0", "missing_lines": 3, "excluded_lines": 0, "percent_statements_covered": 0.0, "percent_statements_covered_display": "0"}, "missing_lines": [7, 8, 10], "excluded_lines": [], "functions": {"": {"executed_lines": [], "summary": {"covered_lines": 0, "num_statements": 3, "percent_covered": 0.0, "percent_covered_display": "0", "missing_lines": 3, "excluded_lines": 0, "percent_statements_covered": 0.0, "percent_statements_covered_display": "0"}, "missing_lines": [7, 8, 10], "excluded_lines": [], "start_line": 1}}, "classes": {"": {"executed_lines": [], "summary": {"covered_lines": 0, "num_statements": 3, "percent_covered": 0.0, "percent_covered_display": "0", "missing_lines": 3, "excluded_lines": 0, "percent_statements_covered": 0.0, "percent_statements_covered_display": "0"}, "missing_lines": [7, 8, 10], "excluded_lines": [], "start_line": 1}}}, "backend/src/agents/cv_analyzer/conversational_agent.py": {"executed_lines": [], "summary": {"covered_lines": 0, "num_statements": 24, "percent_covered": 0.0, "percent_covered_display": "0", "missing_lines": 24, "excluded_lines": 0, "percent_statements_covered": 0.0, "percent_statements_covered_display": "0"}, "missing_lines": [13, 15, 17, 18, 21, 29, 30, 37, 39, 79, 96, 98, 101, 102, 103, 104, 105, 106, 109, 112, 114, 124, 125, 126], "excluded_lines": [], "functions": {"CVAnalyzerConversationalAgent.__init__": {"executed_lines": [], "summary": {"covered_lines": 0, "num_statements": 3, "percent_covered": 0.0, "percent_covered_display": "0", "missing_lines": 3, "excluded_lines": 0, "percent_statements_covered": 0.0, "percent_statements_covered_display": "0"}, "missing_lines": [30, 37, 39], "excluded_lines": [], "start_line": 29}, "CVAnalyzerConversationalAgent.run": {"executed_lines": [], "summary": {"covered_lines": 0, "num_statements": 14, "percent_covered": 0.0, "percent_covered_display": "0", "missing_lines": 14, "excluded_lines": 0, "percent_statements_covered": 0.0, "percent_statements_covered_display": "0"}, "missing_lines": [96, 98, 101, 102, 103, 104, 105, 106, 109, 112, 114, 124, 125, 126], "excluded_lines": [], "start_line": 79}, "": {"executed_lines": [], "summary": {"covered_lines": 0, "num_statements": 7, "percent_covered": 0.0, "percent_covered_display": "0", "missing_lines": 7, "excluded_lines": 0, "percent_statements_covered": 0.0, "percent_statements_covered_display": "0"}, "missing_lines": [13, 15, 17, 18, 21, 29, 79], "excluded_lines": [], "start_line": 1}}, "classes": {"CVAnalyzerConversationalAgent": {"executed_lines": [], "summary": {"covered_lines": 0, "num_statements": 17, "percent_covered": 0.0, "percent_covered_display": "0", "missing_lines": 17, "excluded_lines": 0, "percent_statements_covered": 0.0, "percent_statements_covered_display": "0"}, "missing_lines": [30, 37, 39, 96, 98, 101, 102, 103, 104, 105, 106, 109, 112, 114, 124, 125, 126], "excluded_lines": [], "start_line": 21}, "": {"executed_lines": [], "summary": {"covered_lines": 0, "num_statements": 7, "percent_covered": 0.0, "percent_covered_display": "0", "missing_lines": 7, "excluded_lines": 0, "percent_statements_covered": 0.0, "percent_statements_covered_display": "0"}, "missing_lines": [13, 15, 17, 18, 21, 29, 79], "excluded_lines": [], "start_line": 1}}}, "backend/src/agents/cv_analyzer/main_agent.py": {"executed_lines": [], "summary": {"covered_lines": 0, "num_statements": 146, "percent_covered": 0.0, "percent_covered_display": "0", "missing_lines": 146, "excluded_lines": 0, "percent_statements_covered": 0.0, "percent_statements_covered_display": "0"}, "missing_lines": [13, 14, 15, 16, 17, 19, 21, 22, 23, 25, 27, 30, 41, 43, 50, 53, 56, 59, 61, 63, 70, 72, 78, 80, 87, 89, 95, 97, 99, 100, 102, 103, 104, 105, 107, 110, 111, 114, 115, 117, 134, 136, 139, 146, 147, 149, 152, 153, 154, 155, 157, 158, 160, 163, 181, 182, 183, 190, 192, 193, 195, 197, 198, 200, 202, 203, 204, 206, 208, 209, 211, 213, 214, 215, 216, 218, 220, 221, 225, 226, 227, 231, 233, 235, 238, 239, 240, 241, 244, 245, 246, 248, 249, 251, 253, 255, 257, 258, 260, 261, 262, 264, 265, 266, 268, 270, 280, 281, 282, 284, 285, 286, 287, 288, 292, 293, 294, 295, 302, 303, 304, 306, 307, 314, 315, 317, 318, 319, 322, 323, 324, 325, 326, 327, 331, 337, 339, 349, 351, 362, 365, 376, 377, 380, 396, 397], "excluded_lines": [], "functions": {"CVAnalyzerAgent.__init__": {"executed_lines": [], "summary": {"covered_lines": 0, "num_statements": 5, "percent_covered": 0.0, "percent_covered_display": "0", "missing_lines": 5, "excluded_lines": 0, "percent_statements_covered": 0.0, "percent_statements_covered_display": "0"}, "missing_lines": [43, 50, 53, 56, 59], "excluded_lines": [], "start_line": 41}, "CVAnalyzerAgent._init_sub_agents": {"executed_lines": [], "summary": {"covered_lines": 0, "num_statements": 9, "percent_covered": 0.0, "percent_covered_display": "0", "missing_lines": 9, "excluded_lines": 0, "percent_statements_covered": 0.0, "percent_statements_covered_display": "0"}, "missing_lines": [63, 70, 72, 78, 80, 87, 89, 95, 97], "excluded_lines": [], "start_line": 61}, "CVAnalyzerAgent.docling_converter": {"executed_lines": [], "summary": {"covered_lines": 0, "num_statements": 9, "percent_covered": 0.0, "percent_covered_display": "0", "missing_lines": 9, "excluded_lines": 0, "percent_statements_covered": 0.0, "percent_statements_covered_display": "0"}, "missing_lines": [102, 103, 104, 105, 107, 110, 111, 114, 115], "excluded_lines": [], "start_line": 100}, "CVAnalyzerAgent.run": {"executed_lines": [], "summary": {"covered_lines": 0, "num_statements": 17, "percent_covered": 0.0, "percent_covered_display": "0", "missing_lines": 17, "excluded_lines": 0, "percent_statements_covered": 0.0, "percent_statements_covered_display": "0"}, "missing_lines": [134, 136, 139, 146, 147, 149, 152, 153, 154, 155, 157, 158, 160, 163, 181, 182, 183], "excluded_lines": [], "start_line": 117}, "CVAnalyzerAgent._score_ats": {"executed_lines": [], "summary": {"covered_lines": 0, "num_statements": 2, "percent_covered": 0.0, "percent_covered_display": "0", "missing_lines": 2, "excluded_lines": 0, "percent_statements_covered": 0.0, "percent_statements_covered_display": "0"}, "missing_lines": [192, 193], "excluded_lines": [], "start_line": 190}, "CVAnalyzerAgent._extract_skills": {"executed_lines": [], "summary": {"covered_lines": 0, "num_statements": 2, "percent_covered": 0.0, "percent_covered_display": "0", "missing_lines": 2, "excluded_lines": 0, "percent_statements_covered": 0.0, "percent_statements_covered_display": "0"}, "missing_lines": [197, 198], "excluded_lines": [], "start_line": 195}, "CVAnalyzerAgent._match_job": {"executed_lines": [], "summary": {"covered_lines": 0, "num_statements": 3, "percent_covered": 0.0, "percent_covered_display": "0", "missing_lines": 3, "excluded_lines": 0, "percent_statements_covered": 0.0, "percent_statements_covered_display": "0"}, "missing_lines": [202, 203, 204], "excluded_lines": [], "start_line": 200}, "CVAnalyzerAgent._get_improvements": {"executed_lines": [], "summary": {"covered_lines": 0, "num_statements": 2, "percent_covered": 0.0, "percent_covered_display": "0", "missing_lines": 2, "excluded_lines": 0, "percent_statements_covered": 0.0, "percent_statements_covered_display": "0"}, "missing_lines": [208, 209], "excluded_lines": [], "start_line": 206}, "CVAnalyzerAgent._extract_recommended_titles": {"executed_lines": [], "summary": {"covered_lines": 0, "num_statements": 4, "percent_covered": 0.0, "percent_covered_display": "0", "missing_lines": 4, "excluded_lines": 0, "percent_statements_covered": 0.0, "percent_statements_covered_display": "0"}, "missing_lines": [213, 214, 215, 216], "excluded_lines": [], "start_line": 211}, "CVAnalyzerAgent._filter_improvements_for_certified_cv": {"executed_lines": [], "summary": {"covered_lines": 0, "num_statements": 6, "percent_covered": 0.0, "percent_covered_display": "0", "missing_lines": 6, "excluded_lines": 0, "percent_statements_covered": 0.0, "percent_statements_covered_display": "0"}, "missing_lines": [220, 221, 225, 226, 227, 231], "excluded_lines": [], "start_line": 218}, "CVAnalyzerAgent._extract_strengths": {"executed_lines": [], "summary": {"covered_lines": 0, "num_statements": 11, "percent_covered": 0.0, "percent_covered_display": "0", "missing_lines": 11, "excluded_lines": 0, "percent_statements_covered": 0.0, "percent_statements_covered_display": "0"}, "missing_lines": [235, 238, 239, 240, 241, 244, 245, 246, 248, 249, 251], "excluded_lines": [], "start_line": 233}, "CVAnalyzerAgent._extract_weaknesses": {"executed_lines": [], "summary": {"covered_lines": 0, "num_statements": 10, "percent_covered": 0.0, "percent_covered_display": "0", "missing_lines": 10, "excluded_lines": 0, "percent_statements_covered": 0.0, "percent_statements_covered_display": "0"}, "missing_lines": [255, 257, 258, 260, 261, 262, 264, 265, 266, 268], "excluded_lines": [], "start_line": 253}, "CVAnalyzerAgent.extract_text_from_pdf": {"executed_lines": [], "summary": {"covered_lines": 0, "num_statements": 30, "percent_covered": 0.0, "percent_covered_display": "0", "missing_lines": 30, "excluded_lines": 0, "percent_statements_covered": 0.0, "percent_statements_covered_display": "0"}, "missing_lines": [280, 281, 282, 284, 285, 286, 287, 288, 292, 293, 294, 295, 302, 303, 304, 306, 307, 314, 315, 317, 318, 319, 322, 323, 324, 325, 326, 327, 331, 337], "excluded_lines": [], "start_line": 270}, "CVAnalyzerAgent.analyze_ats_only": {"executed_lines": [], "summary": {"covered_lines": 0, "num_statements": 1, "percent_covered": 0.0, "percent_covered_display": "0", "missing_lines": 1, "excluded_lines": 0, "percent_statements_covered": 0.0, "percent_statements_covered_display": "0"}, "missing_lines": [349], "excluded_lines": [], "start_line": 339}, "CVAnalyzerAgent.match_with_job": {"executed_lines": [], "summary": {"covered_lines": 0, "num_statements": 1, "percent_covered": 0.0, "percent_covered_display": "0", "missing_lines": 1, "excluded_lines": 0, "percent_statements_covered": 0.0, "percent_statements_covered_display": "0"}, "missing_lines": [362], "excluded_lines": [], "start_line": 351}, "get_cv_analyzer": {"executed_lines": [], "summary": {"covered_lines": 0, "num_statements": 2, "percent_covered": 0.0, "percent_covered_display": "0", "missing_lines": 2, "excluded_lines": 0, "percent_statements_covered": 0.0, "percent_statements_covered_display": "0"}, "missing_lines": [376, 377], "excluded_lines": [], "start_line": 365}, "analyze_cv": {"executed_lines": [], "summary": {"covered_lines": 0, "num_statements": 2, "percent_covered": 0.0, "percent_covered_display": "0", "missing_lines": 2, "excluded_lines": 0, "percent_statements_covered": 0.0, "percent_statements_covered_display": "0"}, "missing_lines": [396, 397], "excluded_lines": [], "start_line": 380}, "": {"executed_lines": [], "summary": {"covered_lines": 0, "num_statements": 30, "percent_covered": 0.0, "percent_covered_display": "0", "missing_lines": 30, "excluded_lines": 0, "percent_statements_covered": 0.0, "percent_statements_covered_display": "0"}, "missing_lines": [13, 14, 15, 16, 17, 19, 21, 22, 23, 25, 27, 30, 41, 61, 99, 100, 117, 190, 195, 200, 206, 211, 218, 233, 253, 270, 339, 351, 365, 380], "excluded_lines": [], "start_line": 1}}, "classes": {"CVAnalyzerAgent": {"executed_lines": [], "summary": {"covered_lines": 0, "num_statements": 112, "percent_covered": 0.0, "percent_covered_display": "0", "missing_lines": 112, "excluded_lines": 0, "percent_statements_covered": 0.0, "percent_statements_covered_display": "0"}, "missing_lines": [43, 50, 53, 56, 59, 63, 70, 72, 78, 80, 87, 89, 95, 97, 102, 103, 104, 105, 107, 110, 111, 114, 115, 134, 136, 139, 146, 147, 149, 152, 153, 154, 155, 157, 158, 160, 163, 181, 182, 183, 192, 193, 197, 198, 202, 203, 204, 208, 209, 213, 214, 215, 216, 220, 221, 225, 226, 227, 231, 235, 238, 239, 240, 241, 244, 245, 246, 248, 249, 251, 255, 257, 258, 260, 261, 262, 264, 265, 266, 268, 280, 281, 282, 284, 285, 286, 287, 288, 292, 293, 294, 295, 302, 303, 304, 306, 307, 314, 315, 317, 318, 319, 322, 323, 324, 325, 326, 327, 331, 337, 349, 362], "excluded_lines": [], "start_line": 30}, "": {"executed_lines": [], "summary": {"covered_lines": 0, "num_statements": 34, "percent_covered": 0.0, "percent_covered_display": "0", "missing_lines": 34, "excluded_lines": 0, "percent_statements_covered": 0.0, "percent_statements_covered_display": "0"}, "missing_lines": [13, 14, 15, 16, 17, 19, 21, 22, 23, 25, 27, 30, 41, 61, 99, 100, 117, 190, 195, 200, 206, 211, 218, 233, 253, 270, 339, 351, 365, 376, 377, 380, 396, 397], "excluded_lines": [], "start_line": 1}}}, "backend/src/agents/interview_sim/__init__.py": {"executed_lines": [], "summary": {"covered_lines": 0, "num_statements": 2, "percent_covered": 0.0, "percent_covered_display": "0", "missing_lines": 2, "excluded_lines": 0, "percent_statements_covered": 0.0, "percent_statements_covered_display": "0"}, "missing_lines": [7, 9], "excluded_lines": [], "functions": {"": {"executed_lines": [], "summary": {"covered_lines": 0, "num_statements": 2, "percent_covered": 0.0, "percent_covered_display": "0", "missing_lines": 2, "excluded_lines": 0, "percent_statements_covered": 0.0, "percent_statements_covered_display": "0"}, "missing_lines": [7, 9], "excluded_lines": [], "start_line": 1}}, "classes": {"": {"executed_lines": [], "summary": {"covered_lines": 0, "num_statements": 2, "percent_covered": 0.0, "percent_covered_display": "0", "missing_lines": 2, "excluded_lines": 0, "percent_statements_covered": 0.0, "percent_statements_covered_display": "0"}, "missing_lines": [7, 9], "excluded_lines": [], "start_line": 1}}}, "backend/src/agents/interview_sim/conversational_agent.py": {"executed_lines": [], "summary": {"covered_lines": 0, "num_statements": 24, "percent_covered": 0.0, "percent_covered_display": "0", "missing_lines": 24, "excluded_lines": 0, "percent_statements_covered": 0.0, "percent_statements_covered_display": "0"}, "missing_lines": [13, 15, 17, 18, 21, 29, 30, 37, 39, 94, 111, 113, 116, 117, 118, 119, 120, 121, 124, 127, 129, 139, 140, 141], "excluded_lines": [], "functions": {"InterviewSimAgent.__init__": {"executed_lines": [], "summary": {"covered_lines": 0, "num_statements": 3, "percent_covered": 0.0, "percent_covered_display": "0", "missing_lines": 3, "excluded_lines": 0, "percent_statements_covered": 0.0, "percent_statements_covered_display": "0"}, "missing_lines": [30, 37, 39], "excluded_lines": [], "start_line": 29}, "InterviewSimAgent.run": {"executed_lines": [], "summary": {"covered_lines": 0, "num_statements": 14, "percent_covered": 0.0, "percent_covered_display": "0", "missing_lines": 14, "excluded_lines": 0, "percent_statements_covered": 0.0, "percent_statements_covered_display": "0"}, "missing_lines": [111, 113, 116, 117, 118, 119, 120, 121, 124, 127, 129, 139, 140, 141], "excluded_lines": [], "start_line": 94}, "": {"executed_lines": [], "summary": {"covered_lines": 0, "num_statements": 7, "percent_covered": 0.0, "percent_covered_display": "0", "missing_lines": 7, "excluded_lines": 0, "percent_statements_covered": 0.0, "percent_statements_covered_display": "0"}, "missing_lines": [13, 15, 17, 18, 21, 29, 94], "excluded_lines": [], "start_line": 1}}, "classes": {"InterviewSimAgent": {"executed_lines": [], "summary": {"covered_lines": 0, "num_statements": 17, "percent_covered": 0.0, "percent_covered_display": "0", "missing_lines": 17, "excluded_lines": 0, "percent_statements_covered": 0.0, "percent_statements_covered_display": "0"}, "missing_lines": [30, 37, 39, 111, 113, 116, 117, 118, 119, 120, 121, 124, 127, 129, 139, 140, 141], "excluded_lines": [], "start_line": 21}, "": {"executed_lines": [], "summary": {"covered_lines": 0, "num_statements": 7, "percent_covered": 0.0, "percent_covered_display": "0", "missing_lines": 7, "excluded_lines": 0, "percent_statements_covered": 0.0, "percent_statements_covered_display": "0"}, "missing_lines": [13, 15, 17, 18, 21, 29, 94], "excluded_lines": [], "start_line": 1}}}, "backend/src/agents/job_scout/__init__.py": {"executed_lines": [], "summary": {"covered_lines": 0, "num_statements": 3, "percent_covered": 0.0, "percent_covered_display": "0", "missing_lines": 3, "excluded_lines": 0, "percent_statements_covered": 0.0, "percent_statements_covered_display": "0"}, "missing_lines": [7, 8, 10], "excluded_lines": [], "functions": {"": {"executed_lines": [], "summary": {"covered_lines": 0, "num_statements": 3, "percent_covered": 0.0, "percent_covered_display": "0", "missing_lines": 3, "excluded_lines": 0, "percent_statements_covered": 0.0, "percent_statements_covered_display": "0"}, "missing_lines": [7, 8, 10], "excluded_lines": [], "start_line": 1}}, "classes": {"": {"executed_lines": [], "summary": {"covered_lines": 0, "num_statements": 3, "percent_covered": 0.0, "percent_covered_display": "0", "missing_lines": 3, "excluded_lines": 0, "percent_statements_covered": 0.0, "percent_statements_covered_display": "0"}, "missing_lines": [7, 8, 10], "excluded_lines": [], "start_line": 1}}}, "backend/src/agents/job_scout/conversational_agent.py": {"executed_lines": [], "summary": {"covered_lines": 0, "num_statements": 27, "percent_covered": 0.0, "percent_covered_display": "0", "missing_lines": 27, "excluded_lines": 0, "percent_statements_covered": 0.0, "percent_statements_covered_display": "0"}, "missing_lines": [13, 15, 17, 18, 20, 28, 36, 37, 44, 46, 48, 49, 83, 100, 102, 105, 106, 107, 108, 109, 110, 113, 116, 118, 128, 129, 130], "excluded_lines": [], "functions": {"JobScoutConversationalAgent.__init__": {"executed_lines": [], "summary": {"covered_lines": 0, "num_statements": 2, "percent_covered": 0.0, "percent_covered_display": "0", "missing_lines": 2, "excluded_lines": 0, "percent_statements_covered": 0.0, "percent_statements_covered_display": "0"}, "missing_lines": [37, 44], "excluded_lines": [], "start_line": 36}, "JobScoutConversationalAgent._get_system_prompt": {"executed_lines": [], "summary": {"covered_lines": 0, "num_statements": 2, "percent_covered": 0.0, "percent_covered_display": "0", "missing_lines": 2, "excluded_lines": 0, "percent_statements_covered": 0.0, "percent_statements_covered_display": "0"}, "missing_lines": [48, 49], "excluded_lines": [], "start_line": 46}, "JobScoutConversationalAgent.run": {"executed_lines": [], "summary": {"covered_lines": 0, "num_statements": 14, "percent_covered": 0.0, "percent_covered_display": "0", "missing_lines": 14, "excluded_lines": 0, "percent_statements_covered": 0.0, "percent_statements_covered_display": "0"}, "missing_lines": [100, 102, 105, 106, 107, 108, 109, 110, 113, 116, 118, 128, 129, 130], "excluded_lines": [], "start_line": 83}, "": {"executed_lines": [], "summary": {"covered_lines": 0, "num_statements": 9, "percent_covered": 0.0, "percent_covered_display": "0", "missing_lines": 9, "excluded_lines": 0, "percent_statements_covered": 0.0, "percent_statements_covered_display": "0"}, "missing_lines": [13, 15, 17, 18, 20, 28, 36, 46, 83], "excluded_lines": [], "start_line": 1}}, "classes": {"JobScoutConversationalAgent": {"executed_lines": [], "summary": {"covered_lines": 0, "num_statements": 18, "percent_covered": 0.0, "percent_covered_display": "0", "missing_lines": 18, "excluded_lines": 0, "percent_statements_covered": 0.0, "percent_statements_covered_display": "0"}, "missing_lines": [37, 44, 48, 49, 100, 102, 105, 106, 107, 108, 109, 110, 113, 116, 118, 128, 129, 130], "excluded_lines": [], "start_line": 28}, "": {"executed_lines": [], "summary": {"covered_lines": 0, "num_statements": 9, "percent_covered": 0.0, "percent_covered_display": "0", "missing_lines": 9, "excluded_lines": 0, "percent_statements_covered": 0.0, "percent_statements_covered_display": "0"}, "missing_lines": [13, 15, 17, 18, 20, 28, 36, 46, 83], "excluded_lines": [], "start_line": 1}}}, "backend/src/agents/job_scout/main_agent.py": {"executed_lines": [], "summary": {"covered_lines": 0, "num_statements": 204, "percent_covered": 0.0, "percent_covered_display": "0", "missing_lines": 204, "excluded_lines": 0, "percent_statements_covered": 0.0, "percent_statements_covered_display": "0"}, "missing_lines": [12, 13, 14, 15, 17, 18, 19, 27, 29, 32, 41, 61, 71, 73, 80, 83, 91, 94, 96, 98, 104, 106, 113, 115, 122, 124, 126, 127, 156, 158, 160, 161, 163, 176, 177, 178, 179, 180, 183, 184, 186, 189, 192, 193, 194, 197, 198, 199, 202, 203, 205, 210, 213, 225, 228, 229, 234, 235, 238, 241, 244, 245, 246, 248, 250, 264, 265, 266, 272, 274, 275, 276, 277, 278, 279, 281, 288, 289, 290, 291, 293, 294, 296, 297, 298, 299, 300, 301, 303, 305, 313, 314, 317, 318, 319, 322, 325, 326, 328, 329, 330, 331, 332, 333, 334, 335, 336, 337, 338, 340, 341, 344, 345, 347, 349, 350, 351, 352, 353, 354, 355, 356, 358, 364, 365, 367, 368, 370, 372, 373, 374, 376, 377, 378, 380, 382, 383, 396, 397, 399, 400, 402, 403, 404, 405, 408, 409, 410, 411, 414, 415, 416, 417, 418, 419, 420, 421, 423, 424, 425, 426, 427, 429, 430, 431, 434, 435, 436, 437, 440, 441, 442, 444, 446, 447, 455, 456, 458, 459, 460, 461, 462, 465, 468, 469, 471, 472, 473, 477, 479, 480, 485, 487, 497, 499, 516, 518, 528, 531, 542, 543, 546, 566, 567], "excluded_lines": [], "functions": {"JobScoutAgent.__init__": {"executed_lines": [], "summary": {"covered_lines": 0, "num_statements": 5, "percent_covered": 0.0, "percent_covered_display": "0", "missing_lines": 5, "excluded_lines": 0, "percent_statements_covered": 0.0, "percent_statements_covered_display": "0"}, "missing_lines": [73, 80, 83, 91, 94], "excluded_lines": [], "start_line": 71}, "JobScoutAgent._init_sub_agents": {"executed_lines": [], "summary": {"covered_lines": 0, "num_statements": 7, "percent_covered": 0.0, "percent_covered_display": "0", "missing_lines": 7, "excluded_lines": 0, "percent_statements_covered": 0.0, "percent_statements_covered_display": "0"}, "missing_lines": [98, 104, 106, 113, 115, 122, 124], "excluded_lines": [], "start_line": 96}, "JobScoutAgent.run": {"executed_lines": [], "summary": {"covered_lines": 0, "num_statements": 40, "percent_covered": 0.0, "percent_covered_display": "0", "missing_lines": 40, "excluded_lines": 0, "percent_statements_covered": 0.0, "percent_statements_covered_display": "0"}, "missing_lines": [156, 158, 160, 161, 163, 176, 177, 178, 179, 180, 183, 184, 186, 189, 192, 193, 194, 197, 198, 199, 202, 203, 205, 210, 213, 225, 228, 229, 234, 235, 238, 241, 244, 245, 246, 248, 250, 264, 265, 266], "excluded_lines": [], "start_line": 127}, "JobScoutAgent._refine_query": {"executed_lines": [], "summary": {"covered_lines": 0, "num_statements": 6, "percent_covered": 0.0, "percent_covered_display": "0", "missing_lines": 6, "excluded_lines": 0, "percent_statements_covered": 0.0, "percent_statements_covered_display": "0"}, "missing_lines": [274, 275, 276, 277, 278, 279], "excluded_lines": [], "start_line": 272}, "JobScoutAgent._quick_score": {"executed_lines": [], "summary": {"covered_lines": 0, "num_statements": 13, "percent_covered": 0.0, "percent_covered_display": "0", "missing_lines": 13, "excluded_lines": 0, "percent_statements_covered": 0.0, "percent_statements_covered_display": "0"}, "missing_lines": [288, 289, 290, 291, 293, 294, 296, 297, 298, 299, 300, 301, 303], "excluded_lines": [], "start_line": 281}, "JobScoutAgent._rank_jobs": {"executed_lines": [], "summary": {"covered_lines": 0, "num_statements": 13, "percent_covered": 0.0, "percent_covered_display": "0", "missing_lines": 13, "excluded_lines": 0, "percent_statements_covered": 0.0, "percent_statements_covered_display": "0"}, "missing_lines": [313, 314, 317, 318, 319, 322, 325, 326, 328, 340, 341, 344, 345], "excluded_lines": [], "start_line": 305}, "JobScoutAgent._rank_jobs.ai_score": {"executed_lines": [], "summary": {"covered_lines": 0, "num_statements": 10, "percent_covered": 0.0, "percent_covered_display": "0", "missing_lines": 10, "excluded_lines": 0, "percent_statements_covered": 0.0, "percent_statements_covered_display": "0"}, "missing_lines": [329, 330, 331, 332, 333, 334, 335, 336, 337, 338], "excluded_lines": [], "start_line": 328}, "JobScoutAgent._get_market_insights": {"executed_lines": [], "summary": {"covered_lines": 0, "num_statements": 8, "percent_covered": 0.0, "percent_covered_display": "0", "missing_lines": 8, "excluded_lines": 0, "percent_statements_covered": 0.0, "percent_statements_covered_display": "0"}, "missing_lines": [349, 350, 351, 352, 353, 354, 355, 356], "excluded_lines": [], "start_line": 347}, "JobScoutAgent._deduplicate_jobs": {"executed_lines": [], "summary": {"covered_lines": 0, "num_statements": 12, "percent_covered": 0.0, "percent_covered_display": "0", "missing_lines": 12, "excluded_lines": 0, "percent_statements_covered": 0.0, "percent_statements_covered_display": "0"}, "missing_lines": [364, 365, 367, 368, 370, 372, 373, 374, 376, 377, 378, 380], "excluded_lines": [], "start_line": 358}, "JobScoutAgent._pre_filter_by_relevance": {"executed_lines": [], "summary": {"covered_lines": 0, "num_statements": 36, "percent_covered": 0.0, "percent_covered_display": "0", "missing_lines": 36, "excluded_lines": 0, "percent_statements_covered": 0.0, "percent_statements_covered_display": "0"}, "missing_lines": [396, 397, 399, 400, 402, 403, 404, 405, 408, 409, 410, 411, 414, 415, 416, 417, 418, 419, 420, 421, 423, 424, 425, 426, 427, 429, 430, 431, 434, 435, 436, 437, 440, 441, 442, 444], "excluded_lines": [], "start_line": 383}, "JobScoutAgent._filter_school_offers": {"executed_lines": [], "summary": {"covered_lines": 0, "num_statements": 17, "percent_covered": 0.0, "percent_covered_display": "0", "missing_lines": 17, "excluded_lines": 0, "percent_statements_covered": 0.0, "percent_statements_covered_display": "0"}, "missing_lines": [455, 456, 458, 459, 460, 461, 462, 465, 468, 469, 471, 472, 473, 477, 479, 480, 485], "excluded_lines": [], "start_line": 447}, "JobScoutAgent.refine_query": {"executed_lines": [], "summary": {"covered_lines": 0, "num_statements": 1, "percent_covered": 0.0, "percent_covered_display": "0", "missing_lines": 1, "excluded_lines": 0, "percent_statements_covered": 0.0, "percent_statements_covered_display": "0"}, "missing_lines": [497], "excluded_lines": [], "start_line": 487}, "JobScoutAgent.analyze_market": {"executed_lines": [], "summary": {"covered_lines": 0, "num_statements": 1, "percent_covered": 0.0, "percent_covered_display": "0", "missing_lines": 1, "excluded_lines": 0, "percent_statements_covered": 0.0, "percent_statements_covered_display": "0"}, "missing_lines": [516], "excluded_lines": [], "start_line": 499}, "JobScoutAgent.analyze_query": {"executed_lines": [], "summary": {"covered_lines": 0, "num_statements": 1, "percent_covered": 0.0, "percent_covered_display": "0", "missing_lines": 1, "excluded_lines": 0, "percent_statements_covered": 0.0, "percent_statements_covered_display": "0"}, "missing_lines": [528], "excluded_lines": [], "start_line": 518}, "get_job_scout": {"executed_lines": [], "summary": {"covered_lines": 0, "num_statements": 2, "percent_covered": 0.0, "percent_covered_display": "0", "missing_lines": 2, "excluded_lines": 0, "percent_statements_covered": 0.0, "percent_statements_covered_display": "0"}, "missing_lines": [542, 543], "excluded_lines": [], "start_line": 531}, "search_jobs": {"executed_lines": [], "summary": {"covered_lines": 0, "num_statements": 2, "percent_covered": 0.0, "percent_covered_display": "0", "missing_lines": 2, "excluded_lines": 0, "percent_statements_covered": 0.0, "percent_statements_covered_display": "0"}, "missing_lines": [566, 567], "excluded_lines": [], "start_line": 546}, "": {"executed_lines": [], "summary": {"covered_lines": 0, "num_statements": 30, "percent_covered": 0.0, "percent_covered_display": "0", "missing_lines": 30, "excluded_lines": 0, "percent_statements_covered": 0.0, "percent_statements_covered_display": "0"}, "missing_lines": [12, 13, 14, 15, 17, 18, 19, 27, 29, 32, 41, 61, 71, 96, 126, 127, 272, 281, 305, 347, 358, 382, 383, 446, 447, 487, 499, 518, 531, 546], "excluded_lines": [], "start_line": 1}}, "classes": {"JobScoutAgent": {"executed_lines": [], "summary": {"covered_lines": 0, "num_statements": 170, "percent_covered": 0.0, "percent_covered_display": "0", "missing_lines": 170, "excluded_lines": 0, "percent_statements_covered": 0.0, "percent_statements_covered_display": "0"}, "missing_lines": [73, 80, 83, 91, 94, 98, 104, 106, 113, 115, 122, 124, 156, 158, 160, 161, 163, 176, 177, 178, 179, 180, 183, 184, 186, 189, 192, 193, 194, 197, 198, 199, 202, 203, 205, 210, 213, 225, 228, 229, 234, 235, 238, 241, 244, 245, 246, 248, 250, 264, 265, 266, 274, 275, 276, 277, 278, 279, 288, 289, 290, 291, 293, 294, 296, 297, 298, 299, 300, 301, 303, 313, 314, 317, 318, 319, 322, 325, 326, 328, 329, 330, 331, 332, 333, 334, 335, 336, 337, 338, 340, 341, 344, 345, 349, 350, 351, 352, 353, 354, 355, 356, 364, 365, 367, 368, 370, 372, 373, 374, 376, 377, 378, 380, 396, 397, 399, 400, 402, 403, 404, 405, 408, 409, 410, 411, 414, 415, 416, 417, 418, 419, 420, 421, 423, 424, 425, 426, 427, 429, 430, 431, 434, 435, 436, 437, 440, 441, 442, 444, 455, 456, 458, 459, 460, 461, 462, 465, 468, 469, 471, 472, 473, 477, 479, 480, 485, 497, 516, 528], "excluded_lines": [], "start_line": 61}, "": {"executed_lines": [], "summary": {"covered_lines": 0, "num_statements": 34, "percent_covered": 0.0, "percent_covered_display": "0", "missing_lines": 34, "excluded_lines": 0, "percent_statements_covered": 0.0, "percent_statements_covered_display": "0"}, "missing_lines": [12, 13, 14, 15, 17, 18, 19, 27, 29, 32, 41, 61, 71, 96, 126, 127, 272, 281, 305, 347, 358, 382, 383, 446, 447, 487, 499, 518, 531, 542, 543, 546, 566, 567], "excluded_lines": [], "start_line": 1}}}, "backend/src/api/__init__.py": {"executed_lines": [], "summary": {"covered_lines": 0, "num_statements": 2, "percent_covered": 0.0, "percent_covered_display": "0", "missing_lines": 2, "excluded_lines": 0, "percent_statements_covered": 0.0, "percent_statements_covered_display": "0"}, "missing_lines": [7, 9], "excluded_lines": [], "functions": {"": {"executed_lines": [], "summary": {"covered_lines": 0, "num_statements": 2, "percent_covered": 0.0, "percent_covered_display": "0", "missing_lines": 2, "excluded_lines": 0, "percent_statements_covered": 0.0, "percent_statements_covered_display": "0"}, "missing_lines": [7, 9], "excluded_lines": [], "start_line": 1}}, "classes": {"": {"executed_lines": [], "summary": {"covered_lines": 0, "num_statements": 2, "percent_covered": 0.0, "percent_covered_display": "0", "missing_lines": 2, "excluded_lines": 0, "percent_statements_covered": 0.0, "percent_statements_covered_display": "0"}, "missing_lines": [7, 9], "excluded_lines": [], "start_line": 1}}}, "backend/src/api/deps.py": {"executed_lines": [], "summary": {"covered_lines": 0, "num_statements": 319, "percent_covered": 0.0, "percent_covered_display": "0", "missing_lines": 319, "excluded_lines": 0, "percent_statements_covered": 0.0, "percent_statements_covered_display": "0"}, "missing_lines": [7, 8, 9, 10, 12, 13, 15, 16, 17, 18, 19, 20, 21, 22, 23, 24, 26, 29, 31, 34, 40, 41, 44, 52, 53, 54, 62, 63, 65, 66, 67, 70, 71, 74, 86, 87, 88, 89, 90, 93, 94, 95, 103, 105, 106, 107, 109, 110, 111, 114, 115, 118, 120, 121, 122, 126, 127, 129, 130, 132, 133, 135, 136, 138, 139, 141, 142, 144, 145, 148, 149, 151, 152, 155, 159, 160, 161, 162, 163, 165, 168, 172, 173, 174, 175, 176, 178, 181, 185, 186, 187, 188, 189, 191, 194, 198, 199, 200, 201, 202, 204, 207, 211, 212, 213, 214, 215, 217, 220, 224, 225, 226, 227, 228, 230, 233, 237, 238, 239, 240, 241, 243, 246, 250, 251, 252, 253, 254, 256, 259, 263, 264, 265, 266, 267, 269, 272, 273, 274, 275, 276, 277, 280, 281, 282, 286, 287, 290, 301, 302, 303, 304, 305, 309, 311, 314, 315, 318, 321, 322, 323, 324, 325, 329, 330, 333, 335, 336, 337, 338, 339, 340, 341, 342, 343, 344, 347, 357, 358, 360, 362, 363, 364, 365, 366, 368, 370, 373, 376, 389, 390, 395, 397, 398, 400, 401, 406, 410, 411, 412, 413, 419, 422, 427, 428, 429, 430, 431, 432, 433, 434, 435, 446, 447, 448, 449, 450, 453, 458, 459, 460, 465, 466, 469, 471, 472, 473, 474, 475, 476, 486, 487, 488, 489, 492, 494, 495, 496, 501, 502, 505, 511, 512, 513, 518, 519, 520, 521, 522, 523, 524, 527, 534, 535, 537, 538, 539, 541, 542, 548, 549, 550, 554, 555, 556, 557, 558, 563, 566, 569, 577, 580, 581, 589, 590, 591, 592, 595, 596, 604, 605, 606, 607, 608, 611, 614, 619, 621, 622, 623, 624, 626, 629, 631, 632, 633, 643, 647, 648, 651, 652, 660, 661, 662, 663, 672, 673, 674, 675, 676, 679, 680, 688, 689, 690, 691, 692, 694, 695], "excluded_lines": [], "functions": {"get_settings_dep": {"executed_lines": [], "summary": {"covered_lines": 0, "num_statements": 1, "percent_covered": 0.0, "percent_covered_display": "0", "missing_lines": 1, "excluded_lines": 0, "percent_statements_covered": 0.0, "percent_statements_covered_display": "0"}, "missing_lines": [31], "excluded_lines": [], "start_line": 29}, "get_session_history": {"executed_lines": [], "summary": {"covered_lines": 0, "num_statements": 10, "percent_covered": 0.0, "percent_covered_display": "0", "missing_lines": 10, "excluded_lines": 0, "percent_statements_covered": 0.0, "percent_statements_covered_display": "0"}, "missing_lines": [52, 53, 54, 62, 63, 65, 66, 67, 70, 71], "excluded_lines": [], "start_line": 44}, "update_session_history": {"executed_lines": [], "summary": {"covered_lines": 0, "num_statements": 17, "percent_covered": 0.0, "percent_covered_display": "0", "missing_lines": 17, "excluded_lines": 0, "percent_statements_covered": 0.0, "percent_statements_covered_display": "0"}, "missing_lines": [86, 87, 88, 89, 90, 93, 94, 95, 103, 105, 106, 107, 109, 110, 111, 114, 115], "excluded_lines": [], "start_line": 74}, "clear_session": {"executed_lines": [], "summary": {"covered_lines": 0, "num_statements": 3, "percent_covered": 0.0, "percent_covered_display": "0", "missing_lines": 3, "excluded_lines": 0, "percent_statements_covered": 0.0, "percent_statements_covered_display": "0"}, "missing_lines": [120, 121, 122], "excluded_lines": [], "start_line": 118}, "get_coach_agent": {"executed_lines": [], "summary": {"covered_lines": 0, "num_statements": 6, "percent_covered": 0.0, "percent_covered_display": "0", "missing_lines": 6, "excluded_lines": 0, "percent_statements_covered": 0.0, "percent_statements_covered_display": "0"}, "missing_lines": [159, 160, 161, 162, 163, 165], "excluded_lines": [], "start_line": 155}, "get_scout_agent": {"executed_lines": [], "summary": {"covered_lines": 0, "num_statements": 6, "percent_covered": 0.0, "percent_covered_display": "0", "missing_lines": 6, "excluded_lines": 0, "percent_statements_covered": 0.0, "percent_statements_covered_display": "0"}, "missing_lines": [172, 173, 174, 175, 176, 178], "excluded_lines": [], "start_line": 168}, "get_scout_conversational_agent": {"executed_lines": [], "summary": {"covered_lines": 0, "num_statements": 6, "percent_covered": 0.0, "percent_covered_display": "0", "missing_lines": 6, "excluded_lines": 0, "percent_statements_covered": 0.0, "percent_statements_covered_display": "0"}, "missing_lines": [185, 186, 187, 188, 189, 191], "excluded_lines": [], "start_line": 181}, "get_cv_agent": {"executed_lines": [], "summary": {"covered_lines": 0, "num_statements": 6, "percent_covered": 0.0, "percent_covered_display": "0", "missing_lines": 6, "excluded_lines": 0, "percent_statements_covered": 0.0, "percent_statements_covered_display": "0"}, "missing_lines": [198, 199, 200, 201, 202, 204], "excluded_lines": [], "start_line": 194}, "get_cv_adapter_agent": {"executed_lines": [], "summary": {"covered_lines": 0, "num_statements": 6, "percent_covered": 0.0, "percent_covered_display": "0", "missing_lines": 6, "excluded_lines": 0, "percent_statements_covered": 0.0, "percent_statements_covered_display": "0"}, "missing_lines": [211, 212, 213, 214, 215, 217], "excluded_lines": [], "start_line": 207}, "get_interview_sim_agent": {"executed_lines": [], "summary": {"covered_lines": 0, "num_statements": 6, "percent_covered": 0.0, "percent_covered_display": "0", "missing_lines": 6, "excluded_lines": 0, "percent_statements_covered": 0.0, "percent_statements_covered_display": "0"}, "missing_lines": [224, 225, 226, 227, 228, 230], "excluded_lines": [], "start_line": 220}, "get_cv_analyzer_main": {"executed_lines": [], "summary": {"covered_lines": 0, "num_statements": 6, "percent_covered": 0.0, "percent_covered_display": "0", "missing_lines": 6, "excluded_lines": 0, "percent_statements_covered": 0.0, "percent_statements_covered_display": "0"}, "missing_lines": [237, 238, 239, 240, 241, 243], "excluded_lines": [], "start_line": 233}, "get_cv_adapter_main": {"executed_lines": [], "summary": {"covered_lines": 0, "num_statements": 6, "percent_covered": 0.0, "percent_covered_display": "0", "missing_lines": 6, "excluded_lines": 0, "percent_statements_covered": 0.0, "percent_statements_covered_display": "0"}, "missing_lines": [250, 251, 252, 253, 254, 256], "excluded_lines": [], "start_line": 246}, "get_branding_agent": {"executed_lines": [], "summary": {"covered_lines": 0, "num_statements": 6, "percent_covered": 0.0, "percent_covered_display": "0", "missing_lines": 6, "excluded_lines": 0, "percent_statements_covered": 0.0, "percent_statements_covered_display": "0"}, "missing_lines": [263, 264, 265, 266, 267, 269], "excluded_lines": [], "start_line": 259}, "get_supabase_client": {"executed_lines": [], "summary": {"covered_lines": 0, "num_statements": 7, "percent_covered": 0.0, "percent_covered_display": "0", "missing_lines": 7, "excluded_lines": 0, "percent_statements_covered": 0.0, "percent_statements_covered_display": "0"}, "missing_lines": [301, 302, 303, 304, 305, 309, 311], "excluded_lines": [], "start_line": 290}, "get_supabase_anon_client": {"executed_lines": [], "summary": {"covered_lines": 0, "num_statements": 7, "percent_covered": 0.0, "percent_covered_display": "0", "missing_lines": 7, "excluded_lines": 0, "percent_state
[...]
 {"covered_lines": 0, "num_statements": 6, "percent_covered": 0.0, "percent_covered_display": "0", "missing_lines": 6, "excluded_lines": 0, "percent_statements_covered": 0.0, "percent_statements_covered_display": "0"}, "missing_lines": [66, 67, 68, 69, 70, 71], "excluded_lines": [], "start_line": 65}, "timed_lru_cache.decorator.sync_wrapper": {"executed_lines": [], "summary": {"covered_lines": 0, "num_statements": 6, "percent_covered": 0.0, "percent_covered_display": "0", "missing_lines": 6, "excluded_lines": 0, "percent_statements_covered": 0.0, "percent_statements_covered_display": "0"}, "missing_lines": [75, 76, 77, 78, 79, 80], "excluded_lines": [], "start_line": 74}, "_make_cache_key": {"executed_lines": [], "summary": {"covered_lines": 0, "num_statements": 2, "percent_covered": 0.0, "percent_covered_display": "0", "missing_lines": 2, "excluded_lines": 0, "percent_statements_covered": 0.0, "percent_statements_covered_display": "0"}, "missing_lines": [91, 92], "excluded_lines": [], "start_line": 89}, "": {"executed_lines": [7, 8, 9, 10, 11, 13, 14, 21, 24, 50, 89], "summary": {"covered_lines": 11, "num_statements": 11, "percent_covered": 100.0, "percent_covered_display": "100", "missing_lines": 0, "excluded_lines": 0, "percent_statements_covered": 100.0, "percent_statements_covered_display": "100"}, "missing_lines": [], "excluded_lines": [], "start_line": 1}}, "classes": {"": {"executed_lines": [7, 8, 9, 10, 11, 13, 14, 21, 24, 50, 89], "summary": {"covered_lines": 11, "num_statements": 36, "percent_covered": 30.555555555555557, "percent_covered_display": "31", "missing_lines": 25, "excluded_lines": 0, "percent_statements_covered": 30.555555555555557, "percent_statements_covered_display": "31"}, "missing_lines": [42, 61, 62, 64, 65, 66, 67, 68, 69, 70, 71, 73, 74, 75, 76, 77, 78, 79, 80, 82, 83, 84, 86, 91, 92], "excluded_lines": [], "start_line": 1}}}, "backend/src/utils/logger.py": {"executed_lines": [7, 8, 10, 13, 16, 23, 25, 31, 69], "summary": {"covered_lines": 9, "num_statements": 31, "percent_covered": 29.032258064516128, "percent_covered_display": "29", "missing_lines": 22, "excluded_lines": 0, "percent_statements_covered": 29.032258064516128, "percent_statements_covered_display": "29"}, "missing_lines": [26, 27, 28, 38, 41, 42, 45, 48, 49, 51, 52, 54, 56, 57, 58, 61, 62, 63, 64, 65, 66, 79], "excluded_lines": [], "functions": {"ColoredFormatter.format": {"executed_lines": [], "summary": {"covered_lines": 0, "num_statements": 3, "percent_covered": 0.0, "percent_covered_display": "0", "missing_lines": 3, "excluded_lines": 0, "percent_statements_covered": 0.0, "percent_statements_covered_display": "0"}, "missing_lines": [26, 27, 28], "excluded_lines": [], "start_line": 25}, "setup_logging": {"executed_lines": [], "summary": {"covered_lines": 0, "num_statements": 18, "percent_covered": 0.0, "percent_covered_display": "0", "missing_lines": 18, "excluded_lines": 0, "percent_statements_covered": 0.0, "percent_statements_covered_display": "0"}, "missing_lines": [38, 41, 42, 45, 48, 49, 51, 52, 54, 56, 57, 58, 61, 62, 63, 64, 65, 66], "excluded_lines": [], "start_line": 31}, "get_logger": {"executed_lines": [], "summary": {"covered_lines": 0, "num_statements": 1, "percent_covered": 0.0, "percent_covered_display": "0", "missing_lines": 1, "excluded_lines": 0, "percent_statements_covered": 0.0, "percent_statements_covered_display": "0"}, "missing_lines": [79], "excluded_lines": [], "start_line": 69}, "": {"executed_lines": [7, 8, 10, 13, 16, 23, 25, 31, 69], "summary": {"covered_lines": 9, "num_statements": 9, "percent_covered": 100.0, "percent_covered_display": "100", "missing_lines": 0, "excluded_lines": 0, "percent_statements_covered": 100.0, "percent_statements_covered_display": "100"}, "missing_lines": [], "excluded_lines": [], "start_line": 1}}, "classes": {"ColoredFormatter": {"executed_lines": [], "summary": {"covered_lines": 0, "num_statements": 3, "percent_covered": 0.0, "percent_covered_display": "0", "missing_lines": 3, "excluded_lines": 0, "percent_statements_covered": 0.0, "percent_statements_covered_display": "0"}, "missing_lines": [26, 27, 28], "excluded_lines": [], "start_line": 13}, "": {"executed_lines": [7, 8, 10, 13, 16, 23, 25, 31, 69], "summary": {"covered_lines": 9, "num_statements": 28, "percent_covered": 32.142857142857146, "percent_covered_display": "32", "missing_lines": 19, "excluded_lines": 0, "percent_statements_covered": 32.142857142857146, "percent_statements_covered_display": "32"}, "missing_lines": [38, 41, 42, 45, 48, 49, 51, 52, 54, 56, 57, 58, 61, 62, 63, 64, 65, 66, 79], "excluded_lines": [], "start_line": 1}}}, "backend/src/utils/url_validator.py": {"executed_lines": [8, 11, 42, 51, 74], "summary": {"covered_lines": 5, "num_statements": 24, "percent_covered": 20.833333333333332, "percent_covered_display": "21", "missing_lines": 19, "excluded_lines": 0, "percent_statements_covered": 20.833333333333332, "percent_statements_covered_display": "21"}, "missing_lines": [62, 63, 65, 67, 68, 69, 71, 88, 89, 91, 92, 95, 96, 99, 100, 103, 104, 105, 107], "excluded_lines": [], "functions": {"is_direct_job_url": {"executed_lines": [], "summary": {"covered_lines": 0, "num_statements": 7, "percent_covered": 0.0, "percent_covered_display": "0", "missing_lines": 7, "excluded_lines": 0, "percent_statements_covered": 0.0, "percent_statements_covered_display": "0"}, "missing_lines": [62, 63, 65, 67, 68, 69, 71], "excluded_lines": [], "start_line": 51}, "is_description_truncated": {"executed_lines": [], "summary": {"covered_lines": 0, "num_statements": 12, "percent_covered": 0.0, "percent_covered_display": "0", "missing_lines": 12, "excluded_lines": 0, "percent_statements_covered": 0.0, "percent_statements_covered_display": "0"}, "missing_lines": [88, 89, 91, 92, 95, 96, 99, 100, 103, 104, 105, 107], "excluded_lines": [], "start_line": 74}, "": {"executed_lines": [8, 11, 42, 51, 74], "summary": {"covered_lines": 5, "num_statements": 5, "percent_covered": 100.0, "percent_covered_display": "100", "missing_lines": 0, "excluded_lines": 0, "percent_statements_covered": 100.0, "percent_statements_covered_display": "100"}, "missing_lines": [], "excluded_lines": [], "start_line": 1}}, "classes": {"": {"executed_lines": [8, 11, 42, 51, 74], "summary": {"covered_lines": 5, "num_statements": 24, "percent_covered": 20.833333333333332, "percent_covered_display": "21", "missing_lines": 19, "excluded_lines": 0, "percent_statements_covered": 20.833333333333332, "percent_statements_covered_display": "21"}, "missing_lines": [62, 63, 65, 67, 68, 69, 71, 88, 89, 91, 92, 95, 96, 99, 100, 103, 104, 105, 107], "excluded_lines": [], "start_line": 1}}}, "backend/src/workers/__init__.py": {"executed_lines": [], "summary": {"covered_lines": 0, "num_statements": 0, "percent_covered": 100.0, "percent_covered_display": "100", "missing_lines": 0, "excluded_lines": 0, "percent_statements_covered": 100.0, "percent_statements_covered_display": "100"}, "missing_lines": [], "excluded_lines": [], "functions": {"": {"executed_lines": [], "summary": {"covered_lines": 0, "num_statements": 0, "percent_covered": 100.0, "percent_covered_display": "100", "missing_lines": 0, "excluded_lines": 0, "percent_statements_covered": 100.0, "percent_statements_covered_display": "100"}, "missing_lines": [], "excluded_lines": [], "start_line": 1}}, "classes": {"": {"executed_lines": [], "summary": {"covered_lines": 0, "num_statements": 0, "percent_covered": 100.0, "percent_covered_display": "100", "missing_lines": 0, "excluded_lines": 0, "percent_statements_covered": 100.0, "percent_statements_covered_display": "100"}, "missing_lines": [], "excluded_lines": [], "start_line": 1}}}, "backend/src/workers/settings.py": {"executed_lines": [], "summary": {"covered_lines": 0, "num_statements": 18, "percent_covered": 0.0, "percent_covered_display": "0", "missing_lines": 18, "excluded_lines": 0, "percent_statements_covered": 0.0, "percent_statements_covered_display": "0"}, "missing_lines": [9, 11, 13, 24, 26, 27, 28, 29, 36, 37, 38, 39, 40, 41, 42, 43, 44, 45], "excluded_lines": [], "functions": {"_get_redis_settings": {"executed_lines": [], "summary": {"covered_lines": 0, "num_statements": 4, "percent_covered": 0.0, "percent_covered_display": "0", "missing_lines": 4, "excluded_lines": 0, "percent_statements_covered": 0.0, "percent_statements_covered_display": "0"}, "missing_lines": [26, 27, 28, 29], "excluded_lines": [], "start_line": 24}, "": {"executed_lines": [], "summary": {"covered_lines": 0, "num_statements": 14, "percent_covered": 0.0, "percent_covered_display": "0", "missing_lines": 14, "excluded_lines": 0, "percent_statements_covered": 0.0, "percent_statements_covered_display": "0"}, "missing_lines": [9, 11, 13, 24, 36, 37, 38, 39, 40, 41, 42, 43, 44, 45], "excluded_lines": [], "start_line": 1}}, "classes": {"WorkerSettings": {"executed_lines": [], "summary": {"covered_lines": 0, "num_statements": 0, "percent_covered": 100.0, "percent_covered_display": "100", "missing_lines": 0, "excluded_lines": 0, "percent_statements_covered": 100.0, "percent_statements_covered_display": "100"}, "missing_lines": [], "excluded_lines": [], "start_line": 36}, "": {"executed_lines": [], "summary": {"covered_lines": 0, "num_statements": 18, "percent_covered": 0.0, "percent_covered_display": "0", "missing_lines": 18, "excluded_lines": 0, "percent_statements_covered": 0.0, "percent_statements_covered_display": "0"}, "missing_lines": [9, 11, 13, 24, 26, 27, 28, 29, 36, 37, 38, 39, 40, 41, 42, 43, 44, 45], "excluded_lines": [], "start_line": 1}}}, "backend/src/workers/stress_settings.py": {"executed_lines": [], "summary": {"covered_lines": 0, "num_statements": 16, "percent_covered": 0.0, "percent_covered_display": "0", "missing_lines": 16, "excluded_lines": 0, "percent_statements_covered": 0.0, "percent_statements_covered_display": "0"}, "missing_lines": [8, 10, 12, 15, 16, 17, 18, 19, 26, 27, 28, 29, 30, 31, 32, 33], "excluded_lines": [], "functions": {"_get_redis_settings": {"executed_lines": [], "summary": {"covered_lines": 0, "num_statements": 4, "percent_covered": 0.0, "percent_covered_display": "0", "missing_lines": 4, "excluded_lines": 0, "percent_statements_covered": 0.0, "percent_statements_covered_display": "0"}, "missing_lines": [16, 17, 18, 19], "excluded_lines": [], "start_line": 15}, "": {"executed_lines": [], "summary": {"covered_lines": 0, "num_statements": 12, "percent_covered": 0.0, "percent_covered_display": "0", "missing_lines": 12, "excluded_lines": 0, "percent_statements_covered": 0.0, "percent_statements_covered_display": "0"}, "missing_lines": [8, 10, 12, 15, 26, 27, 28, 29, 30, 31, 32, 33], "excluded_lines": [], "start_line": 1}}, "classes": {"StressWorkerSettings": {"executed_lines": [], "summary": {"covered_lines": 0, "num_statements": 0, "percent_covered": 100.0, "percent_covered_display": "100", "missing_lines": 0, "excluded_lines": 0, "percent_statements_covered": 100.0, "percent_statements_covered_display": "100"}, "missing_lines": [], "excluded_lines": [], "start_line": 26}, "": {"executed_lines": [], "summary": {"covered_lines": 0, "num_statements": 16, "percent_covered": 0.0, "percent_covered_display": "0", "missing_lines": 16, "excluded_lines": 0, "percent_statements_covered": 0.0, "percent_statements_covered_display": "0"}, "missing_lines": [8, 10, 12, 15, 16, 17, 18, 19, 26, 27, 28, 29, 30, 31, 32, 33], "excluded_lines": [], "start_line": 1}}}, "backend/src/workers/stress_worker.py": {"executed_lines": [], "summary": {"covered_lines": 0, "num_statements": 105, "percent_covered": 0.0, "percent_covered_display": "0", "missing_lines": 105, "excluded_lines": 0, "percent_statements_covered": 0.0, "percent_statements_covered_display": "0"}, "missing_lines": [11, 12, 13, 14, 15, 16, 18, 20, 22, 24, 27, 55, 56, 57, 58, 59, 60, 63, 70, 71, 72, 73, 74, 76, 77, 78, 79, 80, 81, 83, 84, 85, 86, 88, 89, 92, 106, 107, 109, 110, 113, 114, 118, 119, 121, 122, 123, 124, 126, 127, 128, 130, 131, 132, 135, 136, 137, 138, 141, 142, 143, 146, 147, 149, 152, 153, 154, 155, 156, 158, 161, 162, 163, 164, 165, 168, 169, 170, 171, 178, 179, 180, 181, 182, 183, 185, 201, 202, 204, 207, 208, 209, 212, 213, 215, 217, 218, 219, 220, 223, 224, 237, 238, 241, 243], "excluded_lines": [], "functions": {"_percentile": {"executed_lines": [], "summary": {"covered_lines": 0, "num_statements": 5, "percent_covered": 0.0, "percent_covered_display": "0", "missing_lines": 5, "excluded_lines": 0, "percent_statements_covered": 0.0, "percent_statements_covered_display": "0"}, "missing_lines": [56, 57, 58, 59, 60], "excluded_lines": [], "start_line": 55}, "_make_request": {"executed_lines": [], "summary": {"covered_lines": 0, "num_statements": 17, "percent_covered": 0.0, "percent_covered_display": "0", "missing_lines": 17, "excluded_lines": 0, "percent_statements_covered": 0.0, "percent_statements_covered_display": "0"}, "missing_lines": [70, 71, 72, 73, 74, 76, 77, 78, 79, 80, 81, 83, 84, 85, 86, 88, 89], "excluded_lines": [], "start_line": 63}, "stress_test_task": {"executed_lines": [], "summary": {"covered_lines": 0, "num_statements": 69, "percent_covered": 0.0, "percent_covered_display": "0", "missing_lines": 69, "excluded_lines": 0, "percent_statements_covered": 0.0, "percent_statements_covered_display": "0"}, "missing_lines": [106, 107, 109, 110, 113, 114, 118, 119, 121, 122, 123, 124, 126, 127, 128, 130, 131, 132, 135, 136, 137, 138, 141, 142, 143, 146, 147, 149, 152, 153, 154, 155, 156, 158, 161, 162, 163, 164, 165, 168, 169, 170, 171, 178, 179, 180, 181, 182, 183, 185, 201, 202, 204, 207, 208, 209, 212, 213, 215, 217, 218, 219, 220, 223, 224, 237, 238, 241, 243], "excluded_lines": [], "start_line": 92}, "": {"executed_lines": [], "summary": {"covered_lines": 0, "num_statements": 14, "percent_covered": 0.0, "percent_covered_display": "0", "missing_lines": 14, "excluded_lines": 0, "percent_statements_covered": 0.0, "percent_statements_covered_display": "0"}, "missing_lines": [11, 12, 13, 14, 15, 16, 18, 20, 22, 24, 27, 55, 63, 92], "excluded_lines": [], "start_line": 1}}, "classes": {"": {"executed_lines": [], "summary": {"covered_lines": 0, "num_statements": 105, "percent_covered": 0.0, "percent_covered_display": "0", "missing_lines": 105, "excluded_lines": 0, "percent_statements_covered": 0.0, "percent_statements_covered_display": "0"}, "missing_lines": [11, 12, 13, 14, 15, 16, 18, 20, 22, 24, 27, 55, 56, 57, 58, 59, 60, 63, 70, 71, 72, 73, 74, 76, 77, 78, 79, 80, 81, 83, 84, 85, 86, 88, 89, 92, 106, 107, 109, 110, 113, 114, 118, 119, 121, 122, 123, 124, 126, 127, 128, 130, 131, 132, 135, 136, 137, 138, 141, 142, 143, 146, 147, 149, 152, 153, 154, 155, 156, 158, 161, 162, 163, 164, 165, 168, 169, 170, 171, 178, 179, 180, 181, 182, 183, 185, 201, 202, 204, 207, 208, 209, 212, 213, 215, 217, 218, 219, 220, 223, 224, 237, 238, 241, 243], "excluded_lines": [], "start_line": 1}}}, "backend/src/workers/tasks.py": {"executed_lines": [], "summary": {"covered_lines": 0, "num_statements": 85, "percent_covered": 0.0, "percent_covered_display": "0", "missing_lines": 85, "excluded_lines": 0, "percent_statements_covered": 0.0, "percent_statements_covered_display": "0"}, "missing_lines": [13, 16, 21, 23, 25, 26, 28, 29, 36, 37, 39, 44, 58, 65, 67, 68, 69, 70, 71, 72, 73, 74, 76, 78, 79, 80, 81, 82, 83, 84, 86, 91, 98, 100, 102, 103, 109, 114, 123, 125, 127, 128, 136, 141, 143, 144, 147, 149, 150, 151, 152, 156, 161, 163, 164, 166, 167, 169, 170, 173, 175, 177, 179, 180, 181, 189, 190, 191, 192, 193, 194, 199, 202, 203, 204, 212, 213, 214, 215, 216, 217, 222, 224, 225, 226], "excluded_lines": [], "functions": {"coach_task": {"executed_lines": [], "summary": {"covered_lines": 0, "num_statements": 8, "percent_covered": 0.0, "percent_covered_display": "0", "missing_lines": 8, "excluded_lines": 0, "percent_statements_covered": 0.0, "percent_statements_covered_display": "0"}, "missing_lines": [23, 25, 26, 28, 29, 36, 37, 39], "excluded_lines": [], "start_line": 21}, "assistant_task": {"executed_lines": [], "summary": {"covered_lines": 0, "num_statements": 19, "percent_covered": 0.0, "percent_covered_display": "0", "missing_lines": 19, "excluded_lines": 0, "percent_statements_covered": 0.0, "percent_statements_covered_display": "0"}, "missing_lines": [58, 65, 67, 68, 69, 70, 71, 72, 73, 74, 76, 78, 79, 80, 81, 82, 83, 84, 86], "excluded_lines": [], "start_line": 44}, "cv_adapt_task": {"executed_lines": [], "summary": {"covered_lines": 0, "num_statements": 5, "percent_covered": 0.0, "percent_covered_display": "0", "missing_lines": 5, "excluded_lines": 0, "percent_statements_covered": 0.0, "percent_statements_covered_display": "0"}, "missing_lines": [98, 100, 102, 103, 109], "excluded_lines": [], "start_line": 91}, "cover_letter_task": {"executed_lines": [], "summary": {"covered_lines": 0, "num_statements": 5, "percent_covered": 0.0, "percent_covered_display": "0", "missing_lines": 5, "excluded_lines": 0, "percent_statements_covered": 0.0, "percent_statements_covered_display": "0"}, "missing_lines": [123, 125, 127, 128, 136], "excluded_lines": [], "start_line": 114}, "startup": {"executed_lines": [], "summary": {"covered_lines": 0, "num_statements": 2, "percent_covered": 0.0, "percent_covered_display": "0", "missing_lines": 2, "excluded_lines": 0, "percent_statements_covered": 0.0, "percent_statements_covered_display": "0"}, "missing_lines": [143, 144], "excluded_lines": [], "start_line": 141}, "shutdown": {"executed_lines": [], "summary": {"covered_lines": 0, "num_statements": 4, "percent_covered": 0.0, "percent_covered_display": "0", "missing_lines": 4, "excluded_lines": 0, "percent_statements_covered": 0.0, "percent_statements_covered_display": "0"}, "missing_lines": [149, 150, 151, 152], "excluded_lines": [], "start_line": 147}, "notify_expiring_plans": {"executed_lines": [], "summary": {"covered_lines": 0, "num_statements": 31, "percent_covered": 0.0, "percent_covered_display": "0", "missing_lines": 31, "excluded_lines": 0, "percent_statements_covered": 0.0, "percent_statements_covered_display": "0"}, "missing_lines": [161, 163, 164, 166, 167, 169, 175, 177, 179, 180, 181, 189, 190, 191, 192, 193, 194, 199, 202, 203, 204, 212, 213, 214, 215, 216, 217, 222, 224, 225, 226], "excluded_lines": [], "start_line": 156}, "notify_expiring_plans._get_plan_name": {"executed_lines": [], "summary": {"covered_lines": 0, "num_statements": 2, "percent_covered": 0.0, "percent_covered_display": "0", "missing_lines": 2, "excluded_lines": 0, "percent_statements_covered": 0.0, "percent_statements_covered_display": "0"}, "missing_lines": [170, 173], "excluded_lines": [], "start_line": 169}, "": {"executed_lines": [], "summary": {"covered_lines": 0, "num_statements": 9, "percent_covered": 0.0, "percent_covered_display": "0", "missing_lines": 9, "excluded_lines": 0, "percent_statements_covered": 0.0, "percent_statements_covered_display": "0"}, "missing_lines": [13, 16, 21, 44, 91, 114, 141, 147, 156], "excluded_lines": [], "start_line": 1}}, "classes": {"": {"executed_lines": [], "summary": {"covered_lines": 0, "num_statements": 85, "percent_covered": 0.0, "percent_covered_display": "0", "missing_lines": 85, "excluded_lines": 0, "percent_statements_covered": 0.0, "percent_statements_covered_display": "0"}, "missing_lines": [13, 16, 21, 23, 25, 26, 28, 29, 36, 37, 39, 44, 58, 65, 67, 68, 69, 70, 71, 72, 73, 74, 76, 78, 79, 80, 81, 82, 83, 84, 86, 91, 98, 100, 102, 103, 109, 114, 123, 125, 127, 128, 136, 141, 143, 144, 147, 149, 150, 151, 152, 156, 161, 163, 164, 166, 167, 169, 170, 173, 175, 177, 179, 180, 181, 189, 190, 191, 192, 193, 194, 199, 202, 203, 204, 212, 213, 214, 215, 216, 217, 222, 224, 225, 226], "excluded_lines": [], "start_line": 1}}}}, "totals": {"covered_lines": 308, "num_statements": 11063, "percent_covered": 2.7840549579680016, "percent_covered_display": "3", "missing_lines": 10755, "excluded_lines": 3, "percent_statements_covered": 2.7840549579680016, "percent_statements_covered_display": "3"}}